[2025-07-15T05:21:33.765+0000] {local_task_job_runner.py:120} INFO - ::group::Pre task execution logs
[2025-07-15T05:21:33.799+0000] {taskinstance.py:2076} INFO - Dependencies all met for dep_context=non-requeueable deps ti=<TaskInstance: airflights_etl_pipeline.load scheduled__2025-07-15T05:06:00+00:00 [queued]>
[2025-07-15T05:21:33.811+0000] {taskinstance.py:2076} INFO - Dependencies all met for dep_context=requeueable deps ti=<TaskInstance: airflights_etl_pipeline.load scheduled__2025-07-15T05:06:00+00:00 [queued]>
[2025-07-15T05:21:33.812+0000] {taskinstance.py:2306} INFO - Starting attempt 1 of 2
[2025-07-15T05:21:33.832+0000] {taskinstance.py:2330} INFO - Executing <Task(PythonOperator): load> on 2025-07-15 05:06:00+00:00
[2025-07-15T05:21:33.843+0000] {logging_mixin.py:188} WARNING - /home/airflow/.local/lib/python3.12/site-packages/airflow/task/task_runner/standard_task_runner.py:61 DeprecationWarning: This process (pid=4250) is multi-threaded, use of fork() may lead to deadlocks in the child.
[2025-07-15T05:21:33.843+0000] {standard_task_runner.py:90} INFO - Running: ['airflow', 'tasks', 'run', 'airflights_etl_pipeline', 'load', 'scheduled__2025-07-15T05:06:00+00:00', '--job-id', '2106', '--raw', '--subdir', 'DAGS_FOLDER/airflight_pipeline.py', '--cfg-path', '/tmp/tmpoy9kcrne']
[2025-07-15T05:21:33.844+0000] {standard_task_runner.py:63} INFO - Started process 4256 to run task
[2025-07-15T05:21:33.845+0000] {standard_task_runner.py:91} INFO - Job 2106: Subtask load
[2025-07-15T05:21:33.863+0000] {logging_mixin.py:188} WARNING - /home/airflow/.local/lib/python3.12/site-packages/airflow/settings.py:195 DeprecationWarning: The sql_alchemy_conn option in [core] has been moved to the sql_alchemy_conn option in [database] - the old setting has been used, but please update your config.
[2025-07-15T05:21:33.904+0000] {task_command.py:426} INFO - Running <TaskInstance: airflights_etl_pipeline.load scheduled__2025-07-15T05:06:00+00:00 [running]> on host 5a1293588d06
[2025-07-15T05:21:34.303+0000] {taskinstance.py:2648} INFO - Exporting env vars: AIRFLOW_CTX_DAG_OWNER='airflow' AIRFLOW_CTX_DAG_ID='airflights_etl_pipeline' AIRFLOW_CTX_TASK_ID='load' AIRFLOW_CTX_EXECUTION_DATE='2025-07-15T05:06:00+00:00' AIRFLOW_CTX_TRY_NUMBER='1' AIRFLOW_CTX_DAG_RUN_ID='scheduled__2025-07-15T05:06:00+00:00'
[2025-07-15T05:21:34.306+0000] {taskinstance.py:430} INFO - ::endgroup::
[2025-07-15T05:21:34.323+0000] {logging_mixin.py:188} INFO - Membaca file summary: /opt/airflow/data/output/transformed.parquet
[2025-07-15T05:21:34.372+0000] {logging_mixin.py:188} INFO - Summary: 15 rows, 3 columns
[2025-07-15T05:21:34.455+0000] {logging_mixin.py:188} INFO - Summary disimpan ke tabel: flights_summary
[2025-07-15T05:21:34.461+0000] {logging_mixin.py:188} INFO - Membaca file full: /opt/airflow/data/output/transformed.parquet
[2025-07-15T05:21:34.472+0000] {logging_mixin.py:188} INFO - Full: 15 rows, 3 columns
[2025-07-15T05:21:34.511+0000] {logging_mixin.py:188} INFO - Full disimpan ke tabel: flights_full
[2025-07-15T05:21:34.516+0000] {logging_mixin.py:188} INFO - Kedua dataset berhasil dimuat ke PostgreSQL.
[2025-07-15T05:21:34.517+0000] {python.py:237} INFO - Done. Returned value was: None
[2025-07-15T05:21:34.518+0000] {taskinstance.py:441} INFO - ::group::Post task execution logs
[2025-07-15T05:21:34.536+0000] {taskinstance.py:1206} INFO - Marking task as SUCCESS. dag_id=airflights_etl_pipeline, task_id=load, run_id=scheduled__2025-07-15T05:06:00+00:00, execution_date=20250715T050600, start_date=20250715T052133, end_date=20250715T052134
[2025-07-15T05:21:34.582+0000] {local_task_job_runner.py:240} INFO - Task exited with return code 0
[2025-07-15T05:21:34.607+0000] {taskinstance.py:3498} INFO - 0 downstream tasks scheduled from follow-on schedule check
[2025-07-15T05:21:34.610+0000] {local_task_job_runner.py:222} INFO - ::endgroup::
