[2025-07-14T05:00:03.660+0000] {local_task_job_runner.py:120} INFO - ::group::Pre task execution logs
[2025-07-14T05:00:03.703+0000] {taskinstance.py:2076} INFO - Dependencies all met for dep_context=non-requeueable deps ti=<TaskInstance: airflights_etl_pipeline.transform scheduled__2025-07-14T04:58:00+00:00 [queued]>
[2025-07-14T05:00:03.716+0000] {taskinstance.py:2076} INFO - Dependencies all met for dep_context=requeueable deps ti=<TaskInstance: airflights_etl_pipeline.transform scheduled__2025-07-14T04:58:00+00:00 [queued]>
[2025-07-14T05:00:03.751+0000] {taskinstance.py:2306} INFO - Starting attempt 1 of 2
[2025-07-14T05:00:03.770+0000] {taskinstance.py:2330} INFO - Executing <Task(PythonOperator): transform> on 2025-07-14 04:58:00+00:00
[2025-07-14T05:00:03.783+0000] {logging_mixin.py:188} WARNING - /home/airflow/.local/lib/python3.12/site-packages/airflow/task/task_runner/standard_task_runner.py:61 DeprecationWarning: This process (pid=2675) is multi-threaded, use of fork() may lead to deadlocks in the child.
[2025-07-14T05:00:03.782+0000] {standard_task_runner.py:90} INFO - Running: ['airflow', 'tasks', 'run', 'airflights_etl_pipeline', 'transform', 'scheduled__2025-07-14T04:58:00+00:00', '--job-id', '534', '--raw', '--subdir', 'DAGS_FOLDER/airflight_pipeline.py', '--cfg-path', '/tmp/tmpz0h47_tu']
[2025-07-14T05:00:03.784+0000] {standard_task_runner.py:63} INFO - Started process 2681 to run task
[2025-07-14T05:00:03.784+0000] {standard_task_runner.py:91} INFO - Job 534: Subtask transform
[2025-07-14T05:00:03.804+0000] {logging_mixin.py:188} WARNING - /home/airflow/.local/lib/python3.12/site-packages/airflow/settings.py:195 DeprecationWarning: The sql_alchemy_conn option in [core] has been moved to the sql_alchemy_conn option in [database] - the old setting has been used, but please update your config.
[2025-07-14T05:00:03.846+0000] {task_command.py:426} INFO - Running <TaskInstance: airflights_etl_pipeline.transform scheduled__2025-07-14T04:58:00+00:00 [running]> on host 5a1293588d06
[2025-07-14T05:00:04.207+0000] {taskinstance.py:2648} INFO - Exporting env vars: AIRFLOW_CTX_DAG_OWNER='airflow' AIRFLOW_CTX_DAG_ID='airflights_etl_pipeline' AIRFLOW_CTX_TASK_ID='transform' AIRFLOW_CTX_EXECUTION_DATE='2025-07-14T04:58:00+00:00' AIRFLOW_CTX_TRY_NUMBER='1' AIRFLOW_CTX_DAG_RUN_ID='scheduled__2025-07-14T04:58:00+00:00'
[2025-07-14T05:00:04.209+0000] {taskinstance.py:430} INFO - ::endgroup::
[2025-07-14T05:00:04.251+0000] {logging_mixin.py:188} INFO - Data loaded: 5000 rows, 21 columns
[2025-07-14T05:00:04.252+0000] {logging_mixin.py:188} INFO - Columns found: ['YearFlight', 'MonthFlight', 'DayofMonth', 'DayOfWeek', 'DepTime', 'ArrTime', 'UniqueCarrier', 'FlightNum', 'TailNum', 'ActualElapsedTime', 'AirTime', 'ArrDelay', 'DepDelay', 'Origin', 'Dest', 'Distance', 'TaxiIn', 'TaxiOut', 'Cancelled', 'CancellationCode', 'Diverted']
[2025-07-14T05:00:04.257+0000] {logging_mixin.py:188} INFO - Dropped 65 rows with missing DepDelay or ArrDelay.
[2025-07-14T05:00:04.257+0000] {logging_mixin.py:188} INFO - Kolom DepTime tidak ditemukan, TimeOfDay dilewati.
[2025-07-14T05:00:04.293+0000] {logging_mixin.py:188} INFO - Transformed data saved to: /opt/airflow/data/output/transformed.parquet
[2025-07-14T05:00:04.294+0000] {python.py:237} INFO - Done. Returned value was: None
[2025-07-14T05:00:04.294+0000] {taskinstance.py:441} INFO - ::group::Post task execution logs
[2025-07-14T05:00:04.307+0000] {taskinstance.py:1206} INFO - Marking task as SUCCESS. dag_id=airflights_etl_pipeline, task_id=transform, run_id=scheduled__2025-07-14T04:58:00+00:00, execution_date=20250714T045800, start_date=20250714T050003, end_date=20250714T050004
[2025-07-14T05:00:04.400+0000] {local_task_job_runner.py:240} INFO - Task exited with return code 0
[2025-07-14T05:00:04.429+0000] {taskinstance.py:3498} INFO - 0 downstream tasks scheduled from follow-on schedule check
[2025-07-14T05:00:04.433+0000] {local_task_job_runner.py:222} INFO - ::endgroup::
