[2025-07-15T08:44:01.266+0000] {local_task_job_runner.py:120} INFO - ::group::Pre task execution logs
[2025-07-15T08:44:01.304+0000] {taskinstance.py:2076} INFO - Dependencies all met for dep_context=non-requeueable deps ti=<TaskInstance: airflights_etl_pipeline.extract_task.extract2 scheduled__2025-07-15T08:42:00+00:00 [queued]>
[2025-07-15T08:44:01.316+0000] {taskinstance.py:2076} INFO - Dependencies all met for dep_context=requeueable deps ti=<TaskInstance: airflights_etl_pipeline.extract_task.extract2 scheduled__2025-07-15T08:42:00+00:00 [queued]>
[2025-07-15T08:44:01.350+0000] {taskinstance.py:2306} INFO - Starting attempt 1 of 2
[2025-07-15T08:44:01.377+0000] {taskinstance.py:2330} INFO - Executing <Task(PythonOperator): extract_task.extract2> on 2025-07-15 08:42:00+00:00
[2025-07-15T08:44:01.394+0000] {logging_mixin.py:188} WARNING - /home/airflow/.local/lib/python3.12/site-packages/airflow/task/task_runner/standard_task_runner.py:61 DeprecationWarning: This process (pid=10141) is multi-threaded, use of fork() may lead to deadlocks in the child.
[2025-07-15T08:44:01.396+0000] {standard_task_runner.py:63} INFO - Started process 10152 to run task
[2025-07-15T08:44:01.394+0000] {standard_task_runner.py:90} INFO - Running: ['airflow', 'tasks', 'run', 'airflights_etl_pipeline', 'extract_task.extract2', 'scheduled__2025-07-15T08:42:00+00:00', '--job-id', '2968', '--raw', '--subdir', 'DAGS_FOLDER/airflight_pipeline.py', '--cfg-path', '/tmp/tmp7fq_zp5q']
[2025-07-15T08:44:01.397+0000] {standard_task_runner.py:91} INFO - Job 2968: Subtask extract_task.extract2
[2025-07-15T08:44:01.418+0000] {logging_mixin.py:188} WARNING - /home/airflow/.local/lib/python3.12/site-packages/airflow/settings.py:195 DeprecationWarning: The sql_alchemy_conn option in [core] has been moved to the sql_alchemy_conn option in [database] - the old setting has been used, but please update your config.
[2025-07-15T08:44:01.473+0000] {task_command.py:426} INFO - Running <TaskInstance: airflights_etl_pipeline.extract_task.extract2 scheduled__2025-07-15T08:42:00+00:00 [running]> on host 5a1293588d06
[2025-07-15T08:44:01.955+0000] {taskinstance.py:2648} INFO - Exporting env vars: AIRFLOW_CTX_DAG_OWNER='airflow' AIRFLOW_CTX_DAG_ID='airflights_etl_pipeline' AIRFLOW_CTX_TASK_ID='extract_task.extract2' AIRFLOW_CTX_EXECUTION_DATE='2025-07-15T08:42:00+00:00' AIRFLOW_CTX_TRY_NUMBER='1' AIRFLOW_CTX_DAG_RUN_ID='scheduled__2025-07-15T08:42:00+00:00'
[2025-07-15T08:44:01.956+0000] {taskinstance.py:430} INFO - ::endgroup::
[2025-07-15T08:44:02.048+0000] {logging_mixin.py:188} INFO - Extracted batch 2 to /opt/airflow/data/output/extracted_batch2.csv
[2025-07-15T08:44:02.048+0000] {python.py:237} INFO - Done. Returned value was: None
[2025-07-15T08:44:02.049+0000] {taskinstance.py:441} INFO - ::group::Post task execution logs
[2025-07-15T08:44:02.061+0000] {taskinstance.py:1206} INFO - Marking task as SUCCESS. dag_id=airflights_etl_pipeline, task_id=extract_task.extract2, run_id=scheduled__2025-07-15T08:42:00+00:00, execution_date=20250715T084200, start_date=20250715T084401, end_date=20250715T084402
[2025-07-15T08:44:02.132+0000] {local_task_job_runner.py:240} INFO - Task exited with return code 0
[2025-07-15T08:44:02.154+0000] {taskinstance.py:3498} INFO - 0 downstream tasks scheduled from follow-on schedule check
[2025-07-15T08:44:02.162+0000] {local_task_job_runner.py:222} INFO - ::endgroup::
