[2025-07-16T06:29:43.824+0000] {local_task_job_runner.py:120} INFO - ::group::Pre task execution logs
[2025-07-16T06:29:43.944+0000] {taskinstance.py:2076} INFO - Dependencies all met for dep_context=non-requeueable deps ti=<TaskInstance: airflights_etl_pipeline.extract_task.extract2 scheduled__2025-07-16T05:24:00+00:00 [queued]>
[2025-07-16T06:29:43.983+0000] {taskinstance.py:2076} INFO - Dependencies all met for dep_context=requeueable deps ti=<TaskInstance: airflights_etl_pipeline.extract_task.extract2 scheduled__2025-07-16T05:24:00+00:00 [queued]>
[2025-07-16T06:29:44.009+0000] {taskinstance.py:2306} INFO - Starting attempt 1 of 2
[2025-07-16T06:29:44.052+0000] {taskinstance.py:2330} INFO - Executing <Task(PythonOperator): extract_task.extract2> on 2025-07-16 05:24:00+00:00
[2025-07-16T06:29:44.116+0000] {logging_mixin.py:188} WARNING - /home/airflow/.local/lib/python3.12/site-packages/airflow/task/task_runner/standard_task_runner.py:61 DeprecationWarning: This process (pid=4768) is multi-threaded, use of fork() may lead to deadlocks in the child.
[2025-07-16T06:29:44.109+0000] {standard_task_runner.py:90} INFO - Running: ['airflow', 'tasks', 'run', 'airflights_etl_pipeline', 'extract_task.extract2', 'scheduled__2025-07-16T05:24:00+00:00', '--job-id', '3931', '--raw', '--subdir', 'DAGS_FOLDER/airflight_pipeline.py', '--cfg-path', '/tmp/tmpzv4xalr2']
[2025-07-16T06:29:44.124+0000] {standard_task_runner.py:63} INFO - Started process 4791 to run task
[2025-07-16T06:29:44.129+0000] {standard_task_runner.py:91} INFO - Job 3931: Subtask extract_task.extract2
[2025-07-16T06:29:44.208+0000] {logging_mixin.py:188} WARNING - /home/airflow/.local/lib/python3.12/site-packages/airflow/settings.py:195 DeprecationWarning: The sql_alchemy_conn option in [core] has been moved to the sql_alchemy_conn option in [database] - the old setting has been used, but please update your config.
[2025-07-16T06:29:44.438+0000] {task_command.py:426} INFO - Running <TaskInstance: airflights_etl_pipeline.extract_task.extract2 scheduled__2025-07-16T05:24:00+00:00 [running]> on host 5a1293588d06
[2025-07-16T06:29:50.531+0000] {taskinstance.py:2648} INFO - Exporting env vars: AIRFLOW_CTX_DAG_OWNER='airflow' AIRFLOW_CTX_DAG_ID='airflights_etl_pipeline' AIRFLOW_CTX_TASK_ID='extract_task.extract2' AIRFLOW_CTX_EXECUTION_DATE='2025-07-16T05:24:00+00:00' AIRFLOW_CTX_TRY_NUMBER='1' AIRFLOW_CTX_DAG_RUN_ID='scheduled__2025-07-16T05:24:00+00:00'
[2025-07-16T06:29:50.535+0000] {taskinstance.py:430} INFO - ::endgroup::
[2025-07-16T06:29:51.821+0000] {logging_mixin.py:188} INFO - Extracted batch 2 to /opt/airflow/data/output/extracted_batch2.csv
[2025-07-16T06:29:51.824+0000] {python.py:237} INFO - Done. Returned value was: None
[2025-07-16T06:29:51.829+0000] {taskinstance.py:441} INFO - ::group::Post task execution logs
[2025-07-16T06:29:51.893+0000] {taskinstance.py:1206} INFO - Marking task as SUCCESS. dag_id=airflights_etl_pipeline, task_id=extract_task.extract2, run_id=scheduled__2025-07-16T05:24:00+00:00, execution_date=20250716T052400, start_date=20250716T062943, end_date=20250716T062951
[2025-07-16T06:29:52.101+0000] {local_task_job_runner.py:240} INFO - Task exited with return code 0
[2025-07-16T06:29:52.141+0000] {taskinstance.py:3498} INFO - 0 downstream tasks scheduled from follow-on schedule check
[2025-07-16T06:29:52.171+0000] {local_task_job_runner.py:222} INFO - ::endgroup::
