[2025-07-15T07:40:06.534+0000] {local_task_job_runner.py:120} INFO - ::group::Pre task execution logs
[2025-07-15T07:40:06.562+0000] {taskinstance.py:2076} INFO - Dependencies all met for dep_context=non-requeueable deps ti=<TaskInstance: airflights_etl_pipeline.load scheduled__2025-07-15T07:38:00+00:00 [queued]>
[2025-07-15T07:40:06.570+0000] {taskinstance.py:2076} INFO - Dependencies all met for dep_context=requeueable deps ti=<TaskInstance: airflights_etl_pipeline.load scheduled__2025-07-15T07:38:00+00:00 [queued]>
[2025-07-15T07:40:06.604+0000] {taskinstance.py:2306} INFO - Starting attempt 1 of 2
[2025-07-15T07:40:06.620+0000] {taskinstance.py:2330} INFO - Executing <Task(PythonOperator): load> on 2025-07-15 07:38:00+00:00
[2025-07-15T07:40:06.630+0000] {logging_mixin.py:188} WARNING - /home/airflow/.local/lib/python3.12/site-packages/airflow/task/task_runner/standard_task_runner.py:61 DeprecationWarning: This process (pid=8425) is multi-threaded, use of fork() may lead to deadlocks in the child.
[2025-07-15T07:40:06.630+0000] {standard_task_runner.py:90} INFO - Running: ['airflow', 'tasks', 'run', 'airflights_etl_pipeline', 'load', 'scheduled__2025-07-15T07:38:00+00:00', '--job-id', '2740', '--raw', '--subdir', 'DAGS_FOLDER/airflight_pipeline.py', '--cfg-path', '/tmp/tmphh6wg603']
[2025-07-15T07:40:06.631+0000] {standard_task_runner.py:63} INFO - Started process 8427 to run task
[2025-07-15T07:40:06.631+0000] {standard_task_runner.py:91} INFO - Job 2740: Subtask load
[2025-07-15T07:40:06.647+0000] {logging_mixin.py:188} WARNING - /home/airflow/.local/lib/python3.12/site-packages/airflow/settings.py:195 DeprecationWarning: The sql_alchemy_conn option in [core] has been moved to the sql_alchemy_conn option in [database] - the old setting has been used, but please update your config.
[2025-07-15T07:40:06.683+0000] {task_command.py:426} INFO - Running <TaskInstance: airflights_etl_pipeline.load scheduled__2025-07-15T07:38:00+00:00 [running]> on host 5a1293588d06
[2025-07-15T07:40:06.993+0000] {taskinstance.py:2648} INFO - Exporting env vars: AIRFLOW_CTX_DAG_OWNER='airflow' AIRFLOW_CTX_DAG_ID='airflights_etl_pipeline' AIRFLOW_CTX_TASK_ID='load' AIRFLOW_CTX_EXECUTION_DATE='2025-07-15T07:38:00+00:00' AIRFLOW_CTX_TRY_NUMBER='1' AIRFLOW_CTX_DAG_RUN_ID='scheduled__2025-07-15T07:38:00+00:00'
[2025-07-15T07:40:06.995+0000] {taskinstance.py:430} INFO - ::endgroup::
[2025-07-15T07:40:07.096+0000] {logging_mixin.py:188} INFO - Data loaded to PostgreSQL table flights_summary
[2025-07-15T07:40:07.574+0000] {logging_mixin.py:188} INFO - Data loaded to PostgreSQL table flights_timeofday
[2025-07-15T07:40:07.575+0000] {python.py:237} INFO - Done. Returned value was: None
[2025-07-15T07:40:07.576+0000] {taskinstance.py:441} INFO - ::group::Post task execution logs
[2025-07-15T07:40:07.584+0000] {taskinstance.py:1206} INFO - Marking task as SUCCESS. dag_id=airflights_etl_pipeline, task_id=load, run_id=scheduled__2025-07-15T07:38:00+00:00, execution_date=20250715T073800, start_date=20250715T074006, end_date=20250715T074007
[2025-07-15T07:40:07.650+0000] {local_task_job_runner.py:240} INFO - Task exited with return code 0
[2025-07-15T07:40:07.666+0000] {taskinstance.py:3498} INFO - 0 downstream tasks scheduled from follow-on schedule check
[2025-07-15T07:40:07.703+0000] {local_task_job_runner.py:222} INFO - ::endgroup::
