[2025-07-14T05:20:06.086+0000] {local_task_job_runner.py:120} INFO - ::group::Pre task execution logs
[2025-07-14T05:20:06.124+0000] {taskinstance.py:2076} INFO - Dependencies all met for dep_context=non-requeueable deps ti=<TaskInstance: airflights_etl_pipeline.load scheduled__2025-07-14T05:18:00+00:00 [queued]>
[2025-07-14T05:20:06.136+0000] {taskinstance.py:2076} INFO - Dependencies all met for dep_context=requeueable deps ti=<TaskInstance: airflights_etl_pipeline.load scheduled__2025-07-14T05:18:00+00:00 [queued]>
[2025-07-14T05:20:06.171+0000] {taskinstance.py:2306} INFO - Starting attempt 1 of 2
[2025-07-14T05:20:06.189+0000] {taskinstance.py:2330} INFO - Executing <Task(PythonOperator): load> on 2025-07-14 05:18:00+00:00
[2025-07-14T05:20:06.202+0000] {logging_mixin.py:188} WARNING - /home/airflow/.local/lib/python3.12/site-packages/airflow/task/task_runner/standard_task_runner.py:61 DeprecationWarning: This process (pid=3172) is multi-threaded, use of fork() may lead to deadlocks in the child.
[2025-07-14T05:20:06.201+0000] {standard_task_runner.py:90} INFO - Running: ['airflow', 'tasks', 'run', 'airflights_etl_pipeline', 'load', 'scheduled__2025-07-14T05:18:00+00:00', '--job-id', '605', '--raw', '--subdir', 'DAGS_FOLDER/airflight_pipeline.py', '--cfg-path', '/tmp/tmp2elpfzta']
[2025-07-14T05:20:06.203+0000] {standard_task_runner.py:63} INFO - Started process 3174 to run task
[2025-07-14T05:20:06.204+0000] {standard_task_runner.py:91} INFO - Job 605: Subtask load
[2025-07-14T05:20:06.223+0000] {logging_mixin.py:188} WARNING - /home/airflow/.local/lib/python3.12/site-packages/airflow/settings.py:195 DeprecationWarning: The sql_alchemy_conn option in [core] has been moved to the sql_alchemy_conn option in [database] - the old setting has been used, but please update your config.
[2025-07-14T05:20:06.269+0000] {task_command.py:426} INFO - Running <TaskInstance: airflights_etl_pipeline.load scheduled__2025-07-14T05:18:00+00:00 [running]> on host 5a1293588d06
[2025-07-14T05:20:06.617+0000] {taskinstance.py:2648} INFO - Exporting env vars: AIRFLOW_CTX_DAG_OWNER='airflow' AIRFLOW_CTX_DAG_ID='airflights_etl_pipeline' AIRFLOW_CTX_TASK_ID='load' AIRFLOW_CTX_EXECUTION_DATE='2025-07-14T05:18:00+00:00' AIRFLOW_CTX_TRY_NUMBER='1' AIRFLOW_CTX_DAG_RUN_ID='scheduled__2025-07-14T05:18:00+00:00'
[2025-07-14T05:20:06.619+0000] {taskinstance.py:430} INFO - ::endgroup::
[2025-07-14T05:20:06.739+0000] {logging_mixin.py:188} INFO - Data loaded to PostgreSQL table flights_summary
[2025-07-14T05:20:06.740+0000] {python.py:237} INFO - Done. Returned value was: None
[2025-07-14T05:20:06.741+0000] {taskinstance.py:441} INFO - ::group::Post task execution logs
[2025-07-14T05:20:06.755+0000] {taskinstance.py:1206} INFO - Marking task as SUCCESS. dag_id=airflights_etl_pipeline, task_id=load, run_id=scheduled__2025-07-14T05:18:00+00:00, execution_date=20250714T051800, start_date=20250714T052006, end_date=20250714T052006
[2025-07-14T05:20:06.820+0000] {local_task_job_runner.py:240} INFO - Task exited with return code 0
[2025-07-14T05:20:06.843+0000] {taskinstance.py:3498} INFO - 0 downstream tasks scheduled from follow-on schedule check
[2025-07-14T05:20:06.846+0000] {local_task_job_runner.py:222} INFO - ::endgroup::
