[2025-07-13T16:56:01.490+0000] {local_task_job_runner.py:120} INFO - ::group::Pre task execution logs
[2025-07-13T16:56:01.534+0000] {taskinstance.py:2076} INFO - Dependencies all met for dep_context=non-requeueable deps ti=<TaskInstance: airflights_etl_pipeline.extract scheduled__2025-07-13T16:54:00+00:00 [queued]>
[2025-07-13T16:56:01.551+0000] {taskinstance.py:2076} INFO - Dependencies all met for dep_context=requeueable deps ti=<TaskInstance: airflights_etl_pipeline.extract scheduled__2025-07-13T16:54:00+00:00 [queued]>
[2025-07-13T16:56:01.588+0000] {taskinstance.py:2306} INFO - Starting attempt 1 of 2
[2025-07-13T16:56:01.615+0000] {taskinstance.py:2330} INFO - Executing <Task(PythonOperator): extract> on 2025-07-13 16:54:00+00:00
[2025-07-13T16:56:01.640+0000] {logging_mixin.py:188} WARNING - /home/airflow/.local/lib/python3.12/site-packages/airflow/task/task_runner/standard_task_runner.py:61 DeprecationWarning: This process (pid=1016) is multi-threaded, use of fork() may lead to deadlocks in the child.
[2025-07-13T16:56:01.643+0000] {standard_task_runner.py:63} INFO - Started process 1018 to run task
[2025-07-13T16:56:01.637+0000] {standard_task_runner.py:90} INFO - Running: ['airflow', 'tasks', 'run', 'airflights_etl_pipeline', 'extract', 'scheduled__2025-07-13T16:54:00+00:00', '--job-id', '182', '--raw', '--subdir', 'DAGS_FOLDER/airflight_pipeline.py', '--cfg-path', '/tmp/tmppvb2mnmf']
[2025-07-13T16:56:01.646+0000] {standard_task_runner.py:91} INFO - Job 182: Subtask extract
[2025-07-13T16:56:01.712+0000] {logging_mixin.py:188} WARNING - /home/airflow/.local/lib/python3.12/site-packages/airflow/settings.py:195 DeprecationWarning: The sql_alchemy_conn option in [core] has been moved to the sql_alchemy_conn option in [database] - the old setting has been used, but please update your config.
[2025-07-13T16:56:01.761+0000] {task_command.py:426} INFO - Running <TaskInstance: airflights_etl_pipeline.extract scheduled__2025-07-13T16:54:00+00:00 [running]> on host 5a1293588d06
[2025-07-13T16:56:01.937+0000] {taskinstance.py:2648} INFO - Exporting env vars: AIRFLOW_CTX_DAG_OWNER='airflow' AIRFLOW_CTX_DAG_ID='airflights_etl_pipeline' AIRFLOW_CTX_TASK_ID='extract' AIRFLOW_CTX_EXECUTION_DATE='2025-07-13T16:54:00+00:00' AIRFLOW_CTX_TRY_NUMBER='1' AIRFLOW_CTX_DAG_RUN_ID='scheduled__2025-07-13T16:54:00+00:00'
[2025-07-13T16:56:01.939+0000] {taskinstance.py:430} INFO - ::endgroup::
[2025-07-13T16:56:02.249+0000] {logging_mixin.py:188} INFO - Extracted batch 1 to /opt/airflow/data/output/extracted_batch.csv
[2025-07-13T16:56:02.250+0000] {python.py:237} INFO - Done. Returned value was: None
[2025-07-13T16:56:02.251+0000] {taskinstance.py:441} INFO - ::group::Post task execution logs
[2025-07-13T16:56:02.265+0000] {taskinstance.py:1206} INFO - Marking task as SUCCESS. dag_id=airflights_etl_pipeline, task_id=extract, run_id=scheduled__2025-07-13T16:54:00+00:00, execution_date=20250713T165400, start_date=20250713T165601, end_date=20250713T165602
[2025-07-13T16:56:02.302+0000] {local_task_job_runner.py:240} INFO - Task exited with return code 0
[2025-07-13T16:56:02.335+0000] {taskinstance.py:3498} INFO - 1 downstream tasks scheduled from follow-on schedule check
[2025-07-13T16:56:02.374+0000] {local_task_job_runner.py:222} INFO - ::endgroup::
