[2025-07-16T02:54:01.185+0000] {local_task_job_runner.py:120} INFO - ::group::Pre task execution logs
[2025-07-16T02:54:01.222+0000] {taskinstance.py:2076} INFO - Dependencies all met for dep_context=non-requeueable deps ti=<TaskInstance: airflights_etl_pipeline.extract_task.extract4 scheduled__2025-07-16T02:52:00+00:00 [queued]>
[2025-07-16T02:54:01.232+0000] {taskinstance.py:2076} INFO - Dependencies all met for dep_context=requeueable deps ti=<TaskInstance: airflights_etl_pipeline.extract_task.extract4 scheduled__2025-07-16T02:52:00+00:00 [queued]>
[2025-07-16T02:54:01.243+0000] {taskinstance.py:2306} INFO - Starting attempt 1 of 2
[2025-07-16T02:54:01.857+0000] {taskinstance.py:2330} INFO - Executing <Task(PythonOperator): extract_task.extract4> on 2025-07-16 02:52:00+00:00
[2025-07-16T02:54:01.872+0000] {logging_mixin.py:188} WARNING - /home/airflow/.local/lib/python3.12/site-packages/airflow/task/task_runner/standard_task_runner.py:61 DeprecationWarning: This process (pid=725) is multi-threaded, use of fork() may lead to deadlocks in the child.
[2025-07-16T02:54:01.870+0000] {standard_task_runner.py:90} INFO - Running: ['airflow', 'tasks', 'run', 'airflights_etl_pipeline', 'extract_task.extract4', 'scheduled__2025-07-16T02:52:00+00:00', '--job-id', '3396', '--raw', '--subdir', 'DAGS_FOLDER/airflight_pipeline.py', '--cfg-path', '/tmp/tmplitkh98v']
[2025-07-16T02:54:01.873+0000] {standard_task_runner.py:63} INFO - Started process 738 to run task
[2025-07-16T02:54:01.873+0000] {standard_task_runner.py:91} INFO - Job 3396: Subtask extract_task.extract4
[2025-07-16T02:54:01.896+0000] {logging_mixin.py:188} WARNING - /home/airflow/.local/lib/python3.12/site-packages/airflow/settings.py:195 DeprecationWarning: The sql_alchemy_conn option in [core] has been moved to the sql_alchemy_conn option in [database] - the old setting has been used, but please update your config.
[2025-07-16T02:54:01.947+0000] {task_command.py:426} INFO - Running <TaskInstance: airflights_etl_pipeline.extract_task.extract4 scheduled__2025-07-16T02:52:00+00:00 [running]> on host 5a1293588d06
[2025-07-16T02:54:03.912+0000] {taskinstance.py:2648} INFO - Exporting env vars: AIRFLOW_CTX_DAG_OWNER='airflow' AIRFLOW_CTX_DAG_ID='airflights_etl_pipeline' AIRFLOW_CTX_TASK_ID='extract_task.extract4' AIRFLOW_CTX_EXECUTION_DATE='2025-07-16T02:52:00+00:00' AIRFLOW_CTX_TRY_NUMBER='1' AIRFLOW_CTX_DAG_RUN_ID='scheduled__2025-07-16T02:52:00+00:00'
[2025-07-16T02:54:03.914+0000] {taskinstance.py:430} INFO - ::endgroup::
[2025-07-16T02:54:04.116+0000] {logging_mixin.py:188} INFO - Extracted batch 4 to /opt/airflow/data/output/extracted_batch4.csv
[2025-07-16T02:54:04.117+0000] {python.py:237} INFO - Done. Returned value was: None
[2025-07-16T02:54:04.118+0000] {taskinstance.py:441} INFO - ::group::Post task execution logs
[2025-07-16T02:54:04.145+0000] {taskinstance.py:1206} INFO - Marking task as SUCCESS. dag_id=airflights_etl_pipeline, task_id=extract_task.extract4, run_id=scheduled__2025-07-16T02:52:00+00:00, execution_date=20250716T025200, start_date=20250716T025401, end_date=20250716T025404
[2025-07-16T02:54:04.210+0000] {local_task_job_runner.py:240} INFO - Task exited with return code 0
[2025-07-16T02:54:04.240+0000] {taskinstance.py:3498} INFO - 0 downstream tasks scheduled from follow-on schedule check
[2025-07-16T02:54:04.243+0000] {local_task_job_runner.py:222} INFO - ::endgroup::
