[2025-07-14T03:34:03.763+0000] {local_task_job_runner.py:120} INFO - ::group::Pre task execution logs
[2025-07-14T03:34:03.793+0000] {taskinstance.py:2076} INFO - Dependencies all met for dep_context=non-requeueable deps ti=<TaskInstance: airflights_etl_pipeline.transform scheduled__2025-07-14T03:32:00+00:00 [queued]>
[2025-07-14T03:34:03.801+0000] {taskinstance.py:2076} INFO - Dependencies all met for dep_context=requeueable deps ti=<TaskInstance: airflights_etl_pipeline.transform scheduled__2025-07-14T03:32:00+00:00 [queued]>
[2025-07-14T03:34:03.802+0000] {taskinstance.py:2306} INFO - Starting attempt 1 of 2
[2025-07-14T03:34:03.819+0000] {taskinstance.py:2330} INFO - Executing <Task(PythonOperator): transform> on 2025-07-14 03:32:00+00:00
[2025-07-14T03:34:03.829+0000] {logging_mixin.py:188} WARNING - /home/airflow/.local/lib/python3.12/site-packages/airflow/task/task_runner/standard_task_runner.py:61 DeprecationWarning: This process (pid=495) is multi-threaded, use of fork() may lead to deadlocks in the child.
[2025-07-14T03:34:03.828+0000] {standard_task_runner.py:90} INFO - Running: ['airflow', 'tasks', 'run', 'airflights_etl_pipeline', 'transform', 'scheduled__2025-07-14T03:32:00+00:00', '--job-id', '212', '--raw', '--subdir', 'DAGS_FOLDER/airflight_pipeline.py', '--cfg-path', '/tmp/tmpexmaapz6']
[2025-07-14T03:34:03.830+0000] {standard_task_runner.py:63} INFO - Started process 497 to run task
[2025-07-14T03:34:03.830+0000] {standard_task_runner.py:91} INFO - Job 212: Subtask transform
[2025-07-14T03:34:03.854+0000] {logging_mixin.py:188} WARNING - /home/airflow/.local/lib/python3.12/site-packages/airflow/settings.py:195 DeprecationWarning: The sql_alchemy_conn option in [core] has been moved to the sql_alchemy_conn option in [database] - the old setting has been used, but please update your config.
[2025-07-14T03:34:03.889+0000] {task_command.py:426} INFO - Running <TaskInstance: airflights_etl_pipeline.transform scheduled__2025-07-14T03:32:00+00:00 [running]> on host 5a1293588d06
[2025-07-14T03:34:04.144+0000] {taskinstance.py:2648} INFO - Exporting env vars: AIRFLOW_CTX_DAG_OWNER='airflow' AIRFLOW_CTX_DAG_ID='airflights_etl_pipeline' AIRFLOW_CTX_TASK_ID='transform' AIRFLOW_CTX_EXECUTION_DATE='2025-07-14T03:32:00+00:00' AIRFLOW_CTX_TRY_NUMBER='1' AIRFLOW_CTX_DAG_RUN_ID='scheduled__2025-07-14T03:32:00+00:00'
[2025-07-14T03:34:04.145+0000] {taskinstance.py:430} INFO - ::endgroup::
[2025-07-14T03:34:04.171+0000] {logging_mixin.py:188} INFO - Data loaded: 5000 rows, 21 columns
[2025-07-14T03:34:04.172+0000] {logging_mixin.py:188} INFO - Columns found: ['YearFlight', 'MonthFlight', 'DayofMonth', 'DayOfWeek', 'DepTime', 'ArrTime', 'UniqueCarrier', 'FlightNum', 'TailNum', 'ActualElapsedTime', 'AirTime', 'ArrDelay', 'DepDelay', 'Origin', 'Dest', 'Distance', 'TaxiIn', 'TaxiOut', 'Cancelled', 'CancellationCode', 'Diverted']
[2025-07-14T03:34:04.174+0000] {logging_mixin.py:188} INFO - Dropped 65 rows with missing DepDelay or ArrDelay.
[2025-07-14T03:34:04.175+0000] {logging_mixin.py:188} INFO - Kolom DepTime tidak ditemukan, TimeOfDay dilewati.
[2025-07-14T03:34:04.195+0000] {logging_mixin.py:188} INFO - Transformed data saved to: /opt/airflow/data/output/transformed.parquet
[2025-07-14T03:34:04.195+0000] {python.py:237} INFO - Done. Returned value was: None
[2025-07-14T03:34:04.196+0000] {taskinstance.py:441} INFO - ::group::Post task execution logs
[2025-07-14T03:34:04.204+0000] {taskinstance.py:1206} INFO - Marking task as SUCCESS. dag_id=airflights_etl_pipeline, task_id=transform, run_id=scheduled__2025-07-14T03:32:00+00:00, execution_date=20250714T033200, start_date=20250714T033403, end_date=20250714T033404
[2025-07-14T03:34:04.244+0000] {local_task_job_runner.py:240} INFO - Task exited with return code 0
[2025-07-14T03:34:04.273+0000] {taskinstance.py:3498} INFO - 1 downstream tasks scheduled from follow-on schedule check
[2025-07-14T03:34:04.285+0000] {local_task_job_runner.py:222} INFO - ::endgroup::
