[2025-07-15T04:44:17.930+0000] {local_task_job_runner.py:120} INFO - ::group::Pre task execution logs
[2025-07-15T04:44:17.962+0000] {taskinstance.py:2076} INFO - Dependencies all met for dep_context=non-requeueable deps ti=<TaskInstance: airflights_etl_pipeline.transform manual__2025-07-15T04:44:13.167667+00:00 [queued]>
[2025-07-15T04:44:17.970+0000] {taskinstance.py:2076} INFO - Dependencies all met for dep_context=requeueable deps ti=<TaskInstance: airflights_etl_pipeline.transform manual__2025-07-15T04:44:13.167667+00:00 [queued]>
[2025-07-15T04:44:18.005+0000] {taskinstance.py:2306} INFO - Starting attempt 1 of 2
[2025-07-15T04:44:18.020+0000] {taskinstance.py:2330} INFO - Executing <Task(PythonOperator): transform> on 2025-07-15 04:44:13.167667+00:00
[2025-07-15T04:44:18.030+0000] {logging_mixin.py:188} WARNING - /home/airflow/.local/lib/python3.12/site-packages/airflow/task/task_runner/standard_task_runner.py:61 DeprecationWarning: This process (pid=3522) is multi-threaded, use of fork() may lead to deadlocks in the child.
[2025-07-15T04:44:18.029+0000] {standard_task_runner.py:90} INFO - Running: ['airflow', 'tasks', 'run', 'airflights_etl_pipeline', 'transform', 'manual__2025-07-15T04:44:13.167667+00:00', '--job-id', '1989', '--raw', '--subdir', 'DAGS_FOLDER/airflight_pipeline.py', '--cfg-path', '/tmp/tmprt523xfw']
[2025-07-15T04:44:18.031+0000] {standard_task_runner.py:63} INFO - Started process 3524 to run task
[2025-07-15T04:44:18.031+0000] {standard_task_runner.py:91} INFO - Job 1989: Subtask transform
[2025-07-15T04:44:18.055+0000] {logging_mixin.py:188} WARNING - /home/airflow/.local/lib/python3.12/site-packages/airflow/settings.py:195 DeprecationWarning: The sql_alchemy_conn option in [core] has been moved to the sql_alchemy_conn option in [database] - the old setting has been used, but please update your config.
[2025-07-15T04:44:18.089+0000] {task_command.py:426} INFO - Running <TaskInstance: airflights_etl_pipeline.transform manual__2025-07-15T04:44:13.167667+00:00 [running]> on host 5a1293588d06
[2025-07-15T04:44:18.397+0000] {taskinstance.py:2648} INFO - Exporting env vars: AIRFLOW_CTX_DAG_OWNER='airflow' AIRFLOW_CTX_DAG_ID='airflights_etl_pipeline' AIRFLOW_CTX_TASK_ID='transform' AIRFLOW_CTX_EXECUTION_DATE='2025-07-15T04:44:13.167667+00:00' AIRFLOW_CTX_TRY_NUMBER='1' AIRFLOW_CTX_DAG_RUN_ID='manual__2025-07-15T04:44:13.167667+00:00'
[2025-07-15T04:44:18.398+0000] {taskinstance.py:430} INFO - ::endgroup::
[2025-07-15T04:44:18.832+0000] {logging_mixin.py:188} INFO - Data loaded: 227496 rows, 21 columns
[2025-07-15T04:44:18.833+0000] {logging_mixin.py:188} INFO - Columns found: ['YearFlight', 'MonthFlight', 'DayofMonth', 'DayOfWeek', 'DepTime', 'ArrTime', 'UniqueCarrier', 'FlightNum', 'TailNum', 'ActualElapsedTime', 'AirTime', 'ArrDelay', 'DepDelay', 'Origin', 'Dest', 'Distance', 'TaxiIn', 'TaxiOut', 'Cancelled', 'CancellationCode', 'Diverted']
[2025-07-15T04:44:18.854+0000] {logging_mixin.py:188} INFO - Dropped 3622 rows with missing DepDelay or ArrDelay.
[2025-07-15T04:44:18.854+0000] {logging_mixin.py:188} INFO - Kolom DepTime tidak ditemukan, TimeOfDay dilewati.
[2025-07-15T04:44:18.918+0000] {logging_mixin.py:188} INFO - Transformed data saved to: /opt/airflow/data/output/transformed.parquet
[2025-07-15T04:44:18.974+0000] {logging_mixin.py:188} INFO - Full data saved to: /opt/airflow/data/output/full_data.parquet
[2025-07-15T04:44:18.976+0000] {python.py:237} INFO - Done. Returned value was: None
[2025-07-15T04:44:18.977+0000] {taskinstance.py:441} INFO - ::group::Post task execution logs
[2025-07-15T04:44:18.989+0000] {taskinstance.py:1206} INFO - Marking task as SUCCESS. dag_id=airflights_etl_pipeline, task_id=transform, run_id=manual__2025-07-15T04:44:13.167667+00:00, execution_date=20250715T044413, start_date=20250715T044417, end_date=20250715T044418
[2025-07-15T04:44:19.047+0000] {local_task_job_runner.py:240} INFO - Task exited with return code 0
[2025-07-15T04:44:19.074+0000] {taskinstance.py:3498} INFO - 1 downstream tasks scheduled from follow-on schedule check
[2025-07-15T04:44:19.110+0000] {local_task_job_runner.py:222} INFO - ::endgroup::
