[2025-07-15T06:39:21.665+0000] {local_task_job_runner.py:120} INFO - ::group::Pre task execution logs
[2025-07-15T06:39:21.715+0000] {taskinstance.py:2076} INFO - Dependencies all met for dep_context=non-requeueable deps ti=<TaskInstance: airflights_etl_pipeline.extract_task.extract5 manual__2025-07-15T06:39:20.255767+00:00 [queued]>
[2025-07-15T06:39:21.726+0000] {taskinstance.py:2076} INFO - Dependencies all met for dep_context=requeueable deps ti=<TaskInstance: airflights_etl_pipeline.extract_task.extract5 manual__2025-07-15T06:39:20.255767+00:00 [queued]>
[2025-07-15T06:39:21.727+0000] {taskinstance.py:2306} INFO - Starting attempt 1 of 2
[2025-07-15T06:39:21.757+0000] {taskinstance.py:2330} INFO - Executing <Task(PythonOperator): extract_task.extract5> on 2025-07-15 06:39:20.255767+00:00
[2025-07-15T06:39:21.779+0000] {logging_mixin.py:188} WARNING - /home/airflow/.local/lib/python3.12/site-packages/airflow/task/task_runner/standard_task_runner.py:61 DeprecationWarning: This process (pid=6423) is multi-threaded, use of fork() may lead to deadlocks in the child.
[2025-07-15T06:39:21.781+0000] {standard_task_runner.py:63} INFO - Started process 6437 to run task
[2025-07-15T06:39:21.779+0000] {standard_task_runner.py:90} INFO - Running: ['airflow', 'tasks', 'run', 'airflights_etl_pipeline', 'extract_task.extract5', 'manual__2025-07-15T06:39:20.255767+00:00', '--job-id', '2450', '--raw', '--subdir', 'DAGS_FOLDER/airflight_pipeline.py', '--cfg-path', '/tmp/tmp81cblvm1']
[2025-07-15T06:39:21.783+0000] {standard_task_runner.py:91} INFO - Job 2450: Subtask extract_task.extract5
[2025-07-15T06:39:21.810+0000] {logging_mixin.py:188} WARNING - /home/airflow/.local/lib/python3.12/site-packages/airflow/settings.py:195 DeprecationWarning: The sql_alchemy_conn option in [core] has been moved to the sql_alchemy_conn option in [database] - the old setting has been used, but please update your config.
[2025-07-15T06:39:21.867+0000] {task_command.py:426} INFO - Running <TaskInstance: airflights_etl_pipeline.extract_task.extract5 manual__2025-07-15T06:39:20.255767+00:00 [running]> on host 5a1293588d06
[2025-07-15T06:39:22.324+0000] {taskinstance.py:2648} INFO - Exporting env vars: AIRFLOW_CTX_DAG_OWNER='airflow' AIRFLOW_CTX_DAG_ID='airflights_etl_pipeline' AIRFLOW_CTX_TASK_ID='extract_task.extract5' AIRFLOW_CTX_EXECUTION_DATE='2025-07-15T06:39:20.255767+00:00' AIRFLOW_CTX_TRY_NUMBER='1' AIRFLOW_CTX_DAG_RUN_ID='manual__2025-07-15T06:39:20.255767+00:00'
[2025-07-15T06:39:22.326+0000] {taskinstance.py:430} INFO - ::endgroup::
[2025-07-15T06:39:22.472+0000] {logging_mixin.py:188} INFO - Extracted batch 5 to /opt/airflow/data/output/extracted_batch5.csv
[2025-07-15T06:39:22.473+0000] {python.py:237} INFO - Done. Returned value was: None
[2025-07-15T06:39:22.474+0000] {taskinstance.py:441} INFO - ::group::Post task execution logs
[2025-07-15T06:39:22.487+0000] {taskinstance.py:1206} INFO - Marking task as SUCCESS. dag_id=airflights_etl_pipeline, task_id=extract_task.extract5, run_id=manual__2025-07-15T06:39:20.255767+00:00, execution_date=20250715T063920, start_date=20250715T063921, end_date=20250715T063922
[2025-07-15T06:39:22.562+0000] {local_task_job_runner.py:240} INFO - Task exited with return code 0
[2025-07-15T06:39:22.615+0000] {taskinstance.py:3498} INFO - 1 downstream tasks scheduled from follow-on schedule check
[2025-07-15T06:39:22.620+0000] {local_task_job_runner.py:222} INFO - ::endgroup::
