[2025-07-15T07:06:27.685+0000] {local_task_job_runner.py:120} INFO - ::group::Pre task execution logs
[2025-07-15T07:06:27.726+0000] {taskinstance.py:2076} INFO - Dependencies all met for dep_context=non-requeueable deps ti=<TaskInstance: airflights_etl_pipeline.extract_task.extract4 manual__2025-07-15T07:06:26.519478+00:00 [queued]>
[2025-07-15T07:06:27.737+0000] {taskinstance.py:2076} INFO - Dependencies all met for dep_context=requeueable deps ti=<TaskInstance: airflights_etl_pipeline.extract_task.extract4 manual__2025-07-15T07:06:26.519478+00:00 [queued]>
[2025-07-15T07:06:27.739+0000] {taskinstance.py:2306} INFO - Starting attempt 1 of 2
[2025-07-15T07:06:27.763+0000] {taskinstance.py:2330} INFO - Executing <Task(PythonOperator): extract_task.extract4> on 2025-07-15 07:06:26.519478+00:00
[2025-07-15T07:06:27.776+0000] {logging_mixin.py:188} WARNING - /home/airflow/.local/lib/python3.12/site-packages/airflow/task/task_runner/standard_task_runner.py:61 DeprecationWarning: This process (pid=7317) is multi-threaded, use of fork() may lead to deadlocks in the child.
[2025-07-15T07:06:27.779+0000] {standard_task_runner.py:63} INFO - Started process 7328 to run task
[2025-07-15T07:06:27.776+0000] {standard_task_runner.py:90} INFO - Running: ['airflow', 'tasks', 'run', 'airflights_etl_pipeline', 'extract_task.extract4', 'manual__2025-07-15T07:06:26.519478+00:00', '--job-id', '2573', '--raw', '--subdir', 'DAGS_FOLDER/airflight_pipeline.py', '--cfg-path', '/tmp/tmp00unr4y4']
[2025-07-15T07:06:27.781+0000] {standard_task_runner.py:91} INFO - Job 2573: Subtask extract_task.extract4
[2025-07-15T07:06:27.804+0000] {logging_mixin.py:188} WARNING - /home/airflow/.local/lib/python3.12/site-packages/airflow/settings.py:195 DeprecationWarning: The sql_alchemy_conn option in [core] has been moved to the sql_alchemy_conn option in [database] - the old setting has been used, but please update your config.
[2025-07-15T07:06:27.854+0000] {task_command.py:426} INFO - Running <TaskInstance: airflights_etl_pipeline.extract_task.extract4 manual__2025-07-15T07:06:26.519478+00:00 [running]> on host 5a1293588d06
[2025-07-15T07:06:28.326+0000] {taskinstance.py:2648} INFO - Exporting env vars: AIRFLOW_CTX_DAG_OWNER='airflow' AIRFLOW_CTX_DAG_ID='airflights_etl_pipeline' AIRFLOW_CTX_TASK_ID='extract_task.extract4' AIRFLOW_CTX_EXECUTION_DATE='2025-07-15T07:06:26.519478+00:00' AIRFLOW_CTX_TRY_NUMBER='1' AIRFLOW_CTX_DAG_RUN_ID='manual__2025-07-15T07:06:26.519478+00:00'
[2025-07-15T07:06:28.328+0000] {taskinstance.py:430} INFO - ::endgroup::
[2025-07-15T07:06:28.476+0000] {logging_mixin.py:188} INFO - Extracted batch 4 to /opt/airflow/data/output/extracted_batch4.csv
[2025-07-15T07:06:28.477+0000] {python.py:237} INFO - Done. Returned value was: None
[2025-07-15T07:06:28.478+0000] {taskinstance.py:441} INFO - ::group::Post task execution logs
[2025-07-15T07:06:28.492+0000] {taskinstance.py:1206} INFO - Marking task as SUCCESS. dag_id=airflights_etl_pipeline, task_id=extract_task.extract4, run_id=manual__2025-07-15T07:06:26.519478+00:00, execution_date=20250715T070626, start_date=20250715T070627, end_date=20250715T070628
[2025-07-15T07:06:28.561+0000] {local_task_job_runner.py:240} INFO - Task exited with return code 0
[2025-07-15T07:06:28.587+0000] {taskinstance.py:3498} INFO - 0 downstream tasks scheduled from follow-on schedule check
[2025-07-15T07:06:28.594+0000] {local_task_job_runner.py:222} INFO - ::endgroup::
