[2025-07-15T04:30:05.331+0000] {local_task_job_runner.py:120} INFO - ::group::Pre task execution logs
[2025-07-15T04:30:05.364+0000] {taskinstance.py:2076} INFO - Dependencies all met for dep_context=non-requeueable deps ti=<TaskInstance: airflights_etl_pipeline.load scheduled__2025-07-15T04:28:00+00:00 [queued]>
[2025-07-15T04:30:05.374+0000] {taskinstance.py:2076} INFO - Dependencies all met for dep_context=requeueable deps ti=<TaskInstance: airflights_etl_pipeline.load scheduled__2025-07-15T04:28:00+00:00 [queued]>
[2025-07-15T04:30:05.409+0000] {taskinstance.py:2306} INFO - Starting attempt 1 of 2
[2025-07-15T04:30:05.430+0000] {taskinstance.py:2330} INFO - Executing <Task(PythonOperator): load> on 2025-07-15 04:28:00+00:00
[2025-07-15T04:30:05.443+0000] {logging_mixin.py:188} WARNING - /home/airflow/.local/lib/python3.12/site-packages/airflow/task/task_runner/standard_task_runner.py:61 DeprecationWarning: This process (pid=3129) is multi-threaded, use of fork() may lead to deadlocks in the child.
[2025-07-15T04:30:05.445+0000] {standard_task_runner.py:63} INFO - Started process 3131 to run task
[2025-07-15T04:30:05.444+0000] {standard_task_runner.py:90} INFO - Running: ['airflow', 'tasks', 'run', 'airflights_etl_pipeline', 'load', 'scheduled__2025-07-15T04:28:00+00:00', '--job-id', '1934', '--raw', '--subdir', 'DAGS_FOLDER/airflight_pipeline.py', '--cfg-path', '/tmp/tmprewv5zex']
[2025-07-15T04:30:05.446+0000] {standard_task_runner.py:91} INFO - Job 1934: Subtask load
[2025-07-15T04:30:05.466+0000] {logging_mixin.py:188} WARNING - /home/airflow/.local/lib/python3.12/site-packages/airflow/settings.py:195 DeprecationWarning: The sql_alchemy_conn option in [core] has been moved to the sql_alchemy_conn option in [database] - the old setting has been used, but please update your config.
[2025-07-15T04:30:05.509+0000] {task_command.py:426} INFO - Running <TaskInstance: airflights_etl_pipeline.load scheduled__2025-07-15T04:28:00+00:00 [running]> on host 5a1293588d06
[2025-07-15T04:30:05.922+0000] {taskinstance.py:2648} INFO - Exporting env vars: AIRFLOW_CTX_DAG_OWNER='airflow' AIRFLOW_CTX_DAG_ID='airflights_etl_pipeline' AIRFLOW_CTX_TASK_ID='load' AIRFLOW_CTX_EXECUTION_DATE='2025-07-15T04:28:00+00:00' AIRFLOW_CTX_TRY_NUMBER='1' AIRFLOW_CTX_DAG_RUN_ID='scheduled__2025-07-15T04:28:00+00:00'
[2025-07-15T04:30:05.924+0000] {taskinstance.py:430} INFO - ::endgroup::
[2025-07-15T04:30:05.933+0000] {logging_mixin.py:188} INFO - Membaca file summary: /opt/airflow/data/output/transformed.parquet
[2025-07-15T04:30:05.969+0000] {logging_mixin.py:188} INFO - Summary: 4 rows, 3 columns
[2025-07-15T04:30:06.044+0000] {logging_mixin.py:188} INFO - Summary disimpan ke tabel: flights_summary
[2025-07-15T04:30:06.048+0000] {logging_mixin.py:188} INFO - Membaca file full: /opt/airflow/data/output/transformed.parquet
[2025-07-15T04:30:06.056+0000] {logging_mixin.py:188} INFO - Full: 4 rows, 3 columns
[2025-07-15T04:30:06.080+0000] {logging_mixin.py:188} INFO - Full disimpan ke tabel: flights_full
[2025-07-15T04:30:06.084+0000] {logging_mixin.py:188} INFO - Kedua dataset berhasil dimuat ke PostgreSQL.
[2025-07-15T04:30:06.085+0000] {python.py:237} INFO - Done. Returned value was: None
[2025-07-15T04:30:06.085+0000] {taskinstance.py:441} INFO - ::group::Post task execution logs
[2025-07-15T04:30:06.094+0000] {taskinstance.py:1206} INFO - Marking task as SUCCESS. dag_id=airflights_etl_pipeline, task_id=load, run_id=scheduled__2025-07-15T04:28:00+00:00, execution_date=20250715T042800, start_date=20250715T043005, end_date=20250715T043006
[2025-07-15T04:30:06.143+0000] {local_task_job_runner.py:240} INFO - Task exited with return code 0
[2025-07-15T04:30:06.159+0000] {taskinstance.py:3498} INFO - 0 downstream tasks scheduled from follow-on schedule check
[2025-07-15T04:30:06.196+0000] {local_task_job_runner.py:222} INFO - ::endgroup::
