[2025-07-15T06:44:41.592+0000] {local_task_job_runner.py:120} INFO - ::group::Pre task execution logs
[2025-07-15T06:44:41.626+0000] {taskinstance.py:2076} INFO - Dependencies all met for dep_context=non-requeueable deps ti=<TaskInstance: airflights_etl_pipeline.transform manual__2025-07-15T06:44:37.951007+00:00 [queued]>
[2025-07-15T06:44:41.634+0000] {taskinstance.py:2076} INFO - Dependencies all met for dep_context=requeueable deps ti=<TaskInstance: airflights_etl_pipeline.transform manual__2025-07-15T06:44:37.951007+00:00 [queued]>
[2025-07-15T06:44:41.636+0000] {taskinstance.py:2306} INFO - Starting attempt 1 of 2
[2025-07-15T06:44:41.647+0000] {taskinstance.py:2330} INFO - Executing <Task(PythonOperator): transform> on 2025-07-15 06:44:37.951007+00:00
[2025-07-15T06:44:41.659+0000] {logging_mixin.py:188} WARNING - /home/airflow/.local/lib/python3.12/site-packages/airflow/task/task_runner/standard_task_runner.py:61 DeprecationWarning: This process (pid=6679) is multi-threaded, use of fork() may lead to deadlocks in the child.
[2025-07-15T06:44:41.658+0000] {standard_task_runner.py:90} INFO - Running: ['airflow', 'tasks', 'run', 'airflights_etl_pipeline', 'transform', 'manual__2025-07-15T06:44:37.951007+00:00', '--job-id', '2487', '--raw', '--subdir', 'DAGS_FOLDER/airflight_pipeline.py', '--cfg-path', '/tmp/tmpcmdf6di2']
[2025-07-15T06:44:41.660+0000] {standard_task_runner.py:63} INFO - Started process 6681 to run task
[2025-07-15T06:44:41.660+0000] {standard_task_runner.py:91} INFO - Job 2487: Subtask transform
[2025-07-15T06:44:41.674+0000] {logging_mixin.py:188} WARNING - /home/airflow/.local/lib/python3.12/site-packages/airflow/settings.py:195 DeprecationWarning: The sql_alchemy_conn option in [core] has been moved to the sql_alchemy_conn option in [database] - the old setting has been used, but please update your config.
[2025-07-15T06:44:41.709+0000] {task_command.py:426} INFO - Running <TaskInstance: airflights_etl_pipeline.transform manual__2025-07-15T06:44:37.951007+00:00 [running]> on host 5a1293588d06
[2025-07-15T06:44:41.960+0000] {taskinstance.py:2648} INFO - Exporting env vars: AIRFLOW_CTX_DAG_OWNER='airflow' AIRFLOW_CTX_DAG_ID='airflights_etl_pipeline' AIRFLOW_CTX_TASK_ID='transform' AIRFLOW_CTX_EXECUTION_DATE='2025-07-15T06:44:37.951007+00:00' AIRFLOW_CTX_TRY_NUMBER='1' AIRFLOW_CTX_DAG_RUN_ID='manual__2025-07-15T06:44:37.951007+00:00'
[2025-07-15T06:44:41.961+0000] {taskinstance.py:430} INFO - ::endgroup::
[2025-07-15T06:44:42.079+0000] {logging_mixin.py:188} INFO - total rows after combining: 25000
[2025-07-15T06:44:42.088+0000] {logging_mixin.py:188} INFO - Dropped 563 rows with missing DepDelay or ArrDelay.
[2025-07-15T06:44:42.140+0000] {logging_mixin.py:188} INFO - Transformed data saved to: /opt/airflow/data/output/hflights_full.parquet
[2025-07-15T06:44:42.157+0000] {logging_mixin.py:188} INFO - Transformed data saved to: /opt/airflow/data/output/hflights_summary.parquet
[2025-07-15T06:44:42.159+0000] {python.py:237} INFO - Done. Returned value was: None
[2025-07-15T06:44:42.160+0000] {taskinstance.py:441} INFO - ::group::Post task execution logs
[2025-07-15T06:44:42.170+0000] {taskinstance.py:1206} INFO - Marking task as SUCCESS. dag_id=airflights_etl_pipeline, task_id=transform, run_id=manual__2025-07-15T06:44:37.951007+00:00, execution_date=20250715T064437, start_date=20250715T064441, end_date=20250715T064442
[2025-07-15T06:44:42.235+0000] {local_task_job_runner.py:240} INFO - Task exited with return code 0
[2025-07-15T06:44:42.254+0000] {taskinstance.py:3498} INFO - 1 downstream tasks scheduled from follow-on schedule check
[2025-07-15T06:44:42.259+0000] {local_task_job_runner.py:222} INFO - ::endgroup::
