[2025-07-14T03:28:01.019+0000] {local_task_job_runner.py:120} INFO - ::group::Pre task execution logs
[2025-07-14T03:28:01.052+0000] {taskinstance.py:2076} INFO - Dependencies all met for dep_context=non-requeueable deps ti=<TaskInstance: airflights_etl_pipeline.etl_tasks.extract scheduled__2025-07-14T03:26:00+00:00 [queued]>
[2025-07-14T03:28:01.060+0000] {taskinstance.py:2076} INFO - Dependencies all met for dep_context=requeueable deps ti=<TaskInstance: airflights_etl_pipeline.etl_tasks.extract scheduled__2025-07-14T03:26:00+00:00 [queued]>
[2025-07-14T03:28:01.063+0000] {taskinstance.py:2306} INFO - Starting attempt 1 of 2
[2025-07-14T03:28:01.076+0000] {taskinstance.py:2330} INFO - Executing <Task(PythonOperator): etl_tasks.extract> on 2025-07-14 03:26:00+00:00
[2025-07-14T03:28:01.087+0000] {logging_mixin.py:188} WARNING - /home/airflow/.local/lib/python3.12/site-packages/airflow/task/task_runner/standard_task_runner.py:61 DeprecationWarning: This process (pid=324) is multi-threaded, use of fork() may lead to deadlocks in the child.
[2025-07-14T03:28:01.086+0000] {standard_task_runner.py:90} INFO - Running: ['airflow', 'tasks', 'run', 'airflights_etl_pipeline', 'etl_tasks.extract', 'scheduled__2025-07-14T03:26:00+00:00', '--job-id', '198', '--raw', '--subdir', 'DAGS_FOLDER/airflight_pipeline.py', '--cfg-path', '/tmp/tmpnzd9e53_']
[2025-07-14T03:28:01.088+0000] {standard_task_runner.py:63} INFO - Started process 330 to run task
[2025-07-14T03:28:01.088+0000] {standard_task_runner.py:91} INFO - Job 198: Subtask etl_tasks.extract
[2025-07-14T03:28:01.104+0000] {logging_mixin.py:188} WARNING - /home/airflow/.local/lib/python3.12/site-packages/airflow/settings.py:195 DeprecationWarning: The sql_alchemy_conn option in [core] has been moved to the sql_alchemy_conn option in [database] - the old setting has been used, but please update your config.
[2025-07-14T03:28:01.141+0000] {task_command.py:426} INFO - Running <TaskInstance: airflights_etl_pipeline.etl_tasks.extract scheduled__2025-07-14T03:26:00+00:00 [running]> on host 5a1293588d06
[2025-07-14T03:28:01.470+0000] {taskinstance.py:2648} INFO - Exporting env vars: AIRFLOW_CTX_DAG_OWNER='airflow' AIRFLOW_CTX_DAG_ID='airflights_etl_pipeline' AIRFLOW_CTX_TASK_ID='etl_tasks.extract' AIRFLOW_CTX_EXECUTION_DATE='2025-07-14T03:26:00+00:00' AIRFLOW_CTX_TRY_NUMBER='1' AIRFLOW_CTX_DAG_RUN_ID='scheduled__2025-07-14T03:26:00+00:00'
[2025-07-14T03:28:01.472+0000] {taskinstance.py:430} INFO - ::endgroup::
[2025-07-14T03:28:01.549+0000] {logging_mixin.py:188} INFO - Extracted batch 1 to /opt/airflow/data/output/extracted_batch.csv
[2025-07-14T03:28:01.550+0000] {python.py:237} INFO - Done. Returned value was: None
[2025-07-14T03:28:01.551+0000] {taskinstance.py:441} INFO - ::group::Post task execution logs
[2025-07-14T03:28:01.562+0000] {taskinstance.py:1206} INFO - Marking task as SUCCESS. dag_id=airflights_etl_pipeline, task_id=etl_tasks.extract, run_id=scheduled__2025-07-14T03:26:00+00:00, execution_date=20250714T032600, start_date=20250714T032801, end_date=20250714T032801
[2025-07-14T03:28:01.623+0000] {local_task_job_runner.py:240} INFO - Task exited with return code 0
[2025-07-14T03:28:01.648+0000] {taskinstance.py:3498} INFO - 1 downstream tasks scheduled from follow-on schedule check
[2025-07-14T03:28:01.653+0000] {local_task_job_runner.py:222} INFO - ::endgroup::
