[2025-07-15T03:36:53.975+0000] {local_task_job_runner.py:120} INFO - ::group::Pre task execution logs
[2025-07-15T03:36:54.034+0000] {taskinstance.py:2076} INFO - Dependencies all met for dep_context=non-requeueable deps ti=<TaskInstance: airflights_etl_pipeline.transform manual__2025-07-15T03:36:50.429784+00:00 [queued]>
[2025-07-15T03:36:54.049+0000] {taskinstance.py:2076} INFO - Dependencies all met for dep_context=requeueable deps ti=<TaskInstance: airflights_etl_pipeline.transform manual__2025-07-15T03:36:50.429784+00:00 [queued]>
[2025-07-15T03:36:54.051+0000] {taskinstance.py:2306} INFO - Starting attempt 1 of 2
[2025-07-15T03:36:54.074+0000] {taskinstance.py:2330} INFO - Executing <Task(PythonOperator): transform> on 2025-07-15 03:36:50.429784+00:00
[2025-07-15T03:36:54.087+0000] {logging_mixin.py:188} WARNING - /home/airflow/.local/lib/python3.12/site-packages/airflow/task/task_runner/standard_task_runner.py:61 DeprecationWarning: This process (pid=1539) is multi-threaded, use of fork() may lead to deadlocks in the child.
[2025-07-15T03:36:54.089+0000] {standard_task_runner.py:63} INFO - Started process 1541 to run task
[2025-07-15T03:36:54.087+0000] {standard_task_runner.py:90} INFO - Running: ['airflow', 'tasks', 'run', 'airflights_etl_pipeline', 'transform', 'manual__2025-07-15T03:36:50.429784+00:00', '--job-id', '1689', '--raw', '--subdir', 'DAGS_FOLDER/airflight_pipeline.py', '--cfg-path', '/tmp/tmpyl6elj7w']
[2025-07-15T03:36:54.090+0000] {standard_task_runner.py:91} INFO - Job 1689: Subtask transform
[2025-07-15T03:36:54.110+0000] {logging_mixin.py:188} WARNING - /home/airflow/.local/lib/python3.12/site-packages/airflow/settings.py:195 DeprecationWarning: The sql_alchemy_conn option in [core] has been moved to the sql_alchemy_conn option in [database] - the old setting has been used, but please update your config.
[2025-07-15T03:36:54.164+0000] {task_command.py:426} INFO - Running <TaskInstance: airflights_etl_pipeline.transform manual__2025-07-15T03:36:50.429784+00:00 [running]> on host 5a1293588d06
[2025-07-15T03:36:54.458+0000] {taskinstance.py:2648} INFO - Exporting env vars: AIRFLOW_CTX_DAG_OWNER='airflow' AIRFLOW_CTX_DAG_ID='airflights_etl_pipeline' AIRFLOW_CTX_TASK_ID='transform' AIRFLOW_CTX_EXECUTION_DATE='2025-07-15T03:36:50.429784+00:00' AIRFLOW_CTX_TRY_NUMBER='1' AIRFLOW_CTX_DAG_RUN_ID='manual__2025-07-15T03:36:50.429784+00:00'
[2025-07-15T03:36:54.459+0000] {taskinstance.py:430} INFO - ::endgroup::
[2025-07-15T03:36:54.471+0000] {taskinstance.py:441} INFO - ::group::Post task execution logs
[2025-07-15T03:36:54.472+0000] {taskinstance.py:2905} ERROR - Task failed with exception
Traceback (most recent call last):
  File "/home/airflow/.local/lib/python3.12/site-packages/airflow/models/taskinstance.py", line 465, in _execute_task
    result = _execute_callable(context=context, **execute_callable_kwargs)
             ^^^^^^^^^^^^^^^^^^^^^^^^^^^^^^^^^^^^^^^^^^^^^^^^^^^^^^^^^^^^^
  File "/home/airflow/.local/lib/python3.12/site-packages/airflow/models/taskinstance.py", line 432, in _execute_callable
    return execute_callable(context=context, **execute_callable_kwargs)
           ^^^^^^^^^^^^^^^^^^^^^^^^^^^^^^^^^^^^^^^^^^^^^^^^^^^^^^^^^^^^
  File "/home/airflow/.local/lib/python3.12/site-packages/airflow/models/baseoperator.py", line 400, in wrapper
    return func(self, *args, **kwargs)
           ^^^^^^^^^^^^^^^^^^^^^^^^^^^
  File "/home/airflow/.local/lib/python3.12/site-packages/airflow/operators/python.py", line 235, in execute
    return_value = self.execute_callable()
                   ^^^^^^^^^^^^^^^^^^^^^^^
  File "/home/airflow/.local/lib/python3.12/site-packages/airflow/operators/python.py", line 252, in execute_callable
    return self.python_callable(*self.op_args, **self.op_kwargs)
           ^^^^^^^^^^^^^^^^^^^^^^^^^^^^^^^^^^^^^^^^^^^^^^^^^^^^^
TypeError: transform_etl() missing 1 required positional argument: 'output_file_full'
[2025-07-15T03:36:54.482+0000] {taskinstance.py:1206} INFO - Marking task as UP_FOR_RETRY. dag_id=airflights_etl_pipeline, task_id=transform, run_id=manual__2025-07-15T03:36:50.429784+00:00, execution_date=20250715T033650, start_date=20250715T033654, end_date=20250715T033654
[2025-07-15T03:36:54.508+0000] {standard_task_runner.py:110} ERROR - Failed to execute job 1689 for task transform (transform_etl() missing 1 required positional argument: 'output_file_full'; 1541)
[2025-07-15T03:36:54.544+0000] {local_task_job_runner.py:240} INFO - Task exited with return code 1
[2025-07-15T03:36:54.554+0000] {local_task_job_runner.py:222} INFO - ::endgroup::
