[2025-07-15T04:07:50.973+0000] {local_task_job_runner.py:120} INFO - ::group::Pre task execution logs
[2025-07-15T04:07:51.005+0000] {taskinstance.py:2076} INFO - Dependencies all met for dep_context=non-requeueable deps ti=<TaskInstance: airflights_etl_pipeline.load manual__2025-07-15T04:07:45.897699+00:00 [queued]>
[2025-07-15T04:07:51.014+0000] {taskinstance.py:2076} INFO - Dependencies all met for dep_context=requeueable deps ti=<TaskInstance: airflights_etl_pipeline.load manual__2025-07-15T04:07:45.897699+00:00 [queued]>
[2025-07-15T04:07:51.048+0000] {taskinstance.py:2306} INFO - Starting attempt 1 of 2
[2025-07-15T04:07:51.064+0000] {taskinstance.py:2330} INFO - Executing <Task(PythonOperator): load> on 2025-07-15 04:07:45.897699+00:00
[2025-07-15T04:07:51.074+0000] {logging_mixin.py:188} WARNING - /home/airflow/.local/lib/python3.12/site-packages/airflow/task/task_runner/standard_task_runner.py:61 DeprecationWarning: This process (pid=2541) is multi-threaded, use of fork() may lead to deadlocks in the child.
[2025-07-15T04:07:51.074+0000] {standard_task_runner.py:90} INFO - Running: ['airflow', 'tasks', 'run', 'airflights_etl_pipeline', 'load', 'manual__2025-07-15T04:07:45.897699+00:00', '--job-id', '1850', '--raw', '--subdir', 'DAGS_FOLDER/airflight_pipeline.py', '--cfg-path', '/tmp/tmpgz1nfaio']
[2025-07-15T04:07:51.075+0000] {standard_task_runner.py:63} INFO - Started process 2543 to run task
[2025-07-15T04:07:51.076+0000] {standard_task_runner.py:91} INFO - Job 1850: Subtask load
[2025-07-15T04:07:51.094+0000] {logging_mixin.py:188} WARNING - /home/airflow/.local/lib/python3.12/site-packages/airflow/settings.py:195 DeprecationWarning: The sql_alchemy_conn option in [core] has been moved to the sql_alchemy_conn option in [database] - the old setting has been used, but please update your config.
[2025-07-15T04:07:51.132+0000] {task_command.py:426} INFO - Running <TaskInstance: airflights_etl_pipeline.load manual__2025-07-15T04:07:45.897699+00:00 [running]> on host 5a1293588d06
[2025-07-15T04:07:51.438+0000] {taskinstance.py:2648} INFO - Exporting env vars: AIRFLOW_CTX_DAG_OWNER='airflow' AIRFLOW_CTX_DAG_ID='airflights_etl_pipeline' AIRFLOW_CTX_TASK_ID='load' AIRFLOW_CTX_EXECUTION_DATE='2025-07-15T04:07:45.897699+00:00' AIRFLOW_CTX_TRY_NUMBER='1' AIRFLOW_CTX_DAG_RUN_ID='manual__2025-07-15T04:07:45.897699+00:00'
[2025-07-15T04:07:51.439+0000] {taskinstance.py:430} INFO - ::endgroup::
[2025-07-15T04:07:51.449+0000] {logging_mixin.py:188} INFO - Membaca file summary: /opt/airflow/data/output/transformed.parquet
[2025-07-15T04:07:51.485+0000] {logging_mixin.py:188} INFO - Summary: 4 rows, 3 columns
[2025-07-15T04:07:51.535+0000] {logging_mixin.py:188} INFO - Summary disimpan ke tabel: flights_summary
[2025-07-15T04:07:51.541+0000] {logging_mixin.py:188} INFO - Membaca file full: /opt/airflow/data/output/transformed.parquet
[2025-07-15T04:07:51.549+0000] {logging_mixin.py:188} INFO - Full: 4 rows, 3 columns
[2025-07-15T04:07:51.573+0000] {logging_mixin.py:188} INFO - Full disimpan ke tabel: flights_full
[2025-07-15T04:07:51.577+0000] {logging_mixin.py:188} INFO - Kedua dataset berhasil dimuat ke PostgreSQL.
[2025-07-15T04:07:51.578+0000] {python.py:237} INFO - Done. Returned value was: None
[2025-07-15T04:07:51.579+0000] {taskinstance.py:441} INFO - ::group::Post task execution logs
[2025-07-15T04:07:51.590+0000] {taskinstance.py:1206} INFO - Marking task as SUCCESS. dag_id=airflights_etl_pipeline, task_id=load, run_id=manual__2025-07-15T04:07:45.897699+00:00, execution_date=20250715T040745, start_date=20250715T040751, end_date=20250715T040751
[2025-07-15T04:07:51.651+0000] {local_task_job_runner.py:240} INFO - Task exited with return code 0
[2025-07-15T04:07:51.671+0000] {taskinstance.py:3498} INFO - 0 downstream tasks scheduled from follow-on schedule check
[2025-07-15T04:07:51.707+0000] {local_task_job_runner.py:222} INFO - ::endgroup::
