[2025-07-14T07:52:02.128+0000] {local_task_job_runner.py:120} INFO - ::group::Pre task execution logs
[2025-07-14T07:52:02.194+0000] {taskinstance.py:2076} INFO - Dependencies all met for dep_context=non-requeueable deps ti=<TaskInstance: airflights_etl_pipeline.extract_task.extract1 scheduled__2025-07-14T07:50:00+00:00 [queued]>
[2025-07-14T07:52:02.212+0000] {taskinstance.py:2076} INFO - Dependencies all met for dep_context=requeueable deps ti=<TaskInstance: airflights_etl_pipeline.extract_task.extract1 scheduled__2025-07-14T07:50:00+00:00 [queued]>
[2025-07-14T07:52:02.213+0000] {taskinstance.py:2306} INFO - Starting attempt 1 of 2
[2025-07-14T07:52:02.245+0000] {taskinstance.py:2330} INFO - Executing <Task(PythonOperator): extract_task.extract1> on 2025-07-14 07:50:00+00:00
[2025-07-14T07:52:02.276+0000] {standard_task_runner.py:90} INFO - Running: ['airflow', 'tasks', 'run', 'airflights_etl_pipeline', 'extract_task.extract1', 'scheduled__2025-07-14T07:50:00+00:00', '--job-id', '1135', '--raw', '--subdir', 'DAGS_FOLDER/airflight_pipeline.py', '--cfg-path', '/tmp/tmp6gi1og5l']
[2025-07-14T07:52:02.281+0000] {standard_task_runner.py:91} INFO - Job 1135: Subtask extract_task.extract1
[2025-07-14T07:52:02.278+0000] {logging_mixin.py:188} WARNING - /home/airflow/.local/lib/python3.12/site-packages/airflow/task/task_runner/standard_task_runner.py:61 DeprecationWarning: This process (pid=6879) is multi-threaded, use of fork() may lead to deadlocks in the child.
[2025-07-14T07:52:02.284+0000] {standard_task_runner.py:63} INFO - Started process 6890 to run task
[2025-07-14T07:52:02.317+0000] {logging_mixin.py:188} WARNING - /home/airflow/.local/lib/python3.12/site-packages/airflow/settings.py:195 DeprecationWarning: The sql_alchemy_conn option in [core] has been moved to the sql_alchemy_conn option in [database] - the old setting has been used, but please update your config.
[2025-07-14T07:52:02.402+0000] {task_command.py:426} INFO - Running <TaskInstance: airflights_etl_pipeline.extract_task.extract1 scheduled__2025-07-14T07:50:00+00:00 [running]> on host 5a1293588d06
[2025-07-14T07:52:02.923+0000] {taskinstance.py:2648} INFO - Exporting env vars: AIRFLOW_CTX_DAG_OWNER='airflow' AIRFLOW_CTX_DAG_ID='airflights_etl_pipeline' AIRFLOW_CTX_TASK_ID='extract_task.extract1' AIRFLOW_CTX_EXECUTION_DATE='2025-07-14T07:50:00+00:00' AIRFLOW_CTX_TRY_NUMBER='1' AIRFLOW_CTX_DAG_RUN_ID='scheduled__2025-07-14T07:50:00+00:00'
[2025-07-14T07:52:02.925+0000] {taskinstance.py:430} INFO - ::endgroup::
[2025-07-14T07:52:03.064+0000] {logging_mixin.py:188} INFO - Extracted batch 1 to /opt/airflow/data/output/extracted_batch1.csv
[2025-07-14T07:52:03.065+0000] {python.py:237} INFO - Done. Returned value was: None
[2025-07-14T07:52:03.066+0000] {taskinstance.py:441} INFO - ::group::Post task execution logs
[2025-07-14T07:52:03.082+0000] {taskinstance.py:1206} INFO - Marking task as SUCCESS. dag_id=airflights_etl_pipeline, task_id=extract_task.extract1, run_id=scheduled__2025-07-14T07:50:00+00:00, execution_date=20250714T075000, start_date=20250714T075202, end_date=20250714T075203
[2025-07-14T07:52:03.145+0000] {local_task_job_runner.py:240} INFO - Task exited with return code 0
[2025-07-14T07:52:03.170+0000] {taskinstance.py:3498} INFO - 0 downstream tasks scheduled from follow-on schedule check
[2025-07-14T07:52:03.172+0000] {local_task_job_runner.py:222} INFO - ::endgroup::
