[2025-07-15T08:42:01.846+0000] {local_task_job_runner.py:120} INFO - ::group::Pre task execution logs
[2025-07-15T08:42:01.894+0000] {taskinstance.py:2076} INFO - Dependencies all met for dep_context=non-requeueable deps ti=<TaskInstance: airflights_etl_pipeline.extract_task.extract2 scheduled__2025-07-15T08:40:00+00:00 [queued]>
[2025-07-15T08:42:01.910+0000] {taskinstance.py:2076} INFO - Dependencies all met for dep_context=requeueable deps ti=<TaskInstance: airflights_etl_pipeline.extract_task.extract2 scheduled__2025-07-15T08:40:00+00:00 [queued]>
[2025-07-15T08:42:01.911+0000] {taskinstance.py:2306} INFO - Starting attempt 1 of 2
[2025-07-15T08:42:01.945+0000] {taskinstance.py:2330} INFO - Executing <Task(PythonOperator): extract_task.extract2> on 2025-07-15 08:40:00+00:00
[2025-07-15T08:42:01.970+0000] {logging_mixin.py:188} WARNING - /home/airflow/.local/lib/python3.12/site-packages/airflow/task/task_runner/standard_task_runner.py:61 DeprecationWarning: This process (pid=10087) is multi-threaded, use of fork() may lead to deadlocks in the child.
[2025-07-15T08:42:01.970+0000] {standard_task_runner.py:90} INFO - Running: ['airflow', 'tasks', 'run', 'airflights_etl_pipeline', 'extract_task.extract2', 'scheduled__2025-07-15T08:40:00+00:00', '--job-id', '2959', '--raw', '--subdir', 'DAGS_FOLDER/airflight_pipeline.py', '--cfg-path', '/tmp/tmpnsjvze1c']
[2025-07-15T08:42:01.973+0000] {standard_task_runner.py:91} INFO - Job 2959: Subtask extract_task.extract2
[2025-07-15T08:42:01.973+0000] {standard_task_runner.py:63} INFO - Started process 10098 to run task
[2025-07-15T08:42:02.050+0000] {logging_mixin.py:188} WARNING - /home/airflow/.local/lib/python3.12/site-packages/airflow/settings.py:195 DeprecationWarning: The sql_alchemy_conn option in [core] has been moved to the sql_alchemy_conn option in [database] - the old setting has been used, but please update your config.
[2025-07-15T08:42:02.110+0000] {task_command.py:426} INFO - Running <TaskInstance: airflights_etl_pipeline.extract_task.extract2 scheduled__2025-07-15T08:40:00+00:00 [running]> on host 5a1293588d06
[2025-07-15T08:42:02.711+0000] {taskinstance.py:2648} INFO - Exporting env vars: AIRFLOW_CTX_DAG_OWNER='airflow' AIRFLOW_CTX_DAG_ID='airflights_etl_pipeline' AIRFLOW_CTX_TASK_ID='extract_task.extract2' AIRFLOW_CTX_EXECUTION_DATE='2025-07-15T08:40:00+00:00' AIRFLOW_CTX_TRY_NUMBER='1' AIRFLOW_CTX_DAG_RUN_ID='scheduled__2025-07-15T08:40:00+00:00'
[2025-07-15T08:42:02.713+0000] {taskinstance.py:430} INFO - ::endgroup::
[2025-07-15T08:42:02.810+0000] {logging_mixin.py:188} INFO - Extracted batch 2 to /opt/airflow/data/output/extracted_batch2.csv
[2025-07-15T08:42:02.811+0000] {python.py:237} INFO - Done. Returned value was: None
[2025-07-15T08:42:02.812+0000] {taskinstance.py:441} INFO - ::group::Post task execution logs
[2025-07-15T08:42:02.822+0000] {taskinstance.py:1206} INFO - Marking task as SUCCESS. dag_id=airflights_etl_pipeline, task_id=extract_task.extract2, run_id=scheduled__2025-07-15T08:40:00+00:00, execution_date=20250715T084000, start_date=20250715T084201, end_date=20250715T084202
[2025-07-15T08:42:02.875+0000] {local_task_job_runner.py:240} INFO - Task exited with return code 0
[2025-07-15T08:42:02.895+0000] {taskinstance.py:3498} INFO - 0 downstream tasks scheduled from follow-on schedule check
[2025-07-15T08:42:02.898+0000] {local_task_job_runner.py:222} INFO - ::endgroup::
