[2025-07-15T09:57:24.357+0000] {local_task_job_runner.py:120} INFO - ::group::Pre task execution logs
[2025-07-15T09:57:24.401+0000] {taskinstance.py:2076} INFO - Dependencies all met for dep_context=non-requeueable deps ti=<TaskInstance: airflights_etl_pipeline.extract_task.extract5 manual__2025-07-15T09:57:22.348949+00:00 [queued]>
[2025-07-15T09:57:24.411+0000] {taskinstance.py:2076} INFO - Dependencies all met for dep_context=requeueable deps ti=<TaskInstance: airflights_etl_pipeline.extract_task.extract5 manual__2025-07-15T09:57:22.348949+00:00 [queued]>
[2025-07-15T09:57:24.412+0000] {taskinstance.py:2306} INFO - Starting attempt 1 of 2
[2025-07-15T09:57:24.436+0000] {taskinstance.py:2330} INFO - Executing <Task(PythonOperator): extract_task.extract5> on 2025-07-15 09:57:22.348949+00:00
[2025-07-15T09:57:24.451+0000] {logging_mixin.py:188} WARNING - /home/airflow/.local/lib/python3.12/site-packages/airflow/task/task_runner/standard_task_runner.py:61 DeprecationWarning: This process (pid=12055) is multi-threaded, use of fork() may lead to deadlocks in the child.
[2025-07-15T09:57:24.448+0000] {standard_task_runner.py:90} INFO - Running: ['airflow', 'tasks', 'run', 'airflights_etl_pipeline', 'extract_task.extract5', 'manual__2025-07-15T09:57:22.348949+00:00', '--job-id', '3224', '--raw', '--subdir', 'DAGS_FOLDER/airflight_pipeline.py', '--cfg-path', '/tmp/tmpgpg87xhq']
[2025-07-15T09:57:24.454+0000] {standard_task_runner.py:63} INFO - Started process 12065 to run task
[2025-07-15T09:57:24.454+0000] {standard_task_runner.py:91} INFO - Job 3224: Subtask extract_task.extract5
[2025-07-15T09:57:24.482+0000] {logging_mixin.py:188} WARNING - /home/airflow/.local/lib/python3.12/site-packages/airflow/settings.py:195 DeprecationWarning: The sql_alchemy_conn option in [core] has been moved to the sql_alchemy_conn option in [database] - the old setting has been used, but please update your config.
[2025-07-15T09:57:24.530+0000] {task_command.py:426} INFO - Running <TaskInstance: airflights_etl_pipeline.extract_task.extract5 manual__2025-07-15T09:57:22.348949+00:00 [running]> on host 5a1293588d06
[2025-07-15T09:57:25.139+0000] {taskinstance.py:2648} INFO - Exporting env vars: AIRFLOW_CTX_DAG_OWNER='airflow' AIRFLOW_CTX_DAG_ID='airflights_etl_pipeline' AIRFLOW_CTX_TASK_ID='extract_task.extract5' AIRFLOW_CTX_EXECUTION_DATE='2025-07-15T09:57:22.348949+00:00' AIRFLOW_CTX_TRY_NUMBER='1' AIRFLOW_CTX_DAG_RUN_ID='manual__2025-07-15T09:57:22.348949+00:00'
[2025-07-15T09:57:25.141+0000] {taskinstance.py:430} INFO - ::endgroup::
[2025-07-15T09:57:25.438+0000] {logging_mixin.py:188} INFO - Extracted batch 5 to /opt/airflow/data/output/extracted_batch5.csv
[2025-07-15T09:57:25.439+0000] {python.py:237} INFO - Done. Returned value was: None
[2025-07-15T09:57:25.440+0000] {taskinstance.py:441} INFO - ::group::Post task execution logs
[2025-07-15T09:57:25.468+0000] {taskinstance.py:1206} INFO - Marking task as SUCCESS. dag_id=airflights_etl_pipeline, task_id=extract_task.extract5, run_id=manual__2025-07-15T09:57:22.348949+00:00, execution_date=20250715T095722, start_date=20250715T095724, end_date=20250715T095725
[2025-07-15T09:57:25.555+0000] {local_task_job_runner.py:240} INFO - Task exited with return code 0
[2025-07-15T09:57:25.624+0000] {taskinstance.py:3498} INFO - 1 downstream tasks scheduled from follow-on schedule check
[2025-07-15T09:57:25.635+0000] {local_task_job_runner.py:222} INFO - ::endgroup::
