[2025-07-14T03:37:23.486+0000] {local_task_job_runner.py:120} INFO - ::group::Pre task execution logs
[2025-07-14T03:37:23.547+0000] {taskinstance.py:2076} INFO - Dependencies all met for dep_context=non-requeueable deps ti=<TaskInstance: airflights_etl_pipeline.transform manual__2025-07-14T03:37:19.718946+00:00 [queued]>
[2025-07-14T03:37:23.565+0000] {taskinstance.py:2076} INFO - Dependencies all met for dep_context=requeueable deps ti=<TaskInstance: airflights_etl_pipeline.transform manual__2025-07-14T03:37:19.718946+00:00 [queued]>
[2025-07-14T03:37:23.566+0000] {taskinstance.py:2306} INFO - Starting attempt 1 of 2
[2025-07-14T03:37:23.589+0000] {taskinstance.py:2330} INFO - Executing <Task(PythonOperator): transform> on 2025-07-14 03:37:19.718946+00:00
[2025-07-14T03:37:23.601+0000] {logging_mixin.py:188} WARNING - /home/airflow/.local/lib/python3.12/site-packages/airflow/task/task_runner/standard_task_runner.py:61 DeprecationWarning: This process (pid=609) is multi-threaded, use of fork() may lead to deadlocks in the child.
[2025-07-14T03:37:23.601+0000] {standard_task_runner.py:90} INFO - Running: ['airflow', 'tasks', 'run', 'airflights_etl_pipeline', 'transform', 'manual__2025-07-14T03:37:19.718946+00:00', '--job-id', '233', '--raw', '--subdir', 'DAGS_FOLDER/airflight_pipeline.py', '--cfg-path', '/tmp/tmpkxak2muu']
[2025-07-14T03:37:23.602+0000] {standard_task_runner.py:63} INFO - Started process 611 to run task
[2025-07-14T03:37:23.603+0000] {standard_task_runner.py:91} INFO - Job 233: Subtask transform
[2025-07-14T03:37:23.620+0000] {logging_mixin.py:188} WARNING - /home/airflow/.local/lib/python3.12/site-packages/airflow/settings.py:195 DeprecationWarning: The sql_alchemy_conn option in [core] has been moved to the sql_alchemy_conn option in [database] - the old setting has been used, but please update your config.
[2025-07-14T03:37:23.661+0000] {task_command.py:426} INFO - Running <TaskInstance: airflights_etl_pipeline.transform manual__2025-07-14T03:37:19.718946+00:00 [running]> on host 5a1293588d06
[2025-07-14T03:37:24.063+0000] {taskinstance.py:2648} INFO - Exporting env vars: AIRFLOW_CTX_DAG_OWNER='airflow' AIRFLOW_CTX_DAG_ID='airflights_etl_pipeline' AIRFLOW_CTX_TASK_ID='transform' AIRFLOW_CTX_EXECUTION_DATE='2025-07-14T03:37:19.718946+00:00' AIRFLOW_CTX_TRY_NUMBER='1' AIRFLOW_CTX_DAG_RUN_ID='manual__2025-07-14T03:37:19.718946+00:00'
[2025-07-14T03:37:24.065+0000] {taskinstance.py:430} INFO - ::endgroup::
[2025-07-14T03:37:24.093+0000] {logging_mixin.py:188} INFO - Data loaded: 5000 rows, 21 columns
[2025-07-14T03:37:24.093+0000] {logging_mixin.py:188} INFO - Columns found: ['YearFlight', 'MonthFlight', 'DayofMonth', 'DayOfWeek', 'DepTime', 'ArrTime', 'UniqueCarrier', 'FlightNum', 'TailNum', 'ActualElapsedTime', 'AirTime', 'ArrDelay', 'DepDelay', 'Origin', 'Dest', 'Distance', 'TaxiIn', 'TaxiOut', 'Cancelled', 'CancellationCode', 'Diverted']
[2025-07-14T03:37:24.097+0000] {logging_mixin.py:188} INFO - Dropped 65 rows with missing DepDelay or ArrDelay.
[2025-07-14T03:37:24.098+0000] {logging_mixin.py:188} INFO - Kolom DepTime tidak ditemukan, TimeOfDay dilewati.
[2025-07-14T03:37:24.121+0000] {logging_mixin.py:188} INFO - Transformed data saved to: /opt/airflow/data/output/transformed.parquet
[2025-07-14T03:37:24.121+0000] {python.py:237} INFO - Done. Returned value was: None
[2025-07-14T03:37:24.122+0000] {taskinstance.py:441} INFO - ::group::Post task execution logs
[2025-07-14T03:37:24.132+0000] {taskinstance.py:1206} INFO - Marking task as SUCCESS. dag_id=airflights_etl_pipeline, task_id=transform, run_id=manual__2025-07-14T03:37:19.718946+00:00, execution_date=20250714T033719, start_date=20250714T033723, end_date=20250714T033724
[2025-07-14T03:37:24.179+0000] {local_task_job_runner.py:240} INFO - Task exited with return code 0
[2025-07-14T03:37:24.198+0000] {taskinstance.py:3498} INFO - 1 downstream tasks scheduled from follow-on schedule check
[2025-07-14T03:37:24.206+0000] {local_task_job_runner.py:222} INFO - ::endgroup::
