[2025-07-15T07:06:30.480+0000] {local_task_job_runner.py:120} INFO - ::group::Pre task execution logs
[2025-07-15T07:06:30.546+0000] {taskinstance.py:2076} INFO - Dependencies all met for dep_context=non-requeueable deps ti=<TaskInstance: airflights_etl_pipeline.load manual__2025-07-15T07:06:26.519478+00:00 [queued]>
[2025-07-15T07:06:30.560+0000] {taskinstance.py:2076} INFO - Dependencies all met for dep_context=requeueable deps ti=<TaskInstance: airflights_etl_pipeline.load manual__2025-07-15T07:06:26.519478+00:00 [queued]>
[2025-07-15T07:06:30.563+0000] {taskinstance.py:2306} INFO - Starting attempt 1 of 2
[2025-07-15T07:06:30.589+0000] {taskinstance.py:2330} INFO - Executing <Task(PythonOperator): load> on 2025-07-15 07:06:26.519478+00:00
[2025-07-15T07:06:30.603+0000] {logging_mixin.py:188} WARNING - /home/airflow/.local/lib/python3.12/site-packages/airflow/task/task_runner/standard_task_runner.py:61 DeprecationWarning: This process (pid=7338) is multi-threaded, use of fork() may lead to deadlocks in the child.
[2025-07-15T07:06:30.604+0000] {standard_task_runner.py:63} INFO - Started process 7340 to run task
[2025-07-15T07:06:30.603+0000] {standard_task_runner.py:90} INFO - Running: ['airflow', 'tasks', 'run', 'airflights_etl_pipeline', 'load', 'manual__2025-07-15T07:06:26.519478+00:00', '--job-id', '2579', '--raw', '--subdir', 'DAGS_FOLDER/airflight_pipeline.py', '--cfg-path', '/tmp/tmpc2ykienb']
[2025-07-15T07:06:30.605+0000] {standard_task_runner.py:91} INFO - Job 2579: Subtask load
[2025-07-15T07:06:30.627+0000] {logging_mixin.py:188} WARNING - /home/airflow/.local/lib/python3.12/site-packages/airflow/settings.py:195 DeprecationWarning: The sql_alchemy_conn option in [core] has been moved to the sql_alchemy_conn option in [database] - the old setting has been used, but please update your config.
[2025-07-15T07:06:30.675+0000] {task_command.py:426} INFO - Running <TaskInstance: airflights_etl_pipeline.load manual__2025-07-15T07:06:26.519478+00:00 [running]> on host 5a1293588d06
[2025-07-15T07:06:30.998+0000] {taskinstance.py:2648} INFO - Exporting env vars: AIRFLOW_CTX_DAG_OWNER='airflow' AIRFLOW_CTX_DAG_ID='airflights_etl_pipeline' AIRFLOW_CTX_TASK_ID='load' AIRFLOW_CTX_EXECUTION_DATE='2025-07-15T07:06:26.519478+00:00' AIRFLOW_CTX_TRY_NUMBER='1' AIRFLOW_CTX_DAG_RUN_ID='manual__2025-07-15T07:06:26.519478+00:00'
[2025-07-15T07:06:30.999+0000] {taskinstance.py:430} INFO - ::endgroup::
[2025-07-15T07:06:31.074+0000] {logging_mixin.py:188} INFO - Data loaded to PostgreSQL table flights_summary
[2025-07-15T07:06:31.097+0000] {logging_mixin.py:188} INFO - Data loaded to PostgreSQL table flights_full
[2025-07-15T07:06:31.098+0000] {python.py:237} INFO - Done. Returned value was: None
[2025-07-15T07:06:31.099+0000] {taskinstance.py:441} INFO - ::group::Post task execution logs
[2025-07-15T07:06:31.108+0000] {taskinstance.py:1206} INFO - Marking task as SUCCESS. dag_id=airflights_etl_pipeline, task_id=load, run_id=manual__2025-07-15T07:06:26.519478+00:00, execution_date=20250715T070626, start_date=20250715T070630, end_date=20250715T070631
[2025-07-15T07:06:31.140+0000] {local_task_job_runner.py:240} INFO - Task exited with return code 0
[2025-07-15T07:06:31.156+0000] {taskinstance.py:3498} INFO - 0 downstream tasks scheduled from follow-on schedule check
[2025-07-15T07:06:31.160+0000] {local_task_job_runner.py:222} INFO - ::endgroup::
