[2025-07-15T06:10:02.576+0000] {local_task_job_runner.py:120} INFO - ::group::Pre task execution logs
[2025-07-15T06:10:02.610+0000] {taskinstance.py:2076} INFO - Dependencies all met for dep_context=non-requeueable deps ti=<TaskInstance: airflights_etl_pipeline.transform scheduled__2025-07-15T06:08:00+00:00 [queued]>
[2025-07-15T06:10:02.621+0000] {taskinstance.py:2076} INFO - Dependencies all met for dep_context=requeueable deps ti=<TaskInstance: airflights_etl_pipeline.transform scheduled__2025-07-15T06:08:00+00:00 [queued]>
[2025-07-15T06:10:02.623+0000] {taskinstance.py:2306} INFO - Starting attempt 1 of 2
[2025-07-15T06:10:02.638+0000] {taskinstance.py:2330} INFO - Executing <Task(PythonOperator): transform> on 2025-07-15 06:08:00+00:00
[2025-07-15T06:10:02.647+0000] {logging_mixin.py:188} WARNING - /home/airflow/.local/lib/python3.12/site-packages/airflow/task/task_runner/standard_task_runner.py:61 DeprecationWarning: This process (pid=5691) is multi-threaded, use of fork() may lead to deadlocks in the child.
[2025-07-15T06:10:02.648+0000] {standard_task_runner.py:63} INFO - Started process 5693 to run task
[2025-07-15T06:10:02.647+0000] {standard_task_runner.py:90} INFO - Running: ['airflow', 'tasks', 'run', 'airflights_etl_pipeline', 'transform', 'scheduled__2025-07-15T06:08:00+00:00', '--job-id', '2346', '--raw', '--subdir', 'DAGS_FOLDER/airflight_pipeline.py', '--cfg-path', '/tmp/tmp2a_7k7rx']
[2025-07-15T06:10:02.649+0000] {standard_task_runner.py:91} INFO - Job 2346: Subtask transform
[2025-07-15T06:10:02.666+0000] {logging_mixin.py:188} WARNING - /home/airflow/.local/lib/python3.12/site-packages/airflow/settings.py:195 DeprecationWarning: The sql_alchemy_conn option in [core] has been moved to the sql_alchemy_conn option in [database] - the old setting has been used, but please update your config.
[2025-07-15T06:10:02.701+0000] {task_command.py:426} INFO - Running <TaskInstance: airflights_etl_pipeline.transform scheduled__2025-07-15T06:08:00+00:00 [running]> on host 5a1293588d06
[2025-07-15T06:10:02.940+0000] {taskinstance.py:2648} INFO - Exporting env vars: AIRFLOW_CTX_DAG_OWNER='airflow' AIRFLOW_CTX_DAG_ID='airflights_etl_pipeline' AIRFLOW_CTX_TASK_ID='transform' AIRFLOW_CTX_EXECUTION_DATE='2025-07-15T06:08:00+00:00' AIRFLOW_CTX_TRY_NUMBER='1' AIRFLOW_CTX_DAG_RUN_ID='scheduled__2025-07-15T06:08:00+00:00'
[2025-07-15T06:10:02.941+0000] {taskinstance.py:430} INFO - ::endgroup::
[2025-07-15T06:10:02.967+0000] {logging_mixin.py:188} INFO - Data loaded: 5000 rows, 21 columns
[2025-07-15T06:10:02.967+0000] {logging_mixin.py:188} INFO - Columns found: ['YearFlight', 'MonthFlight', 'DayofMonth', 'DayOfWeek', 'DepTime', 'ArrTime', 'UniqueCarrier', 'FlightNum', 'TailNum', 'ActualElapsedTime', 'AirTime', 'ArrDelay', 'DepDelay', 'Origin', 'Dest', 'Distance', 'TaxiIn', 'TaxiOut', 'Cancelled', 'CancellationCode', 'Diverted']
[2025-07-15T06:10:02.970+0000] {logging_mixin.py:188} INFO - Dropped 65 rows with missing DepDelay or ArrDelay.
[2025-07-15T06:10:02.971+0000] {logging_mixin.py:188} INFO - Kolom DepTime tidak ditemukan, TimeOfDay dilewati.
[2025-07-15T06:10:02.994+0000] {logging_mixin.py:188} INFO - Transformed data saved to: /opt/airflow/data/output/transformed.parquet
[2025-07-15T06:10:02.995+0000] {python.py:237} INFO - Done. Returned value was: None
[2025-07-15T06:10:02.995+0000] {taskinstance.py:441} INFO - ::group::Post task execution logs
[2025-07-15T06:10:03.005+0000] {taskinstance.py:1206} INFO - Marking task as SUCCESS. dag_id=airflights_etl_pipeline, task_id=transform, run_id=scheduled__2025-07-15T06:08:00+00:00, execution_date=20250715T060800, start_date=20250715T061002, end_date=20250715T061003
[2025-07-15T06:10:03.063+0000] {local_task_job_runner.py:240} INFO - Task exited with return code 0
[2025-07-15T06:10:03.085+0000] {taskinstance.py:3498} INFO - 1 downstream tasks scheduled from follow-on schedule check
[2025-07-15T06:10:03.097+0000] {local_task_job_runner.py:222} INFO - ::endgroup::
