[2025-07-15T06:33:02.157+0000] {local_task_job_runner.py:120} INFO - ::group::Pre task execution logs
[2025-07-15T06:33:02.201+0000] {taskinstance.py:2076} INFO - Dependencies all met for dep_context=non-requeueable deps ti=<TaskInstance: airflights_etl_pipeline.extract_task.extract2 scheduled__2025-07-15T06:30:00+00:00 [queued]>
[2025-07-15T06:33:02.212+0000] {taskinstance.py:2076} INFO - Dependencies all met for dep_context=requeueable deps ti=<TaskInstance: airflights_etl_pipeline.extract_task.extract2 scheduled__2025-07-15T06:30:00+00:00 [queued]>
[2025-07-15T06:33:02.213+0000] {taskinstance.py:2306} INFO - Starting attempt 2 of 2
[2025-07-15T06:33:02.279+0000] {taskinstance.py:2330} INFO - Executing <Task(PythonOperator): extract_task.extract2> on 2025-07-15 06:30:00+00:00
[2025-07-15T06:33:02.287+0000] {logging_mixin.py:188} WARNING - /home/airflow/.local/lib/python3.12/site-packages/airflow/task/task_runner/standard_task_runner.py:61 DeprecationWarning: This process (pid=6262) is multi-threaded, use of fork() may lead to deadlocks in the child.
[2025-07-15T06:33:02.288+0000] {standard_task_runner.py:63} INFO - Started process 6275 to run task
[2025-07-15T06:33:02.289+0000] {standard_task_runner.py:90} INFO - Running: ['airflow', 'tasks', 'run', 'airflights_etl_pipeline', 'extract_task.extract2', 'scheduled__2025-07-15T06:30:00+00:00', '--job-id', '2418', '--raw', '--subdir', 'DAGS_FOLDER/airflight_pipeline.py', '--cfg-path', '/tmp/tmpoe9o7px_']
[2025-07-15T06:33:02.292+0000] {standard_task_runner.py:91} INFO - Job 2418: Subtask extract_task.extract2
[2025-07-15T06:33:02.309+0000] {logging_mixin.py:188} WARNING - /home/airflow/.local/lib/python3.12/site-packages/airflow/settings.py:195 DeprecationWarning: The sql_alchemy_conn option in [core] has been moved to the sql_alchemy_conn option in [database] - the old setting has been used, but please update your config.
[2025-07-15T06:33:02.358+0000] {task_command.py:426} INFO - Running <TaskInstance: airflights_etl_pipeline.extract_task.extract2 scheduled__2025-07-15T06:30:00+00:00 [running]> on host 5a1293588d06
[2025-07-15T06:33:02.793+0000] {taskinstance.py:2648} INFO - Exporting env vars: AIRFLOW_CTX_DAG_OWNER='airflow' AIRFLOW_CTX_DAG_ID='airflights_etl_pipeline' AIRFLOW_CTX_TASK_ID='extract_task.extract2' AIRFLOW_CTX_EXECUTION_DATE='2025-07-15T06:30:00+00:00' AIRFLOW_CTX_TRY_NUMBER='2' AIRFLOW_CTX_DAG_RUN_ID='scheduled__2025-07-15T06:30:00+00:00'
[2025-07-15T06:33:02.795+0000] {taskinstance.py:430} INFO - ::endgroup::
[2025-07-15T06:33:02.906+0000] {logging_mixin.py:188} INFO - Extracted batch 2 to /opt/airflow/data/output/extracted_batch2.csv
[2025-07-15T06:33:02.907+0000] {python.py:237} INFO - Done. Returned value was: None
[2025-07-15T06:33:02.909+0000] {taskinstance.py:441} INFO - ::group::Post task execution logs
[2025-07-15T06:33:02.923+0000] {taskinstance.py:1206} INFO - Marking task as SUCCESS. dag_id=airflights_etl_pipeline, task_id=extract_task.extract2, run_id=scheduled__2025-07-15T06:30:00+00:00, execution_date=20250715T063000, start_date=20250715T063302, end_date=20250715T063302
[2025-07-15T06:33:03.024+0000] {local_task_job_runner.py:240} INFO - Task exited with return code 0
[2025-07-15T06:33:03.046+0000] {taskinstance.py:3498} INFO - 0 downstream tasks scheduled from follow-on schedule check
[2025-07-15T06:33:03.057+0000] {local_task_job_runner.py:222} INFO - ::endgroup::
