[2025-07-15T04:50:03.876+0000] {local_task_job_runner.py:120} INFO - ::group::Pre task execution logs
[2025-07-15T04:50:03.910+0000] {taskinstance.py:2076} INFO - Dependencies all met for dep_context=non-requeueable deps ti=<TaskInstance: airflights_etl_pipeline.transform scheduled__2025-07-15T04:48:00+00:00 [queued]>
[2025-07-15T04:50:03.920+0000] {taskinstance.py:2076} INFO - Dependencies all met for dep_context=requeueable deps ti=<TaskInstance: airflights_etl_pipeline.transform scheduled__2025-07-15T04:48:00+00:00 [queued]>
[2025-07-15T04:50:03.921+0000] {taskinstance.py:2306} INFO - Starting attempt 1 of 2
[2025-07-15T04:50:03.936+0000] {taskinstance.py:2330} INFO - Executing <Task(PythonOperator): transform> on 2025-07-15 04:48:00+00:00
[2025-07-15T04:50:03.946+0000] {logging_mixin.py:188} WARNING - /home/airflow/.local/lib/python3.12/site-packages/airflow/task/task_runner/standard_task_runner.py:61 DeprecationWarning: This process (pid=3734) is multi-threaded, use of fork() may lead to deadlocks in the child.
[2025-07-15T04:50:03.946+0000] {standard_task_runner.py:90} INFO - Running: ['airflow', 'tasks', 'run', 'airflights_etl_pipeline', 'transform', 'scheduled__2025-07-15T04:48:00+00:00', '--job-id', '2024', '--raw', '--subdir', 'DAGS_FOLDER/airflight_pipeline.py', '--cfg-path', '/tmp/tmpixv8jemd']
[2025-07-15T04:50:03.947+0000] {standard_task_runner.py:63} INFO - Started process 3736 to run task
[2025-07-15T04:50:03.947+0000] {standard_task_runner.py:91} INFO - Job 2024: Subtask transform
[2025-07-15T04:50:03.966+0000] {logging_mixin.py:188} WARNING - /home/airflow/.local/lib/python3.12/site-packages/airflow/settings.py:195 DeprecationWarning: The sql_alchemy_conn option in [core] has been moved to the sql_alchemy_conn option in [database] - the old setting has been used, but please update your config.
[2025-07-15T04:50:04.004+0000] {task_command.py:426} INFO - Running <TaskInstance: airflights_etl_pipeline.transform scheduled__2025-07-15T04:48:00+00:00 [running]> on host 5a1293588d06
[2025-07-15T04:50:04.280+0000] {taskinstance.py:2648} INFO - Exporting env vars: AIRFLOW_CTX_DAG_OWNER='airflow' AIRFLOW_CTX_DAG_ID='airflights_etl_pipeline' AIRFLOW_CTX_TASK_ID='transform' AIRFLOW_CTX_EXECUTION_DATE='2025-07-15T04:48:00+00:00' AIRFLOW_CTX_TRY_NUMBER='1' AIRFLOW_CTX_DAG_RUN_ID='scheduled__2025-07-15T04:48:00+00:00'
[2025-07-15T04:50:04.281+0000] {taskinstance.py:430} INFO - ::endgroup::
[2025-07-15T04:50:04.744+0000] {logging_mixin.py:188} INFO - Data loaded: 227496 rows, 21 columns
[2025-07-15T04:50:04.745+0000] {logging_mixin.py:188} INFO - Columns found: ['YearFlight', 'MonthFlight', 'DayofMonth', 'DayOfWeek', 'DepTime', 'ArrTime', 'UniqueCarrier', 'FlightNum', 'TailNum', 'ActualElapsedTime', 'AirTime', 'ArrDelay', 'DepDelay', 'Origin', 'Dest', 'Distance', 'TaxiIn', 'TaxiOut', 'Cancelled', 'CancellationCode', 'Diverted']
[2025-07-15T04:50:04.767+0000] {logging_mixin.py:188} INFO - Dropped 3622 rows with missing DepDelay or ArrDelay.
[2025-07-15T04:50:04.768+0000] {logging_mixin.py:188} INFO - Kolom DepTime tidak ditemukan, TimeOfDay dilewati.
[2025-07-15T04:50:04.805+0000] {logging_mixin.py:188} INFO - Transformed data saved to: /opt/airflow/data/output/transformed.parquet
[2025-07-15T04:50:05.495+0000] {logging_mixin.py:188} INFO - Full data saved to: /opt/airflow/data/output/full_data.parquet
[2025-07-15T04:50:05.496+0000] {python.py:237} INFO - Done. Returned value was: None
[2025-07-15T04:50:05.496+0000] {taskinstance.py:441} INFO - ::group::Post task execution logs
[2025-07-15T04:50:05.506+0000] {taskinstance.py:1206} INFO - Marking task as SUCCESS. dag_id=airflights_etl_pipeline, task_id=transform, run_id=scheduled__2025-07-15T04:48:00+00:00, execution_date=20250715T044800, start_date=20250715T045003, end_date=20250715T045005
[2025-07-15T04:50:05.569+0000] {local_task_job_runner.py:240} INFO - Task exited with return code 0
[2025-07-15T04:50:05.590+0000] {taskinstance.py:3498} INFO - 1 downstream tasks scheduled from follow-on schedule check
[2025-07-15T04:50:06.861+0000] {local_task_job_runner.py:222} INFO - ::endgroup::
