[2025-07-15T07:05:24.648+0000] {local_task_job_runner.py:120} INFO - ::group::Pre task execution logs
[2025-07-15T07:05:24.674+0000] {taskinstance.py:2076} INFO - Dependencies all met for dep_context=non-requeueable deps ti=<TaskInstance: airflights_etl_pipeline.extract_task.extract3 manual__2025-07-15T07:05:20.754514+00:00 [queued]>
[2025-07-15T07:05:24.680+0000] {taskinstance.py:2076} INFO - Dependencies all met for dep_context=requeueable deps ti=<TaskInstance: airflights_etl_pipeline.extract_task.extract3 manual__2025-07-15T07:05:20.754514+00:00 [queued]>
[2025-07-15T07:05:24.682+0000] {taskinstance.py:2306} INFO - Starting attempt 1 of 2
[2025-07-15T07:05:24.695+0000] {taskinstance.py:2330} INFO - Executing <Task(PythonOperator): extract_task.extract3> on 2025-07-15 07:05:20.754514+00:00
[2025-07-15T07:05:24.705+0000] {logging_mixin.py:188} WARNING - /home/airflow/.local/lib/python3.12/site-packages/airflow/task/task_runner/standard_task_runner.py:61 DeprecationWarning: This process (pid=7247) is multi-threaded, use of fork() may lead to deadlocks in the child.
[2025-07-15T07:05:24.706+0000] {standard_task_runner.py:63} INFO - Started process 7249 to run task
[2025-07-15T07:05:24.705+0000] {standard_task_runner.py:90} INFO - Running: ['airflow', 'tasks', 'run', 'airflights_etl_pipeline', 'extract_task.extract3', 'manual__2025-07-15T07:05:20.754514+00:00', '--job-id', '2561', '--raw', '--subdir', 'DAGS_FOLDER/airflight_pipeline.py', '--cfg-path', '/tmp/tmpp6xbnsls']
[2025-07-15T07:05:24.706+0000] {standard_task_runner.py:91} INFO - Job 2561: Subtask extract_task.extract3
[2025-07-15T07:05:24.727+0000] {logging_mixin.py:188} WARNING - /home/airflow/.local/lib/python3.12/site-packages/airflow/settings.py:195 DeprecationWarning: The sql_alchemy_conn option in [core] has been moved to the sql_alchemy_conn option in [database] - the old setting has been used, but please update your config.
[2025-07-15T07:05:24.757+0000] {task_command.py:426} INFO - Running <TaskInstance: airflights_etl_pipeline.extract_task.extract3 manual__2025-07-15T07:05:20.754514+00:00 [running]> on host 5a1293588d06
[2025-07-15T07:05:24.979+0000] {taskinstance.py:2648} INFO - Exporting env vars: AIRFLOW_CTX_DAG_OWNER='airflow' AIRFLOW_CTX_DAG_ID='airflights_etl_pipeline' AIRFLOW_CTX_TASK_ID='extract_task.extract3' AIRFLOW_CTX_EXECUTION_DATE='2025-07-15T07:05:20.754514+00:00' AIRFLOW_CTX_TRY_NUMBER='1' AIRFLOW_CTX_DAG_RUN_ID='manual__2025-07-15T07:05:20.754514+00:00'
[2025-07-15T07:05:24.980+0000] {taskinstance.py:430} INFO - ::endgroup::
[2025-07-15T07:05:25.068+0000] {logging_mixin.py:188} INFO - Extracted batch 3 to /opt/airflow/data/output/extracted_batch3.csv
[2025-07-15T07:05:25.068+0000] {python.py:237} INFO - Done. Returned value was: None
[2025-07-15T07:05:25.069+0000] {taskinstance.py:441} INFO - ::group::Post task execution logs
[2025-07-15T07:05:25.078+0000] {taskinstance.py:1206} INFO - Marking task as SUCCESS. dag_id=airflights_etl_pipeline, task_id=extract_task.extract3, run_id=manual__2025-07-15T07:05:20.754514+00:00, execution_date=20250715T070520, start_date=20250715T070524, end_date=20250715T070525
[2025-07-15T07:05:25.120+0000] {local_task_job_runner.py:240} INFO - Task exited with return code 0
[2025-07-15T07:05:25.147+0000] {taskinstance.py:3498} INFO - 1 downstream tasks scheduled from follow-on schedule check
[2025-07-15T07:05:25.150+0000] {local_task_job_runner.py:222} INFO - ::endgroup::
