[2025-07-15T07:18:00.772+0000] {local_task_job_runner.py:120} INFO - ::group::Pre task execution logs
[2025-07-15T07:18:00.831+0000] {taskinstance.py:2076} INFO - Dependencies all met for dep_context=non-requeueable deps ti=<TaskInstance: airflights_etl_pipeline.extract_task.extract5 manual__2025-07-15T07:17:58.952523+00:00 [queued]>
[2025-07-15T07:18:00.847+0000] {taskinstance.py:2076} INFO - Dependencies all met for dep_context=requeueable deps ti=<TaskInstance: airflights_etl_pipeline.extract_task.extract5 manual__2025-07-15T07:17:58.952523+00:00 [queued]>
[2025-07-15T07:18:00.848+0000] {taskinstance.py:2306} INFO - Starting attempt 1 of 2
[2025-07-15T07:18:00.894+0000] {taskinstance.py:2330} INFO - Executing <Task(PythonOperator): extract_task.extract5> on 2025-07-15 07:17:58.952523+00:00
[2025-07-15T07:18:00.916+0000] {logging_mixin.py:188} WARNING - /home/airflow/.local/lib/python3.12/site-packages/airflow/task/task_runner/standard_task_runner.py:61 DeprecationWarning: This process (pid=7659) is multi-threaded, use of fork() may lead to deadlocks in the child.
[2025-07-15T07:18:00.918+0000] {standard_task_runner.py:63} INFO - Started process 7680 to run task
[2025-07-15T07:18:00.918+0000] {standard_task_runner.py:90} INFO - Running: ['airflow', 'tasks', 'run', 'airflights_etl_pipeline', 'extract_task.extract5', 'manual__2025-07-15T07:17:58.952523+00:00', '--job-id', '2626', '--raw', '--subdir', 'DAGS_FOLDER/airflight_pipeline.py', '--cfg-path', '/tmp/tmpll1cq5e7']
[2025-07-15T07:18:00.922+0000] {standard_task_runner.py:91} INFO - Job 2626: Subtask extract_task.extract5
[2025-07-15T07:18:00.954+0000] {logging_mixin.py:188} WARNING - /home/airflow/.local/lib/python3.12/site-packages/airflow/settings.py:195 DeprecationWarning: The sql_alchemy_conn option in [core] has been moved to the sql_alchemy_conn option in [database] - the old setting has been used, but please update your config.
[2025-07-15T07:18:01.042+0000] {task_command.py:426} INFO - Running <TaskInstance: airflights_etl_pipeline.extract_task.extract5 manual__2025-07-15T07:17:58.952523+00:00 [running]> on host 5a1293588d06
[2025-07-15T07:18:01.595+0000] {taskinstance.py:2648} INFO - Exporting env vars: AIRFLOW_CTX_DAG_OWNER='airflow' AIRFLOW_CTX_DAG_ID='airflights_etl_pipeline' AIRFLOW_CTX_TASK_ID='extract_task.extract5' AIRFLOW_CTX_EXECUTION_DATE='2025-07-15T07:17:58.952523+00:00' AIRFLOW_CTX_TRY_NUMBER='1' AIRFLOW_CTX_DAG_RUN_ID='manual__2025-07-15T07:17:58.952523+00:00'
[2025-07-15T07:18:01.597+0000] {taskinstance.py:430} INFO - ::endgroup::
[2025-07-15T07:18:01.836+0000] {logging_mixin.py:188} INFO - Extracted batch 5 to /opt/airflow/data/output/extracted_batch5.csv
[2025-07-15T07:18:01.839+0000] {python.py:237} INFO - Done. Returned value was: None
[2025-07-15T07:18:01.843+0000] {taskinstance.py:441} INFO - ::group::Post task execution logs
[2025-07-15T07:18:01.865+0000] {taskinstance.py:1206} INFO - Marking task as SUCCESS. dag_id=airflights_etl_pipeline, task_id=extract_task.extract5, run_id=manual__2025-07-15T07:17:58.952523+00:00, execution_date=20250715T071758, start_date=20250715T071800, end_date=20250715T071801
[2025-07-15T07:18:01.945+0000] {local_task_job_runner.py:240} INFO - Task exited with return code 0
[2025-07-15T07:18:02.007+0000] {taskinstance.py:3498} INFO - 1 downstream tasks scheduled from follow-on schedule check
[2025-07-15T07:18:02.014+0000] {local_task_job_runner.py:222} INFO - ::endgroup::
