[2025-07-15T09:56:07.638+0000] {local_task_job_runner.py:120} INFO - ::group::Pre task execution logs
[2025-07-15T09:56:07.670+0000] {taskinstance.py:2076} INFO - Dependencies all met for dep_context=non-requeueable deps ti=<TaskInstance: airflights_etl_pipeline.load scheduled__2025-07-15T09:54:00+00:00 [queued]>
[2025-07-15T09:56:07.680+0000] {taskinstance.py:2076} INFO - Dependencies all met for dep_context=requeueable deps ti=<TaskInstance: airflights_etl_pipeline.load scheduled__2025-07-15T09:54:00+00:00 [queued]>
[2025-07-15T09:56:07.715+0000] {taskinstance.py:2306} INFO - Starting attempt 1 of 2
[2025-07-15T09:56:07.730+0000] {taskinstance.py:2330} INFO - Executing <Task(PythonOperator): load> on 2025-07-15 09:54:00+00:00
[2025-07-15T09:56:07.739+0000] {logging_mixin.py:188} WARNING - /home/airflow/.local/lib/python3.12/site-packages/airflow/task/task_runner/standard_task_runner.py:61 DeprecationWarning: This process (pid=12029) is multi-threaded, use of fork() may lead to deadlocks in the child.
[2025-07-15T09:56:07.741+0000] {standard_task_runner.py:63} INFO - Started process 12031 to run task
[2025-07-15T09:56:07.740+0000] {standard_task_runner.py:90} INFO - Running: ['airflow', 'tasks', 'run', 'airflights_etl_pipeline', 'load', 'scheduled__2025-07-15T09:54:00+00:00', '--job-id', '3223', '--raw', '--subdir', 'DAGS_FOLDER/airflight_pipeline.py', '--cfg-path', '/tmp/tmpd84myu_c']
[2025-07-15T09:56:07.742+0000] {standard_task_runner.py:91} INFO - Job 3223: Subtask load
[2025-07-15T09:56:07.759+0000] {logging_mixin.py:188} WARNING - /home/airflow/.local/lib/python3.12/site-packages/airflow/settings.py:195 DeprecationWarning: The sql_alchemy_conn option in [core] has been moved to the sql_alchemy_conn option in [database] - the old setting has been used, but please update your config.
[2025-07-15T09:56:07.795+0000] {task_command.py:426} INFO - Running <TaskInstance: airflights_etl_pipeline.load scheduled__2025-07-15T09:54:00+00:00 [running]> on host 5a1293588d06
[2025-07-15T09:56:08.103+0000] {taskinstance.py:2648} INFO - Exporting env vars: AIRFLOW_CTX_DAG_OWNER='airflow' AIRFLOW_CTX_DAG_ID='airflights_etl_pipeline' AIRFLOW_CTX_TASK_ID='load' AIRFLOW_CTX_EXECUTION_DATE='2025-07-15T09:54:00+00:00' AIRFLOW_CTX_TRY_NUMBER='1' AIRFLOW_CTX_DAG_RUN_ID='scheduled__2025-07-15T09:54:00+00:00'
[2025-07-15T09:56:08.105+0000] {taskinstance.py:430} INFO - ::endgroup::
[2025-07-15T09:56:08.241+0000] {logging_mixin.py:188} INFO - Data loaded to PostgreSQL table flights_summary
[2025-07-15T09:56:08.712+0000] {logging_mixin.py:188} INFO - Data loaded to PostgreSQL table flights_timeofday
[2025-07-15T09:56:08.713+0000] {python.py:237} INFO - Done. Returned value was: None
[2025-07-15T09:56:08.714+0000] {taskinstance.py:441} INFO - ::group::Post task execution logs
[2025-07-15T09:56:08.723+0000] {taskinstance.py:1206} INFO - Marking task as SUCCESS. dag_id=airflights_etl_pipeline, task_id=load, run_id=scheduled__2025-07-15T09:54:00+00:00, execution_date=20250715T095400, start_date=20250715T095607, end_date=20250715T095608
[2025-07-15T09:56:08.757+0000] {local_task_job_runner.py:240} INFO - Task exited with return code 0
[2025-07-15T09:56:08.775+0000] {taskinstance.py:3498} INFO - 0 downstream tasks scheduled from follow-on schedule check
[2025-07-15T09:56:08.812+0000] {local_task_job_runner.py:222} INFO - ::endgroup::
