[2025-07-15T06:04:41.574+0000] {local_task_job_runner.py:120} INFO - ::group::Pre task execution logs
[2025-07-15T06:04:41.612+0000] {taskinstance.py:2076} INFO - Dependencies all met for dep_context=non-requeueable deps ti=<TaskInstance: airflights_etl_pipeline.load manual__2025-07-15T06:04:37.637914+00:00 [queued]>
[2025-07-15T06:04:41.625+0000] {taskinstance.py:2076} INFO - Dependencies all met for dep_context=requeueable deps ti=<TaskInstance: airflights_etl_pipeline.load manual__2025-07-15T06:04:37.637914+00:00 [queued]>
[2025-07-15T06:04:41.633+0000] {taskinstance.py:2306} INFO - Starting attempt 1 of 2
[2025-07-15T06:04:41.645+0000] {taskinstance.py:2330} INFO - Executing <Task(PythonOperator): load> on 2025-07-15 06:04:37.637914+00:00
[2025-07-15T06:04:41.654+0000] {logging_mixin.py:188} WARNING - /home/airflow/.local/lib/python3.12/site-packages/airflow/task/task_runner/standard_task_runner.py:61 DeprecationWarning: This process (pid=5556) is multi-threaded, use of fork() may lead to deadlocks in the child.
[2025-07-15T06:04:41.655+0000] {standard_task_runner.py:63} INFO - Started process 5558 to run task
[2025-07-15T06:04:41.654+0000] {standard_task_runner.py:90} INFO - Running: ['airflow', 'tasks', 'run', 'airflights_etl_pipeline', 'load', 'manual__2025-07-15T06:04:37.637914+00:00', '--job-id', '2326', '--raw', '--subdir', 'DAGS_FOLDER/airflight_pipeline.py', '--cfg-path', '/tmp/tmpyhotwjxj']
[2025-07-15T06:04:41.656+0000] {standard_task_runner.py:91} INFO - Job 2326: Subtask load
[2025-07-15T06:04:41.674+0000] {logging_mixin.py:188} WARNING - /home/airflow/.local/lib/python3.12/site-packages/airflow/settings.py:195 DeprecationWarning: The sql_alchemy_conn option in [core] has been moved to the sql_alchemy_conn option in [database] - the old setting has been used, but please update your config.
[2025-07-15T06:04:41.709+0000] {task_command.py:426} INFO - Running <TaskInstance: airflights_etl_pipeline.load manual__2025-07-15T06:04:37.637914+00:00 [running]> on host 5a1293588d06
[2025-07-15T06:04:41.955+0000] {taskinstance.py:2648} INFO - Exporting env vars: AIRFLOW_CTX_DAG_OWNER='airflow' AIRFLOW_CTX_DAG_ID='airflights_etl_pipeline' AIRFLOW_CTX_TASK_ID='load' AIRFLOW_CTX_EXECUTION_DATE='2025-07-15T06:04:37.637914+00:00' AIRFLOW_CTX_TRY_NUMBER='1' AIRFLOW_CTX_DAG_RUN_ID='manual__2025-07-15T06:04:37.637914+00:00'
[2025-07-15T06:04:41.957+0000] {taskinstance.py:430} INFO - ::endgroup::
[2025-07-15T06:04:42.056+0000] {logging_mixin.py:188} INFO - Data loaded to PostgreSQL table flights_summary
[2025-07-15T06:04:42.057+0000] {python.py:237} INFO - Done. Returned value was: None
[2025-07-15T06:04:42.058+0000] {taskinstance.py:441} INFO - ::group::Post task execution logs
[2025-07-15T06:04:42.067+0000] {taskinstance.py:1206} INFO - Marking task as SUCCESS. dag_id=airflights_etl_pipeline, task_id=load, run_id=manual__2025-07-15T06:04:37.637914+00:00, execution_date=20250715T060437, start_date=20250715T060441, end_date=20250715T060442
[2025-07-15T06:04:42.110+0000] {local_task_job_runner.py:240} INFO - Task exited with return code 0
[2025-07-15T06:04:42.126+0000] {taskinstance.py:3498} INFO - 0 downstream tasks scheduled from follow-on schedule check
[2025-07-15T06:04:42.136+0000] {local_task_job_runner.py:222} INFO - ::endgroup::
