[2025-07-13T16:23:10.756+0000] {local_task_job_runner.py:120} INFO - ::group::Pre task execution logs
[2025-07-13T16:23:10.800+0000] {taskinstance.py:2076} INFO - Dependencies all met for dep_context=non-requeueable deps ti=<TaskInstance: airflights_etl_pipeline.extract manual__2025-07-13T16:23:09.701264+00:00 [queued]>
[2025-07-13T16:23:10.814+0000] {taskinstance.py:2076} INFO - Dependencies all met for dep_context=requeueable deps ti=<TaskInstance: airflights_etl_pipeline.extract manual__2025-07-13T16:23:09.701264+00:00 [queued]>
[2025-07-13T16:23:10.851+0000] {taskinstance.py:2306} INFO - Starting attempt 1 of 2
[2025-07-13T16:23:10.872+0000] {taskinstance.py:2330} INFO - Executing <Task(PythonOperator): extract> on 2025-07-13 16:23:09.701264+00:00
[2025-07-13T16:23:10.886+0000] {standard_task_runner.py:90} INFO - Running: ['airflow', 'tasks', 'run', 'airflights_etl_pipeline', 'extract', 'manual__2025-07-13T16:23:09.701264+00:00', '--job-id', '128', '--raw', '--subdir', 'DAGS_FOLDER/airflight_pipeline.py', '--cfg-path', '/tmp/tmpz1p8pssz']
[2025-07-13T16:23:10.888+0000] {logging_mixin.py:188} WARNING - /home/airflow/.local/lib/python3.12/site-packages/airflow/task/task_runner/standard_task_runner.py:61 DeprecationWarning: This process (pid=380) is multi-threaded, use of fork() may lead to deadlocks in the child.
[2025-07-13T16:23:10.890+0000] {standard_task_runner.py:91} INFO - Job 128: Subtask extract
[2025-07-13T16:23:10.890+0000] {standard_task_runner.py:63} INFO - Started process 382 to run task
[2025-07-13T16:23:10.911+0000] {logging_mixin.py:188} WARNING - /home/airflow/.local/lib/python3.12/site-packages/airflow/settings.py:195 DeprecationWarning: The sql_alchemy_conn option in [core] has been moved to the sql_alchemy_conn option in [database] - the old setting has been used, but please update your config.
[2025-07-13T16:23:10.964+0000] {task_command.py:426} INFO - Running <TaskInstance: airflights_etl_pipeline.extract manual__2025-07-13T16:23:09.701264+00:00 [running]> on host 5a1293588d06
[2025-07-13T16:23:11.116+0000] {taskinstance.py:2648} INFO - Exporting env vars: AIRFLOW_CTX_DAG_OWNER='airflow' AIRFLOW_CTX_DAG_ID='airflights_etl_pipeline' AIRFLOW_CTX_TASK_ID='extract' AIRFLOW_CTX_EXECUTION_DATE='2025-07-13T16:23:09.701264+00:00' AIRFLOW_CTX_TRY_NUMBER='1' AIRFLOW_CTX_DAG_RUN_ID='manual__2025-07-13T16:23:09.701264+00:00'
[2025-07-13T16:23:11.118+0000] {taskinstance.py:430} INFO - ::endgroup::
[2025-07-13T16:23:11.440+0000] {logging_mixin.py:188} INFO - Extracted batch 1 to /opt/airflow/data/output/extracted_batch.csv
[2025-07-13T16:23:11.441+0000] {python.py:237} INFO - Done. Returned value was: None
[2025-07-13T16:23:11.442+0000] {taskinstance.py:441} INFO - ::group::Post task execution logs
[2025-07-13T16:23:11.458+0000] {taskinstance.py:1206} INFO - Marking task as SUCCESS. dag_id=airflights_etl_pipeline, task_id=extract, run_id=manual__2025-07-13T16:23:09.701264+00:00, execution_date=20250713T162309, start_date=20250713T162310, end_date=20250713T162311
[2025-07-13T16:23:11.507+0000] {local_task_job_runner.py:240} INFO - Task exited with return code 0
[2025-07-13T16:23:11.549+0000] {taskinstance.py:3498} INFO - 1 downstream tasks scheduled from follow-on schedule check
[2025-07-13T16:23:11.552+0000] {local_task_job_runner.py:222} INFO - ::endgroup::
