[2025-07-14T07:40:01.413+0000] {local_task_job_runner.py:120} INFO - ::group::Pre task execution logs
[2025-07-14T07:40:01.463+0000] {taskinstance.py:2076} INFO - Dependencies all met for dep_context=non-requeueable deps ti=<TaskInstance: airflights_etl_pipeline.extract_task.extract4 scheduled__2025-07-14T07:38:00+00:00 [queued]>
[2025-07-14T07:40:01.477+0000] {taskinstance.py:2076} INFO - Dependencies all met for dep_context=requeueable deps ti=<TaskInstance: airflights_etl_pipeline.extract_task.extract4 scheduled__2025-07-14T07:38:00+00:00 [queued]>
[2025-07-14T07:40:01.478+0000] {taskinstance.py:2306} INFO - Starting attempt 1 of 2
[2025-07-14T07:40:01.498+0000] {taskinstance.py:2330} INFO - Executing <Task(PythonOperator): extract_task.extract4> on 2025-07-14 07:38:00+00:00
[2025-07-14T07:40:01.510+0000] {logging_mixin.py:188} WARNING - /home/airflow/.local/lib/python3.12/site-packages/airflow/task/task_runner/standard_task_runner.py:61 DeprecationWarning: This process (pid=6584) is multi-threaded, use of fork() may lead to deadlocks in the child.
[2025-07-14T07:40:01.512+0000] {standard_task_runner.py:63} INFO - Started process 6592 to run task
[2025-07-14T07:40:01.511+0000] {standard_task_runner.py:90} INFO - Running: ['airflow', 'tasks', 'run', 'airflights_etl_pipeline', 'extract_task.extract4', 'scheduled__2025-07-14T07:38:00+00:00', '--job-id', '1089', '--raw', '--subdir', 'DAGS_FOLDER/airflight_pipeline.py', '--cfg-path', '/tmp/tmpbhm3ifsw']
[2025-07-14T07:40:01.514+0000] {standard_task_runner.py:91} INFO - Job 1089: Subtask extract_task.extract4
[2025-07-14T07:40:01.537+0000] {logging_mixin.py:188} WARNING - /home/airflow/.local/lib/python3.12/site-packages/airflow/settings.py:195 DeprecationWarning: The sql_alchemy_conn option in [core] has been moved to the sql_alchemy_conn option in [database] - the old setting has been used, but please update your config.
[2025-07-14T07:40:01.583+0000] {task_command.py:426} INFO - Running <TaskInstance: airflights_etl_pipeline.extract_task.extract4 scheduled__2025-07-14T07:38:00+00:00 [running]> on host 5a1293588d06
[2025-07-14T07:40:02.034+0000] {taskinstance.py:2648} INFO - Exporting env vars: AIRFLOW_CTX_DAG_OWNER='airflow' AIRFLOW_CTX_DAG_ID='airflights_etl_pipeline' AIRFLOW_CTX_TASK_ID='extract_task.extract4' AIRFLOW_CTX_EXECUTION_DATE='2025-07-14T07:38:00+00:00' AIRFLOW_CTX_TRY_NUMBER='1' AIRFLOW_CTX_DAG_RUN_ID='scheduled__2025-07-14T07:38:00+00:00'
[2025-07-14T07:40:02.035+0000] {taskinstance.py:430} INFO - ::endgroup::
[2025-07-14T07:40:02.155+0000] {logging_mixin.py:188} INFO - Extracted batch 4 to /opt/airflow/data/output/extracted_batch4.csv
[2025-07-14T07:40:02.156+0000] {python.py:237} INFO - Done. Returned value was: None
[2025-07-14T07:40:02.156+0000] {taskinstance.py:441} INFO - ::group::Post task execution logs
[2025-07-14T07:40:02.203+0000] {taskinstance.py:1206} INFO - Marking task as SUCCESS. dag_id=airflights_etl_pipeline, task_id=extract_task.extract4, run_id=scheduled__2025-07-14T07:38:00+00:00, execution_date=20250714T073800, start_date=20250714T074001, end_date=20250714T074002
[2025-07-14T07:40:02.248+0000] {local_task_job_runner.py:240} INFO - Task exited with return code 0
[2025-07-14T07:40:02.270+0000] {taskinstance.py:3498} INFO - 0 downstream tasks scheduled from follow-on schedule check
[2025-07-14T07:40:02.274+0000] {local_task_job_runner.py:222} INFO - ::endgroup::
