[2025-07-16T03:56:00.657+0000] {local_task_job_runner.py:120} INFO - ::group::Pre task execution logs
[2025-07-16T03:56:00.690+0000] {taskinstance.py:2076} INFO - Dependencies all met for dep_context=non-requeueable deps ti=<TaskInstance: airflights_etl_pipeline.extract_task.extract3 scheduled__2025-07-16T03:54:00+00:00 [queued]>
[2025-07-16T03:56:00.701+0000] {taskinstance.py:2076} INFO - Dependencies all met for dep_context=requeueable deps ti=<TaskInstance: airflights_etl_pipeline.extract_task.extract3 scheduled__2025-07-16T03:54:00+00:00 [queued]>
[2025-07-16T03:56:00.703+0000] {taskinstance.py:2306} INFO - Starting attempt 1 of 2
[2025-07-16T03:56:00.721+0000] {taskinstance.py:2330} INFO - Executing <Task(PythonOperator): extract_task.extract3> on 2025-07-16 03:54:00+00:00
[2025-07-16T03:56:00.735+0000] {logging_mixin.py:188} WARNING - /home/airflow/.local/lib/python3.12/site-packages/airflow/task/task_runner/standard_task_runner.py:61 DeprecationWarning: This process (pid=2383) is multi-threaded, use of fork() may lead to deadlocks in the child.
[2025-07-16T03:56:00.737+0000] {standard_task_runner.py:63} INFO - Started process 2393 to run task
[2025-07-16T03:56:00.736+0000] {standard_task_runner.py:90} INFO - Running: ['airflow', 'tasks', 'run', 'airflights_etl_pipeline', 'extract_task.extract3', 'scheduled__2025-07-16T03:54:00+00:00', '--job-id', '3617', '--raw', '--subdir', 'DAGS_FOLDER/airflight_pipeline.py', '--cfg-path', '/tmp/tmp6mc__kyx']
[2025-07-16T03:56:00.740+0000] {standard_task_runner.py:91} INFO - Job 3617: Subtask extract_task.extract3
[2025-07-16T03:56:00.763+0000] {logging_mixin.py:188} WARNING - /home/airflow/.local/lib/python3.12/site-packages/airflow/settings.py:195 DeprecationWarning: The sql_alchemy_conn option in [core] has been moved to the sql_alchemy_conn option in [database] - the old setting has been used, but please update your config.
[2025-07-16T03:56:00.810+0000] {task_command.py:426} INFO - Running <TaskInstance: airflights_etl_pipeline.extract_task.extract3 scheduled__2025-07-16T03:54:00+00:00 [running]> on host 5a1293588d06
[2025-07-16T03:56:01.212+0000] {taskinstance.py:2648} INFO - Exporting env vars: AIRFLOW_CTX_DAG_OWNER='airflow' AIRFLOW_CTX_DAG_ID='airflights_etl_pipeline' AIRFLOW_CTX_TASK_ID='extract_task.extract3' AIRFLOW_CTX_EXECUTION_DATE='2025-07-16T03:54:00+00:00' AIRFLOW_CTX_TRY_NUMBER='1' AIRFLOW_CTX_DAG_RUN_ID='scheduled__2025-07-16T03:54:00+00:00'
[2025-07-16T03:56:01.214+0000] {taskinstance.py:430} INFO - ::endgroup::
[2025-07-16T03:56:01.340+0000] {logging_mixin.py:188} INFO - Extracted batch 3 to /opt/airflow/data/output/extracted_batch3.csv
[2025-07-16T03:56:01.341+0000] {python.py:237} INFO - Done. Returned value was: None
[2025-07-16T03:56:01.342+0000] {taskinstance.py:441} INFO - ::group::Post task execution logs
[2025-07-16T03:56:01.354+0000] {taskinstance.py:1206} INFO - Marking task as SUCCESS. dag_id=airflights_etl_pipeline, task_id=extract_task.extract3, run_id=scheduled__2025-07-16T03:54:00+00:00, execution_date=20250716T035400, start_date=20250716T035600, end_date=20250716T035601
[2025-07-16T03:56:01.394+0000] {local_task_job_runner.py:240} INFO - Task exited with return code 0
[2025-07-16T03:56:01.420+0000] {taskinstance.py:3498} INFO - 0 downstream tasks scheduled from follow-on schedule check
[2025-07-16T03:56:02.175+0000] {local_task_job_runner.py:222} INFO - ::endgroup::
