[2025-07-13T16:10:05.025+0000] {manager.py:470} INFO - Processing files using up to 2 processes at a time 
[2025-07-13T16:10:05.026+0000] {manager.py:471} INFO - Process each file at most once every 30 seconds
[2025-07-13T16:10:05.027+0000] {manager.py:472} INFO - Checking for new files in /opt/airflow/dags every 300 seconds
[2025-07-13T16:10:05.029+0000] {manager.py:737} INFO - Searching for files in /opt/airflow/dags
[2025-07-13T16:10:05.034+0000] {manager.py:740} INFO - There are 0 files in /opt/airflow/dags
[2025-07-13T16:12:11.761+0000] {manager.py:452} INFO - Exiting gracefully upon receiving signal 15
[2025-07-13T16:12:31.600+0000] {manager.py:470} INFO - Processing files using up to 2 processes at a time 
[2025-07-13T16:12:31.602+0000] {manager.py:471} INFO - Process each file at most once every 30 seconds
[2025-07-13T16:12:31.603+0000] {manager.py:472} INFO - Checking for new files in /opt/airflow/dags every 300 seconds
[2025-07-13T16:12:31.604+0000] {manager.py:737} INFO - Searching for files in /opt/airflow/dags
[2025-07-13T16:12:31.627+0000] {manager.py:740} INFO - There are 1 files in /opt/airflow/dags
[2025-07-13T16:12:31.738+0000] {manager.py:878} INFO - 
================================================================================
DAG File Processing Stats

File Path                                  PID  Runtime      # DAGs    # Errors  Last Runtime    Last Run
---------------------------------------  -----  ---------  --------  ----------  --------------  ----------
/opt/airflow/dags/airflight_pipeline.py    168  0.05s             0           0
================================================================================
[2025-07-13T16:13:02.051+0000] {manager.py:878} INFO - 
================================================================================
DAG File Processing Stats

File Path                                PID    Runtime      # DAGs    # Errors  Last Runtime    Last Run
---------------------------------------  -----  ---------  --------  ----------  --------------  -------------------
/opt/airflow/dags/airflight_pipeline.py                           0           1  0.19s           2025-07-13T16:13:00
================================================================================
[2025-07-13T16:13:32.350+0000] {manager.py:878} INFO - 
================================================================================
DAG File Processing Stats

File Path                                PID    Runtime      # DAGs    # Errors  Last Runtime    Last Run
---------------------------------------  -----  ---------  --------  ----------  --------------  -------------------
/opt/airflow/dags/airflight_pipeline.py                           0           1  0.10s           2025-07-13T16:13:30
================================================================================
[2025-07-13T16:14:02.664+0000] {manager.py:878} INFO - 
================================================================================
DAG File Processing Stats

File Path                                PID    Runtime      # DAGs    # Errors  Last Runtime    Last Run
---------------------------------------  -----  ---------  --------  ----------  --------------  -------------------
/opt/airflow/dags/airflight_pipeline.py                           0           1  0.13s           2025-07-13T16:14:00
================================================================================
[2025-07-13T16:14:33.071+0000] {manager.py:878} INFO - 
================================================================================
DAG File Processing Stats

File Path                                PID    Runtime      # DAGs    # Errors  Last Runtime    Last Run
---------------------------------------  -----  ---------  --------  ----------  --------------  -------------------
/opt/airflow/dags/airflight_pipeline.py                           0           1  0.29s           2025-07-13T16:14:31
================================================================================
[2025-07-13T16:15:03.354+0000] {manager.py:878} INFO - 
================================================================================
DAG File Processing Stats

File Path                                PID    Runtime      # DAGs    # Errors  Last Runtime    Last Run
---------------------------------------  -----  ---------  --------  ----------  --------------  -------------------
/opt/airflow/dags/airflight_pipeline.py                           0           1  0.18s           2025-07-13T16:15:01
================================================================================
[2025-07-13T16:15:10.916+0000] {manager.py:452} INFO - Exiting gracefully upon receiving signal 15
[2025-07-13T16:15:31.131+0000] {manager.py:470} INFO - Processing files using up to 2 processes at a time 
[2025-07-13T16:15:31.134+0000] {manager.py:471} INFO - Process each file at most once every 30 seconds
[2025-07-13T16:15:31.136+0000] {manager.py:472} INFO - Checking for new files in /opt/airflow/dags every 300 seconds
[2025-07-13T16:15:31.137+0000] {manager.py:737} INFO - Searching for files in /opt/airflow/dags
[2025-07-13T16:15:31.174+0000] {manager.py:740} INFO - There are 1 files in /opt/airflow/dags
[2025-07-13T16:15:31.302+0000] {manager.py:878} INFO - 
================================================================================
DAG File Processing Stats

File Path                                  PID  Runtime      # DAGs    # Errors  Last Runtime    Last Run
---------------------------------------  -----  ---------  --------  ----------  --------------  ----------
/opt/airflow/dags/airflight_pipeline.py    168  0.05s             0           0
================================================================================
[2025-07-13T16:16:01.544+0000] {manager.py:878} INFO - 
================================================================================
DAG File Processing Stats

File Path                                PID    Runtime      # DAGs    # Errors  Last Runtime    Last Run
---------------------------------------  -----  ---------  --------  ----------  --------------  -------------------
/opt/airflow/dags/airflight_pipeline.py                           1           0  1.81s           2025-07-13T16:15:33
================================================================================
[2025-07-13T16:16:31.669+0000] {manager.py:878} INFO - 
================================================================================
DAG File Processing Stats

File Path                                PID    Runtime      # DAGs    # Errors  Last Runtime    Last Run
---------------------------------------  -----  ---------  --------  ----------  --------------  -------------------
/opt/airflow/dags/airflight_pipeline.py                           1           0  1.07s           2025-07-13T16:16:04
================================================================================
[2025-07-13T16:17:01.724+0000] {manager.py:878} INFO - 
================================================================================
DAG File Processing Stats

File Path                                PID    Runtime      # DAGs    # Errors  Last Runtime    Last Run
---------------------------------------  -----  ---------  --------  ----------  --------------  -------------------
/opt/airflow/dags/airflight_pipeline.py                           1           0  0.77s           2025-07-13T16:16:35
================================================================================
[2025-07-13T16:17:32.220+0000] {manager.py:878} INFO - 
================================================================================
DAG File Processing Stats

File Path                                PID    Runtime      # DAGs    # Errors  Last Runtime    Last Run
---------------------------------------  -----  ---------  --------  ----------  --------------  -------------------
/opt/airflow/dags/airflight_pipeline.py                           1           0  0.68s           2025-07-13T16:17:06
================================================================================
[2025-07-13T16:18:02.636+0000] {manager.py:878} INFO - 
================================================================================
DAG File Processing Stats

File Path                                PID    Runtime      # DAGs    # Errors  Last Runtime    Last Run
---------------------------------------  -----  ---------  --------  ----------  --------------  -------------------
/opt/airflow/dags/airflight_pipeline.py                           1           0  0.64s           2025-07-13T16:17:39
================================================================================
[2025-07-13T16:18:33.385+0000] {manager.py:878} INFO - 
================================================================================
DAG File Processing Stats

File Path                                PID    Runtime      # DAGs    # Errors  Last Runtime    Last Run
---------------------------------------  -----  ---------  --------  ----------  --------------  -------------------
/opt/airflow/dags/airflight_pipeline.py                           1           0  0.71s           2025-07-13T16:18:10
================================================================================
[2025-07-13T16:19:03.902+0000] {manager.py:878} INFO - 
================================================================================
DAG File Processing Stats

File Path                                PID    Runtime      # DAGs    # Errors  Last Runtime    Last Run
---------------------------------------  -----  ---------  --------  ----------  --------------  -------------------
/opt/airflow/dags/airflight_pipeline.py                           1           0  0.72s           2025-07-13T16:18:41
================================================================================
[2025-07-13T16:19:34.136+0000] {manager.py:878} INFO - 
================================================================================
DAG File Processing Stats

File Path                                PID    Runtime      # DAGs    # Errors  Last Runtime    Last Run
---------------------------------------  -----  ---------  --------  ----------  --------------  -------------------
/opt/airflow/dags/airflight_pipeline.py                           1           0  0.96s           2025-07-13T16:19:12
================================================================================
[2025-07-13T16:20:04.369+0000] {manager.py:878} INFO - 
================================================================================
DAG File Processing Stats

File Path                                PID    Runtime      # DAGs    # Errors  Last Runtime    Last Run
---------------------------------------  -----  ---------  --------  ----------  --------------  -------------------
/opt/airflow/dags/airflight_pipeline.py                           1           0  0.51s           2025-07-13T16:19:43
================================================================================
[2025-07-13T16:20:31.466+0000] {manager.py:737} INFO - Searching for files in /opt/airflow/dags
[2025-07-13T16:20:31.488+0000] {manager.py:740} INFO - There are 1 files in /opt/airflow/dags
[2025-07-13T16:20:34.526+0000] {manager.py:878} INFO - 
================================================================================
DAG File Processing Stats

File Path                                PID    Runtime      # DAGs    # Errors  Last Runtime    Last Run
---------------------------------------  -----  ---------  --------  ----------  --------------  -------------------
/opt/airflow/dags/airflight_pipeline.py                           1           0  0.84s           2025-07-13T16:20:14
================================================================================
[2025-07-13T16:21:04.824+0000] {manager.py:878} INFO - 
================================================================================
DAG File Processing Stats

File Path                                PID    Runtime      # DAGs    # Errors  Last Runtime    Last Run
---------------------------------------  -----  ---------  --------  ----------  --------------  -------------------
/opt/airflow/dags/airflight_pipeline.py                           1           0  0.59s           2025-07-13T16:20:45
================================================================================
[2025-07-13T16:21:35.090+0000] {manager.py:878} INFO - 
================================================================================
DAG File Processing Stats

File Path                                PID    Runtime      # DAGs    # Errors  Last Runtime    Last Run
---------------------------------------  -----  ---------  --------  ----------  --------------  -------------------
/opt/airflow/dags/airflight_pipeline.py                           1           0  1.01s           2025-07-13T16:21:16
================================================================================
[2025-07-13T16:22:05.510+0000] {manager.py:878} INFO - 
================================================================================
DAG File Processing Stats

File Path                                PID    Runtime      # DAGs    # Errors  Last Runtime    Last Run
---------------------------------------  -----  ---------  --------  ----------  --------------  -------------------
/opt/airflow/dags/airflight_pipeline.py                           1           0  0.56s           2025-07-13T16:22:05
================================================================================
[2025-07-13T16:22:35.795+0000] {manager.py:878} INFO - 
================================================================================
DAG File Processing Stats

File Path                                PID    Runtime      # DAGs    # Errors  Last Runtime    Last Run
---------------------------------------  -----  ---------  --------  ----------  --------------  -------------------
/opt/airflow/dags/airflight_pipeline.py                           1           0  0.67s           2025-07-13T16:22:07
================================================================================
[2025-07-13T16:23:06.078+0000] {manager.py:878} INFO - 
================================================================================
DAG File Processing Stats

File Path                                PID    Runtime      # DAGs    # Errors  Last Runtime    Last Run
---------------------------------------  -----  ---------  --------  ----------  --------------  -------------------
/opt/airflow/dags/airflight_pipeline.py                           1           0  1.01s           2025-07-13T16:22:38
================================================================================
[2025-07-13T16:23:36.381+0000] {manager.py:878} INFO - 
================================================================================
DAG File Processing Stats

File Path                                PID    Runtime      # DAGs    # Errors  Last Runtime    Last Run
---------------------------------------  -----  ---------  --------  ----------  --------------  -------------------
/opt/airflow/dags/airflight_pipeline.py                           1           0  0.70s           2025-07-13T16:23:09
================================================================================
[2025-07-13T16:24:06.658+0000] {manager.py:878} INFO - 
================================================================================
DAG File Processing Stats

File Path                                PID    Runtime      # DAGs    # Errors  Last Runtime    Last Run
---------------------------------------  -----  ---------  --------  ----------  --------------  -------------------
/opt/airflow/dags/airflight_pipeline.py                           1           0  0.55s           2025-07-13T16:23:40
================================================================================
[2025-07-13T16:24:36.843+0000] {manager.py:878} INFO - 
================================================================================
DAG File Processing Stats

File Path                                PID    Runtime      # DAGs    # Errors  Last Runtime    Last Run
---------------------------------------  -----  ---------  --------  ----------  --------------  -------------------
/opt/airflow/dags/airflight_pipeline.py                           1           0  0.88s           2025-07-13T16:24:11
================================================================================
[2025-07-13T16:25:07.471+0000] {manager.py:878} INFO - 
================================================================================
DAG File Processing Stats

File Path                                PID    Runtime      # DAGs    # Errors  Last Runtime    Last Run
---------------------------------------  -----  ---------  --------  ----------  --------------  -------------------
/opt/airflow/dags/airflight_pipeline.py                           1           0  0.51s           2025-07-13T16:24:42
================================================================================
[2025-07-13T16:25:31.602+0000] {manager.py:737} INFO - Searching for files in /opt/airflow/dags
[2025-07-13T16:25:31.633+0000] {manager.py:740} INFO - There are 1 files in /opt/airflow/dags
[2025-07-13T16:25:37.718+0000] {manager.py:878} INFO - 
================================================================================
DAG File Processing Stats

File Path                                PID    Runtime      # DAGs    # Errors  Last Runtime    Last Run
---------------------------------------  -----  ---------  --------  ----------  --------------  -------------------
/opt/airflow/dags/airflight_pipeline.py                           1           0  0.88s           2025-07-13T16:25:13
================================================================================
[2025-07-13T16:26:07.795+0000] {manager.py:878} INFO - 
================================================================================
DAG File Processing Stats

File Path                                PID    Runtime      # DAGs    # Errors  Last Runtime    Last Run
---------------------------------------  -----  ---------  --------  ----------  --------------  -------------------
/opt/airflow/dags/airflight_pipeline.py                           1           0  0.79s           2025-07-13T16:25:44
================================================================================
[2025-07-13T16:26:38.445+0000] {manager.py:878} INFO - 
================================================================================
DAG File Processing Stats

File Path                                PID    Runtime      # DAGs    # Errors  Last Runtime    Last Run
---------------------------------------  -----  ---------  --------  ----------  --------------  -------------------
/opt/airflow/dags/airflight_pipeline.py                           1           0  0.65s           2025-07-13T16:26:15
================================================================================
[2025-07-13T16:27:08.742+0000] {manager.py:878} INFO - 
================================================================================
DAG File Processing Stats

File Path                                PID    Runtime      # DAGs    # Errors  Last Runtime    Last Run
---------------------------------------  -----  ---------  --------  ----------  --------------  -------------------
/opt/airflow/dags/airflight_pipeline.py                           1           0  0.79s           2025-07-13T16:26:46
================================================================================
[2025-07-13T16:27:39.114+0000] {manager.py:878} INFO - 
================================================================================
DAG File Processing Stats

File Path                                PID    Runtime      # DAGs    # Errors  Last Runtime    Last Run
---------------------------------------  -----  ---------  --------  ----------  --------------  -------------------
/opt/airflow/dags/airflight_pipeline.py                           1           0  0.64s           2025-07-13T16:27:17
================================================================================
[2025-07-13T16:28:09.423+0000] {manager.py:878} INFO - 
================================================================================
DAG File Processing Stats

File Path                                PID    Runtime      # DAGs    # Errors  Last Runtime    Last Run
---------------------------------------  -----  ---------  --------  ----------  --------------  -------------------
/opt/airflow/dags/airflight_pipeline.py                           1           0  1.12s           2025-07-13T16:27:52
================================================================================
[2025-07-13T16:28:39.589+0000] {manager.py:878} INFO - 
================================================================================
DAG File Processing Stats

File Path                                PID    Runtime      # DAGs    # Errors  Last Runtime    Last Run
---------------------------------------  -----  ---------  --------  ----------  --------------  -------------------
/opt/airflow/dags/airflight_pipeline.py                           1           0  0.86s           2025-07-13T16:28:23
================================================================================
[2025-07-13T16:29:09.879+0000] {manager.py:878} INFO - 
================================================================================
DAG File Processing Stats

File Path                                PID    Runtime      # DAGs    # Errors  Last Runtime    Last Run
---------------------------------------  -----  ---------  --------  ----------  --------------  -------------------
/opt/airflow/dags/airflight_pipeline.py                           1           0  0.99s           2025-07-13T16:28:54
================================================================================
[2025-07-13T16:29:40.319+0000] {manager.py:878} INFO - 
================================================================================
DAG File Processing Stats

File Path                                PID    Runtime      # DAGs    # Errors  Last Runtime    Last Run
---------------------------------------  -----  ---------  --------  ----------  --------------  -------------------
/opt/airflow/dags/airflight_pipeline.py                           1           0  0.73s           2025-07-13T16:29:25
================================================================================
[2025-07-13T16:30:10.581+0000] {manager.py:878} INFO - 
================================================================================
DAG File Processing Stats

File Path                                PID    Runtime      # DAGs    # Errors  Last Runtime    Last Run
---------------------------------------  -----  ---------  --------  ----------  --------------  -------------------
/opt/airflow/dags/airflight_pipeline.py                           1           0  0.67s           2025-07-13T16:29:56
================================================================================
[2025-07-13T16:30:31.787+0000] {manager.py:737} INFO - Searching for files in /opt/airflow/dags
[2025-07-13T16:30:31.817+0000] {manager.py:740} INFO - There are 1 files in /opt/airflow/dags
[2025-07-13T16:30:40.906+0000] {manager.py:878} INFO - 
================================================================================
DAG File Processing Stats

File Path                                PID    Runtime      # DAGs    # Errors  Last Runtime    Last Run
---------------------------------------  -----  ---------  --------  ----------  --------------  -------------------
/opt/airflow/dags/airflight_pipeline.py                           1           0  0.75s           2025-07-13T16:30:27
================================================================================
[2025-07-13T16:31:11.198+0000] {manager.py:878} INFO - 
================================================================================
DAG File Processing Stats

File Path                                PID    Runtime      # DAGs    # Errors  Last Runtime    Last Run
---------------------------------------  -----  ---------  --------  ----------  --------------  -------------------
/opt/airflow/dags/airflight_pipeline.py                           1           0  0.68s           2025-07-13T16:30:58
================================================================================
[2025-07-13T16:31:41.467+0000] {manager.py:878} INFO - 
================================================================================
DAG File Processing Stats

File Path                                PID    Runtime      # DAGs    # Errors  Last Runtime    Last Run
---------------------------------------  -----  ---------  --------  ----------  --------------  -------------------
/opt/airflow/dags/airflight_pipeline.py                           1           0  0.66s           2025-07-13T16:31:29
================================================================================
[2025-07-13T16:32:12.109+0000] {manager.py:878} INFO - 
================================================================================
DAG File Processing Stats

File Path                                PID    Runtime      # DAGs    # Errors  Last Runtime    Last Run
---------------------------------------  -----  ---------  --------  ----------  --------------  -------------------
/opt/airflow/dags/airflight_pipeline.py                           1           0  1.04s           2025-07-13T16:32:01
================================================================================
[2025-07-13T16:32:42.252+0000] {manager.py:878} INFO - 
================================================================================
DAG File Processing Stats

File Path                                PID    Runtime      # DAGs    # Errors  Last Runtime    Last Run
---------------------------------------  -----  ---------  --------  ----------  --------------  -------------------
/opt/airflow/dags/airflight_pipeline.py                           1           0  0.82s           2025-07-13T16:32:32
================================================================================
[2025-07-13T16:33:12.712+0000] {manager.py:878} INFO - 
================================================================================
DAG File Processing Stats

File Path                                PID    Runtime      # DAGs    # Errors  Last Runtime    Last Run
---------------------------------------  -----  ---------  --------  ----------  --------------  -------------------
/opt/airflow/dags/airflight_pipeline.py                           1           0  0.72s           2025-07-13T16:33:03
================================================================================
[2025-07-13T16:33:43.004+0000] {manager.py:878} INFO - 
================================================================================
DAG File Processing Stats

File Path                                PID    Runtime      # DAGs    # Errors  Last Runtime    Last Run
---------------------------------------  -----  ---------  --------  ----------  --------------  -------------------
/opt/airflow/dags/airflight_pipeline.py                           1           0  0.78s           2025-07-13T16:33:34
================================================================================
[2025-07-13T16:34:13.298+0000] {manager.py:878} INFO - 
================================================================================
DAG File Processing Stats

File Path                                PID    Runtime      # DAGs    # Errors  Last Runtime    Last Run
---------------------------------------  -----  ---------  --------  ----------  --------------  -------------------
/opt/airflow/dags/airflight_pipeline.py                           1           0  0.66s           2025-07-13T16:34:05
================================================================================
[2025-07-13T16:34:43.465+0000] {manager.py:878} INFO - 
================================================================================
DAG File Processing Stats

File Path                                PID    Runtime      # DAGs    # Errors  Last Runtime    Last Run
---------------------------------------  -----  ---------  --------  ----------  --------------  -------------------
/opt/airflow/dags/airflight_pipeline.py                           1           0  0.85s           2025-07-13T16:34:36
================================================================================
[2025-07-13T16:35:13.808+0000] {manager.py:878} INFO - 
================================================================================
DAG File Processing Stats

File Path                                PID    Runtime      # DAGs    # Errors  Last Runtime    Last Run
---------------------------------------  -----  ---------  --------  ----------  --------------  -------------------
/opt/airflow/dags/airflight_pipeline.py                           1           0  1.07s           2025-07-13T16:35:07
================================================================================
[2025-07-13T16:35:32.015+0000] {manager.py:737} INFO - Searching for files in /opt/airflow/dags
[2025-07-13T16:35:32.044+0000] {manager.py:740} INFO - There are 1 files in /opt/airflow/dags
[2025-07-13T16:35:43.993+0000] {manager.py:878} INFO - 
================================================================================
DAG File Processing Stats

File Path                                PID    Runtime      # DAGs    # Errors  Last Runtime    Last Run
---------------------------------------  -----  ---------  --------  ----------  --------------  -------------------
/opt/airflow/dags/airflight_pipeline.py                           1           0  0.80s           2025-07-13T16:35:38
================================================================================
[2025-07-13T16:36:14.490+0000] {manager.py:878} INFO - 
================================================================================
DAG File Processing Stats

File Path                                PID    Runtime      # DAGs    # Errors  Last Runtime    Last Run
---------------------------------------  -----  ---------  --------  ----------  --------------  -------------------
/opt/airflow/dags/airflight_pipeline.py                           1           0  0.68s           2025-07-13T16:36:09
================================================================================
[2025-07-13T16:36:44.778+0000] {manager.py:878} INFO - 
================================================================================
DAG File Processing Stats

File Path                                PID    Runtime      # DAGs    # Errors  Last Runtime    Last Run
---------------------------------------  -----  ---------  --------  ----------  --------------  -------------------
/opt/airflow/dags/airflight_pipeline.py                           1           0  0.76s           2025-07-13T16:36:40
================================================================================
[2025-07-13T16:37:14.852+0000] {manager.py:878} INFO - 
================================================================================
DAG File Processing Stats

File Path                                PID    Runtime      # DAGs    # Errors  Last Runtime    Last Run
---------------------------------------  -----  ---------  --------  ----------  --------------  -------------------
/opt/airflow/dags/airflight_pipeline.py                           1           0  0.77s           2025-07-13T16:37:11
================================================================================
[2025-07-13T16:37:45.099+0000] {manager.py:878} INFO - 
================================================================================
DAG File Processing Stats

File Path                                PID    Runtime      # DAGs    # Errors  Last Runtime    Last Run
---------------------------------------  -----  ---------  --------  ----------  --------------  -------------------
/opt/airflow/dags/airflight_pipeline.py                           1           0  0.94s           2025-07-13T16:37:43
================================================================================
[2025-07-13T16:38:15.884+0000] {manager.py:878} INFO - 
================================================================================
DAG File Processing Stats

File Path                                PID    Runtime      # DAGs    # Errors  Last Runtime    Last Run
---------------------------------------  -----  ---------  --------  ----------  --------------  -------------------
/opt/airflow/dags/airflight_pipeline.py                           1           0  0.74s           2025-07-13T16:38:14
================================================================================
[2025-07-13T16:38:45.969+0000] {manager.py:878} INFO - 
================================================================================
DAG File Processing Stats

File Path                                PID    Runtime      # DAGs    # Errors  Last Runtime    Last Run
---------------------------------------  -----  ---------  --------  ----------  --------------  -------------------
/opt/airflow/dags/airflight_pipeline.py                           1           0  0.76s           2025-07-13T16:38:44
================================================================================
[2025-07-13T16:39:16.719+0000] {manager.py:878} INFO - 
================================================================================
DAG File Processing Stats

File Path                                PID    Runtime      # DAGs    # Errors  Last Runtime    Last Run
---------------------------------------  -----  ---------  --------  ----------  --------------  -------------------
/opt/airflow/dags/airflight_pipeline.py                           1           0  0.54s           2025-07-13T16:39:15
================================================================================
[2025-07-13T16:39:47.048+0000] {manager.py:878} INFO - 
================================================================================
DAG File Processing Stats

File Path                                PID    Runtime      # DAGs    # Errors  Last Runtime    Last Run
---------------------------------------  -----  ---------  --------  ----------  --------------  -------------------
/opt/airflow/dags/airflight_pipeline.py                           1           0  0.53s           2025-07-13T16:39:46
================================================================================
[2025-07-13T16:40:17.378+0000] {manager.py:878} INFO - 
================================================================================
DAG File Processing Stats

File Path                                  PID  Runtime      # DAGs    # Errors  Last Runtime    Last Run
---------------------------------------  -----  ---------  --------  ----------  --------------  -------------------
/opt/airflow/dags/airflight_pipeline.py    718  0.53s             1           0  0.53s           2025-07-13T16:39:46
================================================================================
[2025-07-13T16:40:32.559+0000] {manager.py:737} INFO - Searching for files in /opt/airflow/dags
[2025-07-13T16:40:32.586+0000] {manager.py:740} INFO - There are 1 files in /opt/airflow/dags
[2025-07-13T16:40:47.748+0000] {manager.py:878} INFO - 
================================================================================
DAG File Processing Stats

File Path                                  PID  Runtime      # DAGs    # Errors  Last Runtime    Last Run
---------------------------------------  -----  ---------  --------  ----------  --------------  -------------------
/opt/airflow/dags/airflight_pipeline.py    724  0.01s             1           0  0.70s           2025-07-13T16:40:17
================================================================================
[2025-07-13T16:41:18.051+0000] {manager.py:878} INFO - 
================================================================================
DAG File Processing Stats

File Path                                PID    Runtime      # DAGs    # Errors  Last Runtime    Last Run
---------------------------------------  -----  ---------  --------  ----------  --------------  -------------------
/opt/airflow/dags/airflight_pipeline.py                           1           0  1.04s           2025-07-13T16:40:48
================================================================================
[2025-07-13T16:41:48.361+0000] {manager.py:878} INFO - 
================================================================================
DAG File Processing Stats

File Path                                PID    Runtime      # DAGs    # Errors  Last Runtime    Last Run
---------------------------------------  -----  ---------  --------  ----------  --------------  -------------------
/opt/airflow/dags/airflight_pipeline.py                           1           0  0.68s           2025-07-13T16:41:19
================================================================================
[2025-07-13T16:42:18.631+0000] {manager.py:878} INFO - 
================================================================================
DAG File Processing Stats

File Path                                PID    Runtime      # DAGs    # Errors  Last Runtime    Last Run
---------------------------------------  -----  ---------  --------  ----------  --------------  -------------------
/opt/airflow/dags/airflight_pipeline.py                           1           0  0.52s           2025-07-13T16:41:50
================================================================================
[2025-07-13T16:42:49.106+0000] {manager.py:878} INFO - 
================================================================================
DAG File Processing Stats

File Path                                PID    Runtime      # DAGs    # Errors  Last Runtime    Last Run
---------------------------------------  -----  ---------  --------  ----------  --------------  -------------------
/opt/airflow/dags/airflight_pipeline.py                           1           0  0.56s           2025-07-13T16:42:21
================================================================================
[2025-07-13T16:43:19.424+0000] {manager.py:878} INFO - 
================================================================================
DAG File Processing Stats

File Path                                PID    Runtime      # DAGs    # Errors  Last Runtime    Last Run
---------------------------------------  -----  ---------  --------  ----------  --------------  -------------------
/opt/airflow/dags/airflight_pipeline.py                           1           0  0.73s           2025-07-13T16:42:52
================================================================================
[2025-07-13T16:43:49.744+0000] {manager.py:878} INFO - 
================================================================================
DAG File Processing Stats

File Path                                PID    Runtime      # DAGs    # Errors  Last Runtime    Last Run
---------------------------------------  -----  ---------  --------  ----------  --------------  -------------------
/opt/airflow/dags/airflight_pipeline.py                           1           0  0.69s           2025-07-13T16:43:23
================================================================================
[2025-07-13T16:44:20.733+0000] {manager.py:878} INFO - 
================================================================================
DAG File Processing Stats

File Path                                PID    Runtime      # DAGs    # Errors  Last Runtime    Last Run
---------------------------------------  -----  ---------  --------  ----------  --------------  -------------------
/opt/airflow/dags/airflight_pipeline.py                           1           0  1.04s           2025-07-13T16:43:54
================================================================================
[2025-07-13T16:44:50.864+0000] {manager.py:878} INFO - 
================================================================================
DAG File Processing Stats

File Path                                PID    Runtime      # DAGs    # Errors  Last Runtime    Last Run
---------------------------------------  -----  ---------  --------  ----------  --------------  -------------------
/opt/airflow/dags/airflight_pipeline.py                           1           0  0.82s           2025-07-13T16:44:25
================================================================================
[2025-07-13T16:45:21.319+0000] {manager.py:878} INFO - 
================================================================================
DAG File Processing Stats

File Path                                PID    Runtime      # DAGs    # Errors  Last Runtime    Last Run
---------------------------------------  -----  ---------  --------  ----------  --------------  -------------------
/opt/airflow/dags/airflight_pipeline.py                           1           0  0.61s           2025-07-13T16:44:56
================================================================================
[2025-07-13T16:45:32.686+0000] {manager.py:737} INFO - Searching for files in /opt/airflow/dags
[2025-07-13T16:45:32.722+0000] {manager.py:740} INFO - There are 1 files in /opt/airflow/dags
[2025-07-13T16:45:51.699+0000] {manager.py:878} INFO - 
================================================================================
DAG File Processing Stats

File Path                                PID    Runtime      # DAGs    # Errors  Last Runtime    Last Run
---------------------------------------  -----  ---------  --------  ----------  --------------  -------------------
/opt/airflow/dags/airflight_pipeline.py                           1           0  0.76s           2025-07-13T16:45:27
================================================================================
[2025-07-13T16:46:22.243+0000] {manager.py:878} INFO - 
================================================================================
DAG File Processing Stats

File Path                                PID    Runtime      # DAGs    # Errors  Last Runtime    Last Run
---------------------------------------  -----  ---------  --------  ----------  --------------  -------------------
/opt/airflow/dags/airflight_pipeline.py                           1           0  0.59s           2025-07-13T16:45:58
================================================================================
[2025-07-13T16:46:52.560+0000] {manager.py:878} INFO - 
================================================================================
DAG File Processing Stats

File Path                                PID    Runtime      # DAGs    # Errors  Last Runtime    Last Run
---------------------------------------  -----  ---------  --------  ----------  --------------  -------------------
/opt/airflow/dags/airflight_pipeline.py                           1           0  0.72s           2025-07-13T16:46:29
================================================================================
[2025-07-13T16:47:22.713+0000] {manager.py:878} INFO - 
================================================================================
DAG File Processing Stats

File Path                                PID    Runtime      # DAGs    # Errors  Last Runtime    Last Run
---------------------------------------  -----  ---------  --------  ----------  --------------  -------------------
/opt/airflow/dags/airflight_pipeline.py                           1           0  0.84s           2025-07-13T16:47:00
================================================================================
[2025-07-13T16:47:52.860+0000] {manager.py:878} INFO - 
================================================================================
DAG File Processing Stats

File Path                                PID    Runtime      # DAGs    # Errors  Last Runtime    Last Run
---------------------------------------  -----  ---------  --------  ----------  --------------  -------------------
/opt/airflow/dags/airflight_pipeline.py                           1           0  0.85s           2025-07-13T16:47:31
================================================================================
[2025-07-13T16:48:23.422+0000] {manager.py:878} INFO - 
================================================================================
DAG File Processing Stats

File Path                                PID    Runtime      # DAGs    # Errors  Last Runtime    Last Run
---------------------------------------  -----  ---------  --------  ----------  --------------  -------------------
/opt/airflow/dags/airflight_pipeline.py                           1           0  0.74s           2025-07-13T16:48:02
================================================================================
[2025-07-13T16:48:53.715+0000] {manager.py:878} INFO - 
================================================================================
DAG File Processing Stats

File Path                                PID    Runtime      # DAGs    # Errors  Last Runtime    Last Run
---------------------------------------  -----  ---------  --------  ----------  --------------  -------------------
/opt/airflow/dags/airflight_pipeline.py                           1           0  0.70s           2025-07-13T16:48:33
================================================================================
[2025-07-13T16:49:23.793+0000] {manager.py:878} INFO - 
================================================================================
DAG File Processing Stats

File Path                                PID    Runtime      # DAGs    # Errors  Last Runtime    Last Run
---------------------------------------  -----  ---------  --------  ----------  --------------  -------------------
/opt/airflow/dags/airflight_pipeline.py                           1           0  0.78s           2025-07-13T16:49:04
================================================================================
[2025-07-13T16:49:54.494+0000] {manager.py:878} INFO - 
================================================================================
DAG File Processing Stats

File Path                                PID    Runtime      # DAGs    # Errors  Last Runtime    Last Run
---------------------------------------  -----  ---------  --------  ----------  --------------  -------------------
/opt/airflow/dags/airflight_pipeline.py                           1           0  0.75s           2025-07-13T16:49:35
================================================================================
[2025-07-13T16:50:24.810+0000] {manager.py:878} INFO - 
================================================================================
DAG File Processing Stats

File Path                                PID    Runtime      # DAGs    # Errors  Last Runtime    Last Run
---------------------------------------  -----  ---------  --------  ----------  --------------  -------------------
/opt/airflow/dags/airflight_pipeline.py                           1           0  0.71s           2025-07-13T16:50:06
================================================================================
[2025-07-13T16:50:32.873+0000] {manager.py:737} INFO - Searching for files in /opt/airflow/dags
[2025-07-13T16:50:32.905+0000] {manager.py:740} INFO - There are 1 files in /opt/airflow/dags
[2025-07-13T16:50:55.100+0000] {manager.py:878} INFO - 
================================================================================
DAG File Processing Stats

File Path                                PID    Runtime      # DAGs    # Errors  Last Runtime    Last Run
---------------------------------------  -----  ---------  --------  ----------  --------------  -------------------
/opt/airflow/dags/airflight_pipeline.py                           1           0  0.94s           2025-07-13T16:50:37
================================================================================
[2025-07-13T16:51:25.222+0000] {manager.py:878} INFO - 
================================================================================
DAG File Processing Stats

File Path                                PID    Runtime      # DAGs    # Errors  Last Runtime    Last Run
---------------------------------------  -----  ---------  --------  ----------  --------------  -------------------
/opt/airflow/dags/airflight_pipeline.py                           1           0  0.78s           2025-07-13T16:51:08
================================================================================
[2025-07-13T16:51:55.321+0000] {manager.py:878} INFO - 
================================================================================
DAG File Processing Stats

File Path                                PID    Runtime      # DAGs    # Errors  Last Runtime    Last Run
---------------------------------------  -----  ---------  --------  ----------  --------------  -------------------
/opt/airflow/dags/airflight_pipeline.py                           1           0  0.83s           2025-07-13T16:51:40
================================================================================
[2025-07-13T16:52:26.069+0000] {manager.py:878} INFO - 
================================================================================
DAG File Processing Stats

File Path                                PID    Runtime      # DAGs    # Errors  Last Runtime    Last Run
---------------------------------------  -----  ---------  --------  ----------  --------------  -------------------
/opt/airflow/dags/airflight_pipeline.py                           1           0  0.78s           2025-07-13T16:52:11
================================================================================
[2025-07-13T16:52:56.351+0000] {manager.py:878} INFO - 
================================================================================
DAG File Processing Stats

File Path                                PID    Runtime      # DAGs    # Errors  Last Runtime    Last Run
---------------------------------------  -----  ---------  --------  ----------  --------------  -------------------
/opt/airflow/dags/airflight_pipeline.py                           1           0  0.69s           2025-07-13T16:52:42
================================================================================
[2025-07-13T16:53:26.652+0000] {manager.py:878} INFO - 
================================================================================
DAG File Processing Stats

File Path                                PID    Runtime      # DAGs    # Errors  Last Runtime    Last Run
---------------------------------------  -----  ---------  --------  ----------  --------------  -------------------
/opt/airflow/dags/airflight_pipeline.py                           1           0  0.99s           2025-07-13T16:53:13
================================================================================
[2025-07-13T16:53:56.901+0000] {manager.py:878} INFO - 
================================================================================
DAG File Processing Stats

File Path                                PID    Runtime      # DAGs    # Errors  Last Runtime    Last Run
---------------------------------------  -----  ---------  --------  ----------  --------------  -------------------
/opt/airflow/dags/airflight_pipeline.py                           1           0  0.94s           2025-07-13T16:53:44
================================================================================
[2025-07-13T16:54:27.026+0000] {manager.py:878} INFO - 
================================================================================
DAG File Processing Stats

File Path                                PID    Runtime      # DAGs    # Errors  Last Runtime    Last Run
---------------------------------------  -----  ---------  --------  ----------  --------------  -------------------
/opt/airflow/dags/airflight_pipeline.py                           1           0  0.81s           2025-07-13T16:54:15
================================================================================
[2025-07-13T16:54:57.529+0000] {manager.py:878} INFO - 
================================================================================
DAG File Processing Stats

File Path                                PID    Runtime      # DAGs    # Errors  Last Runtime    Last Run
---------------------------------------  -----  ---------  --------  ----------  --------------  -------------------
/opt/airflow/dags/airflight_pipeline.py                           1           0  0.74s           2025-07-13T16:54:46
================================================================================
[2025-07-13T16:55:27.830+0000] {manager.py:878} INFO - 
================================================================================
DAG File Processing Stats

File Path                                PID    Runtime      # DAGs    # Errors  Last Runtime    Last Run
---------------------------------------  -----  ---------  --------  ----------  --------------  -------------------
/opt/airflow/dags/airflight_pipeline.py                           1           0  0.70s           2025-07-13T16:55:17
================================================================================
[2025-07-13T16:55:33.107+0000] {manager.py:737} INFO - Searching for files in /opt/airflow/dags
[2025-07-13T16:55:33.132+0000] {manager.py:740} INFO - There are 1 files in /opt/airflow/dags
[2025-07-13T16:55:58.395+0000] {manager.py:878} INFO - 
================================================================================
DAG File Processing Stats

File Path                                PID    Runtime      # DAGs    # Errors  Last Runtime    Last Run
---------------------------------------  -----  ---------  --------  ----------  --------------  -------------------
/opt/airflow/dags/airflight_pipeline.py                           1           0  0.76s           2025-07-13T16:55:48
================================================================================
[2025-07-13T16:56:28.671+0000] {manager.py:878} INFO - 
================================================================================
DAG File Processing Stats

File Path                                PID    Runtime      # DAGs    # Errors  Last Runtime    Last Run
---------------------------------------  -----  ---------  --------  ----------  --------------  -------------------
/opt/airflow/dags/airflight_pipeline.py                           1           0  0.77s           2025-07-13T16:56:19
================================================================================
[2025-07-13T16:56:58.974+0000] {manager.py:878} INFO - 
================================================================================
DAG File Processing Stats

File Path                                PID    Runtime      # DAGs    # Errors  Last Runtime    Last Run
---------------------------------------  -----  ---------  --------  ----------  --------------  -------------------
/opt/airflow/dags/airflight_pipeline.py                           1           0  0.88s           2025-07-13T16:56:50
================================================================================
