[2025-07-15T07:26:03.769+0000] {local_task_job_runner.py:120} INFO - ::group::Pre task execution logs
[2025-07-15T07:26:03.799+0000] {taskinstance.py:2076} INFO - Dependencies all met for dep_context=non-requeueable deps ti=<TaskInstance: airflights_etl_pipeline.load scheduled__2025-07-15T07:24:00+00:00 [queued]>
[2025-07-15T07:26:03.807+0000] {taskinstance.py:2076} INFO - Dependencies all met for dep_context=requeueable deps ti=<TaskInstance: airflights_etl_pipeline.load scheduled__2025-07-15T07:24:00+00:00 [queued]>
[2025-07-15T07:26:03.809+0000] {taskinstance.py:2306} INFO - Starting attempt 1 of 2
[2025-07-15T07:26:03.823+0000] {taskinstance.py:2330} INFO - Executing <Task(PythonOperator): load> on 2025-07-15 07:24:00+00:00
[2025-07-15T07:26:03.833+0000] {logging_mixin.py:188} WARNING - /home/airflow/.local/lib/python3.12/site-packages/airflow/task/task_runner/standard_task_runner.py:61 DeprecationWarning: This process (pid=8015) is multi-threaded, use of fork() may lead to deadlocks in the child.
[2025-07-15T07:26:03.833+0000] {standard_task_runner.py:90} INFO - Running: ['airflow', 'tasks', 'run', 'airflights_etl_pipeline', 'load', 'scheduled__2025-07-15T07:24:00+00:00', '--job-id', '2684', '--raw', '--subdir', 'DAGS_FOLDER/airflight_pipeline.py', '--cfg-path', '/tmp/tmpo4bbd6y3']
[2025-07-15T07:26:03.834+0000] {standard_task_runner.py:63} INFO - Started process 8017 to run task
[2025-07-15T07:26:03.834+0000] {standard_task_runner.py:91} INFO - Job 2684: Subtask load
[2025-07-15T07:26:03.846+0000] {logging_mixin.py:188} WARNING - /home/airflow/.local/lib/python3.12/site-packages/airflow/settings.py:195 DeprecationWarning: The sql_alchemy_conn option in [core] has been moved to the sql_alchemy_conn option in [database] - the old setting has been used, but please update your config.
[2025-07-15T07:26:03.879+0000] {task_command.py:426} INFO - Running <TaskInstance: airflights_etl_pipeline.load scheduled__2025-07-15T07:24:00+00:00 [running]> on host 5a1293588d06
[2025-07-15T07:26:04.122+0000] {taskinstance.py:2648} INFO - Exporting env vars: AIRFLOW_CTX_DAG_OWNER='airflow' AIRFLOW_CTX_DAG_ID='airflights_etl_pipeline' AIRFLOW_CTX_TASK_ID='load' AIRFLOW_CTX_EXECUTION_DATE='2025-07-15T07:24:00+00:00' AIRFLOW_CTX_TRY_NUMBER='1' AIRFLOW_CTX_DAG_RUN_ID='scheduled__2025-07-15T07:24:00+00:00'
[2025-07-15T07:26:04.123+0000] {taskinstance.py:430} INFO - ::endgroup::
[2025-07-15T07:26:04.216+0000] {logging_mixin.py:188} INFO - Data loaded to PostgreSQL table flights_summary
[2025-07-15T07:26:04.608+0000] {logging_mixin.py:188} INFO - Data loaded to PostgreSQL table flights_timeofday
[2025-07-15T07:26:04.609+0000] {python.py:237} INFO - Done. Returned value was: None
[2025-07-15T07:26:04.610+0000] {taskinstance.py:441} INFO - ::group::Post task execution logs
[2025-07-15T07:26:04.618+0000] {taskinstance.py:1206} INFO - Marking task as SUCCESS. dag_id=airflights_etl_pipeline, task_id=load, run_id=scheduled__2025-07-15T07:24:00+00:00, execution_date=20250715T072400, start_date=20250715T072603, end_date=20250715T072604
[2025-07-15T07:26:04.649+0000] {local_task_job_runner.py:240} INFO - Task exited with return code 0
[2025-07-15T07:26:04.663+0000] {taskinstance.py:3498} INFO - 0 downstream tasks scheduled from follow-on schedule check
[2025-07-15T07:26:04.667+0000] {local_task_job_runner.py:222} INFO - ::endgroup::
