[2025-07-16T06:52:01.502+0000] {local_task_job_runner.py:120} INFO - ::group::Pre task execution logs
[2025-07-16T06:52:01.568+0000] {taskinstance.py:2076} INFO - Dependencies all met for dep_context=non-requeueable deps ti=<TaskInstance: airflights_etl_pipeline.extract_task.extract5 scheduled__2025-07-16T06:50:00+00:00 [queued]>
[2025-07-16T06:52:01.584+0000] {taskinstance.py:2076} INFO - Dependencies all met for dep_context=requeueable deps ti=<TaskInstance: airflights_etl_pipeline.extract_task.extract5 scheduled__2025-07-16T06:50:00+00:00 [queued]>
[2025-07-16T06:52:01.585+0000] {taskinstance.py:2306} INFO - Starting attempt 1 of 2
[2025-07-16T06:52:01.608+0000] {taskinstance.py:2330} INFO - Executing <Task(PythonOperator): extract_task.extract5> on 2025-07-16 06:50:00+00:00
[2025-07-16T06:52:01.626+0000] {logging_mixin.py:188} WARNING - /home/airflow/.local/lib/python3.12/site-packages/airflow/task/task_runner/standard_task_runner.py:61 DeprecationWarning: This process (pid=5420) is multi-threaded, use of fork() may lead to deadlocks in the child.
[2025-07-16T06:52:01.625+0000] {standard_task_runner.py:90} INFO - Running: ['airflow', 'tasks', 'run', 'airflights_etl_pipeline', 'extract_task.extract5', 'scheduled__2025-07-16T06:50:00+00:00', '--job-id', '4019', '--raw', '--subdir', 'DAGS_FOLDER/airflight_pipeline.py', '--cfg-path', '/tmp/tmpy4m0nddi']
[2025-07-16T06:52:01.628+0000] {standard_task_runner.py:63} INFO - Started process 5428 to run task
[2025-07-16T06:52:01.629+0000] {standard_task_runner.py:91} INFO - Job 4019: Subtask extract_task.extract5
[2025-07-16T06:52:01.659+0000] {logging_mixin.py:188} WARNING - /home/airflow/.local/lib/python3.12/site-packages/airflow/settings.py:195 DeprecationWarning: The sql_alchemy_conn option in [core] has been moved to the sql_alchemy_conn option in [database] - the old setting has been used, but please update your config.
[2025-07-16T06:52:01.738+0000] {task_command.py:426} INFO - Running <TaskInstance: airflights_etl_pipeline.extract_task.extract5 scheduled__2025-07-16T06:50:00+00:00 [running]> on host 5a1293588d06
[2025-07-16T06:52:03.274+0000] {taskinstance.py:2648} INFO - Exporting env vars: AIRFLOW_CTX_DAG_OWNER='airflow' AIRFLOW_CTX_DAG_ID='airflights_etl_pipeline' AIRFLOW_CTX_TASK_ID='extract_task.extract5' AIRFLOW_CTX_EXECUTION_DATE='2025-07-16T06:50:00+00:00' AIRFLOW_CTX_TRY_NUMBER='1' AIRFLOW_CTX_DAG_RUN_ID='scheduled__2025-07-16T06:50:00+00:00'
[2025-07-16T06:52:03.276+0000] {taskinstance.py:430} INFO - ::endgroup::
[2025-07-16T06:52:05.304+0000] {logging_mixin.py:188} INFO - Extracted batch 5 to /opt/airflow/data/output/extracted_batch5.csv
[2025-07-16T06:52:05.305+0000] {python.py:237} INFO - Done. Returned value was: None
[2025-07-16T06:52:05.307+0000] {taskinstance.py:441} INFO - ::group::Post task execution logs
[2025-07-16T06:52:05.328+0000] {taskinstance.py:1206} INFO - Marking task as SUCCESS. dag_id=airflights_etl_pipeline, task_id=extract_task.extract5, run_id=scheduled__2025-07-16T06:50:00+00:00, execution_date=20250716T065000, start_date=20250716T065201, end_date=20250716T065205
[2025-07-16T06:52:05.398+0000] {local_task_job_runner.py:240} INFO - Task exited with return code 0
[2025-07-16T06:52:05.443+0000] {taskinstance.py:3498} INFO - 1 downstream tasks scheduled from follow-on schedule check
[2025-07-16T06:52:05.450+0000] {local_task_job_runner.py:222} INFO - ::endgroup::
