[2025-07-15T05:52:01.384+0000] {local_task_job_runner.py:120} INFO - ::group::Pre task execution logs
[2025-07-15T05:52:01.413+0000] {taskinstance.py:2076} INFO - Dependencies all met for dep_context=non-requeueable deps ti=<TaskInstance: airflights_etl_pipeline.extract_task.extract5 scheduled__2025-07-15T05:50:00+00:00 [queued]>
[2025-07-15T05:52:01.421+0000] {taskinstance.py:2076} INFO - Dependencies all met for dep_context=requeueable deps ti=<TaskInstance: airflights_etl_pipeline.extract_task.extract5 scheduled__2025-07-15T05:50:00+00:00 [queued]>
[2025-07-15T05:52:01.423+0000] {taskinstance.py:2306} INFO - Starting attempt 1 of 2
[2025-07-15T05:52:01.437+0000] {taskinstance.py:2330} INFO - Executing <Task(PythonOperator): extract_task.extract5> on 2025-07-15 05:50:00+00:00
[2025-07-15T05:52:01.447+0000] {standard_task_runner.py:90} INFO - Running: ['airflow', 'tasks', 'run', 'airflights_etl_pipeline', 'extract_task.extract5', 'scheduled__2025-07-15T05:50:00+00:00', '--job-id', '2266', '--raw', '--subdir', 'DAGS_FOLDER/airflight_pipeline.py', '--cfg-path', '/tmp/tmpagenrcqd']
[2025-07-15T05:52:01.448+0000] {logging_mixin.py:188} WARNING - /home/airflow/.local/lib/python3.12/site-packages/airflow/task/task_runner/standard_task_runner.py:61 DeprecationWarning: This process (pid=5179) is multi-threaded, use of fork() may lead to deadlocks in the child.
[2025-07-15T05:52:01.449+0000] {standard_task_runner.py:91} INFO - Job 2266: Subtask extract_task.extract5
[2025-07-15T05:52:01.449+0000] {standard_task_runner.py:63} INFO - Started process 5186 to run task
[2025-07-15T05:52:01.478+0000] {logging_mixin.py:188} WARNING - /home/airflow/.local/lib/python3.12/site-packages/airflow/settings.py:195 DeprecationWarning: The sql_alchemy_conn option in [core] has been moved to the sql_alchemy_conn option in [database] - the old setting has been used, but please update your config.
[2025-07-15T05:52:01.516+0000] {task_command.py:426} INFO - Running <TaskInstance: airflights_etl_pipeline.extract_task.extract5 scheduled__2025-07-15T05:50:00+00:00 [running]> on host 5a1293588d06
[2025-07-15T05:52:01.875+0000] {taskinstance.py:2648} INFO - Exporting env vars: AIRFLOW_CTX_DAG_OWNER='airflow' AIRFLOW_CTX_DAG_ID='airflights_etl_pipeline' AIRFLOW_CTX_TASK_ID='extract_task.extract5' AIRFLOW_CTX_EXECUTION_DATE='2025-07-15T05:50:00+00:00' AIRFLOW_CTX_TRY_NUMBER='1' AIRFLOW_CTX_DAG_RUN_ID='scheduled__2025-07-15T05:50:00+00:00'
[2025-07-15T05:52:01.876+0000] {taskinstance.py:430} INFO - ::endgroup::
[2025-07-15T05:52:02.019+0000] {logging_mixin.py:188} INFO - Extracted batch 5 to /opt/airflow/data/output/extracted_batch5.csv
[2025-07-15T05:52:02.020+0000] {python.py:237} INFO - Done. Returned value was: None
[2025-07-15T05:52:02.021+0000] {taskinstance.py:441} INFO - ::group::Post task execution logs
[2025-07-15T05:52:02.034+0000] {taskinstance.py:1206} INFO - Marking task as SUCCESS. dag_id=airflights_etl_pipeline, task_id=extract_task.extract5, run_id=scheduled__2025-07-15T05:50:00+00:00, execution_date=20250715T055000, start_date=20250715T055201, end_date=20250715T055202
[2025-07-15T05:52:02.104+0000] {local_task_job_runner.py:240} INFO - Task exited with return code 0
[2025-07-15T05:52:02.134+0000] {taskinstance.py:3498} INFO - 1 downstream tasks scheduled from follow-on schedule check
[2025-07-15T05:52:02.138+0000] {local_task_job_runner.py:222} INFO - ::endgroup::
