[2025-07-15T04:20:05.798+0000] {local_task_job_runner.py:120} INFO - ::group::Pre task execution logs
[2025-07-15T04:20:05.829+0000] {taskinstance.py:2076} INFO - Dependencies all met for dep_context=non-requeueable deps ti=<TaskInstance: airflights_etl_pipeline.load scheduled__2025-07-15T04:18:00+00:00 [queued]>
[2025-07-15T04:20:05.841+0000] {taskinstance.py:2076} INFO - Dependencies all met for dep_context=requeueable deps ti=<TaskInstance: airflights_etl_pipeline.load scheduled__2025-07-15T04:18:00+00:00 [queued]>
[2025-07-15T04:20:05.875+0000] {taskinstance.py:2306} INFO - Starting attempt 1 of 2
[2025-07-15T04:20:05.889+0000] {taskinstance.py:2330} INFO - Executing <Task(PythonOperator): load> on 2025-07-15 04:18:00+00:00
[2025-07-15T04:20:05.898+0000] {logging_mixin.py:188} WARNING - /home/airflow/.local/lib/python3.12/site-packages/airflow/task/task_runner/standard_task_runner.py:61 DeprecationWarning: This process (pid=2875) is multi-threaded, use of fork() may lead to deadlocks in the child.
[2025-07-15T04:20:05.898+0000] {standard_task_runner.py:90} INFO - Running: ['airflow', 'tasks', 'run', 'airflights_etl_pipeline', 'load', 'scheduled__2025-07-15T04:18:00+00:00', '--job-id', '1899', '--raw', '--subdir', 'DAGS_FOLDER/airflight_pipeline.py', '--cfg-path', '/tmp/tmp554l2eld']
[2025-07-15T04:20:05.899+0000] {standard_task_runner.py:63} INFO - Started process 2877 to run task
[2025-07-15T04:20:05.900+0000] {standard_task_runner.py:91} INFO - Job 1899: Subtask load
[2025-07-15T04:20:05.917+0000] {logging_mixin.py:188} WARNING - /home/airflow/.local/lib/python3.12/site-packages/airflow/settings.py:195 DeprecationWarning: The sql_alchemy_conn option in [core] has been moved to the sql_alchemy_conn option in [database] - the old setting has been used, but please update your config.
[2025-07-15T04:20:05.951+0000] {task_command.py:426} INFO - Running <TaskInstance: airflights_etl_pipeline.load scheduled__2025-07-15T04:18:00+00:00 [running]> on host 5a1293588d06
[2025-07-15T04:20:06.255+0000] {taskinstance.py:2648} INFO - Exporting env vars: AIRFLOW_CTX_DAG_OWNER='airflow' AIRFLOW_CTX_DAG_ID='airflights_etl_pipeline' AIRFLOW_CTX_TASK_ID='load' AIRFLOW_CTX_EXECUTION_DATE='2025-07-15T04:18:00+00:00' AIRFLOW_CTX_TRY_NUMBER='1' AIRFLOW_CTX_DAG_RUN_ID='scheduled__2025-07-15T04:18:00+00:00'
[2025-07-15T04:20:06.257+0000] {taskinstance.py:430} INFO - ::endgroup::
[2025-07-15T04:20:06.266+0000] {logging_mixin.py:188} INFO - Membaca file summary: /opt/airflow/data/output/transformed.parquet
[2025-07-15T04:20:06.308+0000] {logging_mixin.py:188} INFO - Summary: 4 rows, 3 columns
[2025-07-15T04:20:06.387+0000] {logging_mixin.py:188} INFO - Summary disimpan ke tabel: flights_summary
[2025-07-15T04:20:06.391+0000] {logging_mixin.py:188} INFO - Membaca file full: /opt/airflow/data/output/transformed.parquet
[2025-07-15T04:20:06.399+0000] {logging_mixin.py:188} INFO - Full: 4 rows, 3 columns
[2025-07-15T04:20:06.427+0000] {logging_mixin.py:188} INFO - Full disimpan ke tabel: flights_full
[2025-07-15T04:20:06.431+0000] {logging_mixin.py:188} INFO - Kedua dataset berhasil dimuat ke PostgreSQL.
[2025-07-15T04:20:06.432+0000] {python.py:237} INFO - Done. Returned value was: None
[2025-07-15T04:20:06.433+0000] {taskinstance.py:441} INFO - ::group::Post task execution logs
[2025-07-15T04:20:06.444+0000] {taskinstance.py:1206} INFO - Marking task as SUCCESS. dag_id=airflights_etl_pipeline, task_id=load, run_id=scheduled__2025-07-15T04:18:00+00:00, execution_date=20250715T041800, start_date=20250715T042005, end_date=20250715T042006
[2025-07-15T04:20:06.475+0000] {local_task_job_runner.py:240} INFO - Task exited with return code 0
[2025-07-15T04:20:06.491+0000] {taskinstance.py:3498} INFO - 0 downstream tasks scheduled from follow-on schedule check
[2025-07-15T04:20:06.499+0000] {local_task_job_runner.py:222} INFO - ::endgroup::
