[2025-07-14T05:14:04.938+0000] {local_task_job_runner.py:120} INFO - ::group::Pre task execution logs
[2025-07-14T05:14:04.974+0000] {taskinstance.py:2076} INFO - Dependencies all met for dep_context=non-requeueable deps ti=<TaskInstance: airflights_etl_pipeline.transform scheduled__2025-07-14T05:12:00+00:00 [queued]>
[2025-07-14T05:14:04.985+0000] {taskinstance.py:2076} INFO - Dependencies all met for dep_context=requeueable deps ti=<TaskInstance: airflights_etl_pipeline.transform scheduled__2025-07-14T05:12:00+00:00 [queued]>
[2025-07-14T05:14:04.991+0000] {taskinstance.py:2306} INFO - Starting attempt 1 of 2
[2025-07-14T05:14:05.008+0000] {taskinstance.py:2330} INFO - Executing <Task(PythonOperator): transform> on 2025-07-14 05:12:00+00:00
[2025-07-14T05:14:05.018+0000] {logging_mixin.py:188} WARNING - /home/airflow/.local/lib/python3.12/site-packages/airflow/task/task_runner/standard_task_runner.py:61 DeprecationWarning: This process (pid=3023) is multi-threaded, use of fork() may lead to deadlocks in the child.
[2025-07-14T05:14:05.020+0000] {standard_task_runner.py:63} INFO - Started process 3027 to run task
[2025-07-14T05:14:05.018+0000] {standard_task_runner.py:90} INFO - Running: ['airflow', 'tasks', 'run', 'airflights_etl_pipeline', 'transform', 'scheduled__2025-07-14T05:12:00+00:00', '--job-id', '583', '--raw', '--subdir', 'DAGS_FOLDER/airflight_pipeline.py', '--cfg-path', '/tmp/tmponz0_etk']
[2025-07-14T05:14:05.021+0000] {standard_task_runner.py:91} INFO - Job 583: Subtask transform
[2025-07-14T05:14:05.037+0000] {logging_mixin.py:188} WARNING - /home/airflow/.local/lib/python3.12/site-packages/airflow/settings.py:195 DeprecationWarning: The sql_alchemy_conn option in [core] has been moved to the sql_alchemy_conn option in [database] - the old setting has been used, but please update your config.
[2025-07-14T05:14:05.086+0000] {task_command.py:426} INFO - Running <TaskInstance: airflights_etl_pipeline.transform scheduled__2025-07-14T05:12:00+00:00 [running]> on host 5a1293588d06
[2025-07-14T05:14:05.364+0000] {taskinstance.py:2648} INFO - Exporting env vars: AIRFLOW_CTX_DAG_OWNER='airflow' AIRFLOW_CTX_DAG_ID='airflights_etl_pipeline' AIRFLOW_CTX_TASK_ID='transform' AIRFLOW_CTX_EXECUTION_DATE='2025-07-14T05:12:00+00:00' AIRFLOW_CTX_TRY_NUMBER='1' AIRFLOW_CTX_DAG_RUN_ID='scheduled__2025-07-14T05:12:00+00:00'
[2025-07-14T05:14:05.365+0000] {taskinstance.py:430} INFO - ::endgroup::
[2025-07-14T05:14:05.404+0000] {logging_mixin.py:188} INFO - Data loaded: 5000 rows, 21 columns
[2025-07-14T05:14:05.405+0000] {logging_mixin.py:188} INFO - Columns found: ['YearFlight', 'MonthFlight', 'DayofMonth', 'DayOfWeek', 'DepTime', 'ArrTime', 'UniqueCarrier', 'FlightNum', 'TailNum', 'ActualElapsedTime', 'AirTime', 'ArrDelay', 'DepDelay', 'Origin', 'Dest', 'Distance', 'TaxiIn', 'TaxiOut', 'Cancelled', 'CancellationCode', 'Diverted']
[2025-07-14T05:14:05.408+0000] {logging_mixin.py:188} INFO - Dropped 65 rows with missing DepDelay or ArrDelay.
[2025-07-14T05:14:05.409+0000] {logging_mixin.py:188} INFO - Kolom DepTime tidak ditemukan, TimeOfDay dilewati.
[2025-07-14T05:14:05.438+0000] {logging_mixin.py:188} INFO - Transformed data saved to: /opt/airflow/data/output/transformed.parquet
[2025-07-14T05:14:05.438+0000] {python.py:237} INFO - Done. Returned value was: None
[2025-07-14T05:14:05.439+0000] {taskinstance.py:441} INFO - ::group::Post task execution logs
[2025-07-14T05:14:05.450+0000] {taskinstance.py:1206} INFO - Marking task as SUCCESS. dag_id=airflights_etl_pipeline, task_id=transform, run_id=scheduled__2025-07-14T05:12:00+00:00, execution_date=20250714T051200, start_date=20250714T051404, end_date=20250714T051405
[2025-07-14T05:14:05.515+0000] {local_task_job_runner.py:240} INFO - Task exited with return code 0
[2025-07-14T05:14:05.538+0000] {taskinstance.py:3498} INFO - 1 downstream tasks scheduled from follow-on schedule check
[2025-07-14T05:14:05.575+0000] {local_task_job_runner.py:222} INFO - ::endgroup::
