[2025-07-15T05:17:49.854+0000] {local_task_job_runner.py:120} INFO - ::group::Pre task execution logs
[2025-07-15T05:17:50.016+0000] {taskinstance.py:2076} INFO - Dependencies all met for dep_context=non-requeueable deps ti=<TaskInstance: airflights_etl_pipeline.extract_task.extract4 scheduled__2025-07-15T05:06:00+00:00 [queued]>
[2025-07-15T05:17:50.079+0000] {taskinstance.py:2076} INFO - Dependencies all met for dep_context=requeueable deps ti=<TaskInstance: airflights_etl_pipeline.extract_task.extract4 scheduled__2025-07-15T05:06:00+00:00 [queued]>
[2025-07-15T05:17:50.087+0000] {taskinstance.py:2306} INFO - Starting attempt 1 of 2
[2025-07-15T05:17:50.124+0000] {taskinstance.py:2330} INFO - Executing <Task(PythonOperator): extract_task.extract4> on 2025-07-15 05:06:00+00:00
[2025-07-15T05:17:50.150+0000] {logging_mixin.py:188} WARNING - /home/airflow/.local/lib/python3.12/site-packages/airflow/task/task_runner/standard_task_runner.py:61 DeprecationWarning: This process (pid=4165) is multi-threaded, use of fork() may lead to deadlocks in the child.
[2025-07-15T05:17:50.160+0000] {standard_task_runner.py:63} INFO - Started process 4188 to run task
[2025-07-15T05:17:50.185+0000] {standard_task_runner.py:90} INFO - Running: ['airflow', 'tasks', 'run', 'airflights_etl_pipeline', 'extract_task.extract4', 'scheduled__2025-07-15T05:06:00+00:00', '--job-id', '2082', '--raw', '--subdir', 'DAGS_FOLDER/airflight_pipeline.py', '--cfg-path', '/tmp/tmp6398zx50']
[2025-07-15T05:17:50.192+0000] {standard_task_runner.py:91} INFO - Job 2082: Subtask extract_task.extract4
[2025-07-15T05:17:50.228+0000] {logging_mixin.py:188} WARNING - /home/airflow/.local/lib/python3.12/site-packages/airflow/settings.py:195 DeprecationWarning: The sql_alchemy_conn option in [core] has been moved to the sql_alchemy_conn option in [database] - the old setting has been used, but please update your config.
[2025-07-15T05:18:19.912+0000] {task_command.py:426} INFO - Running <TaskInstance: airflights_etl_pipeline.extract_task.extract4 scheduled__2025-07-15T05:06:00+00:00 [running]> on host 5a1293588d06
[2025-07-15T05:21:26.182+0000] {taskinstance.py:2648} INFO - Exporting env vars: AIRFLOW_CTX_DAG_OWNER='airflow' AIRFLOW_CTX_DAG_ID='airflights_etl_pipeline' AIRFLOW_CTX_TASK_ID='extract_task.extract4' AIRFLOW_CTX_EXECUTION_DATE='2025-07-15T05:06:00+00:00' AIRFLOW_CTX_TRY_NUMBER='1' AIRFLOW_CTX_DAG_RUN_ID='scheduled__2025-07-15T05:06:00+00:00'
[2025-07-15T05:21:26.200+0000] {taskinstance.py:430} INFO - ::endgroup::
[2025-07-15T05:21:28.838+0000] {logging_mixin.py:188} INFO - Extracted batch 4 to /opt/airflow/data/output/extracted_batch4.csv
[2025-07-15T05:21:28.839+0000] {python.py:237} INFO - Done. Returned value was: None
[2025-07-15T05:21:28.841+0000] {taskinstance.py:441} INFO - ::group::Post task execution logs
[2025-07-15T05:21:28.907+0000] {taskinstance.py:1206} INFO - Marking task as SUCCESS. dag_id=airflights_etl_pipeline, task_id=extract_task.extract4, run_id=scheduled__2025-07-15T05:06:00+00:00, execution_date=20250715T050600, start_date=20250715T051750, end_date=20250715T052128
[2025-07-15T05:21:29.056+0000] {local_task_job_runner.py:240} INFO - Task exited with return code 0
[2025-07-15T05:21:29.144+0000] {taskinstance.py:3498} INFO - 0 downstream tasks scheduled from follow-on schedule check
[2025-07-15T05:21:29.198+0000] {local_task_job_runner.py:222} INFO - ::endgroup::
