[2025-07-14T07:14:03.514+0000] {local_task_job_runner.py:120} INFO - ::group::Pre task execution logs
[2025-07-14T07:14:03.553+0000] {taskinstance.py:2076} INFO - Dependencies all met for dep_context=non-requeueable deps ti=<TaskInstance: airflights_etl_pipeline.transform scheduled__2025-07-14T07:12:00+00:00 [queued]>
[2025-07-14T07:14:03.565+0000] {taskinstance.py:2076} INFO - Dependencies all met for dep_context=requeueable deps ti=<TaskInstance: airflights_etl_pipeline.transform scheduled__2025-07-14T07:12:00+00:00 [queued]>
[2025-07-14T07:14:03.600+0000] {taskinstance.py:2306} INFO - Starting attempt 1 of 2
[2025-07-14T07:14:03.619+0000] {taskinstance.py:2330} INFO - Executing <Task(PythonOperator): transform> on 2025-07-14 07:12:00+00:00
[2025-07-14T07:14:03.631+0000] {logging_mixin.py:188} WARNING - /home/airflow/.local/lib/python3.12/site-packages/airflow/task/task_runner/standard_task_runner.py:61 DeprecationWarning: This process (pid=5965) is multi-threaded, use of fork() may lead to deadlocks in the child.
[2025-07-14T07:14:03.633+0000] {standard_task_runner.py:63} INFO - Started process 5967 to run task
[2025-07-14T07:14:03.631+0000] {standard_task_runner.py:90} INFO - Running: ['airflow', 'tasks', 'run', 'airflights_etl_pipeline', 'transform', 'scheduled__2025-07-14T07:12:00+00:00', '--job-id', '1003', '--raw', '--subdir', 'DAGS_FOLDER/airflight_pipeline.py', '--cfg-path', '/tmp/tmpeuphlyn5']
[2025-07-14T07:14:03.634+0000] {standard_task_runner.py:91} INFO - Job 1003: Subtask transform
[2025-07-14T07:14:03.654+0000] {logging_mixin.py:188} WARNING - /home/airflow/.local/lib/python3.12/site-packages/airflow/settings.py:195 DeprecationWarning: The sql_alchemy_conn option in [core] has been moved to the sql_alchemy_conn option in [database] - the old setting has been used, but please update your config.
[2025-07-14T07:14:03.701+0000] {task_command.py:426} INFO - Running <TaskInstance: airflights_etl_pipeline.transform scheduled__2025-07-14T07:12:00+00:00 [running]> on host 5a1293588d06
[2025-07-14T07:14:04.132+0000] {taskinstance.py:2648} INFO - Exporting env vars: AIRFLOW_CTX_DAG_OWNER='airflow' AIRFLOW_CTX_DAG_ID='airflights_etl_pipeline' AIRFLOW_CTX_TASK_ID='transform' AIRFLOW_CTX_EXECUTION_DATE='2025-07-14T07:12:00+00:00' AIRFLOW_CTX_TRY_NUMBER='1' AIRFLOW_CTX_DAG_RUN_ID='scheduled__2025-07-14T07:12:00+00:00'
[2025-07-14T07:14:04.134+0000] {taskinstance.py:430} INFO - ::endgroup::
[2025-07-14T07:14:04.185+0000] {logging_mixin.py:188} INFO - Data loaded: 5000 rows, 21 columns
[2025-07-14T07:14:04.186+0000] {logging_mixin.py:188} INFO - Columns found: ['YearFlight', 'MonthFlight', 'DayofMonth', 'DayOfWeek', 'DepTime', 'ArrTime', 'UniqueCarrier', 'FlightNum', 'TailNum', 'ActualElapsedTime', 'AirTime', 'ArrDelay', 'DepDelay', 'Origin', 'Dest', 'Distance', 'TaxiIn', 'TaxiOut', 'Cancelled', 'CancellationCode', 'Diverted']
[2025-07-14T07:14:04.192+0000] {logging_mixin.py:188} INFO - Dropped 65 rows with missing DepDelay or ArrDelay.
[2025-07-14T07:14:04.193+0000] {logging_mixin.py:188} INFO - Kolom DepTime tidak ditemukan, TimeOfDay dilewati.
[2025-07-14T07:14:04.256+0000] {logging_mixin.py:188} INFO - Transformed data saved to: /opt/airflow/data/output/transformed.parquet
[2025-07-14T07:14:04.257+0000] {python.py:237} INFO - Done. Returned value was: None
[2025-07-14T07:14:04.258+0000] {taskinstance.py:441} INFO - ::group::Post task execution logs
[2025-07-14T07:14:04.281+0000] {taskinstance.py:1206} INFO - Marking task as SUCCESS. dag_id=airflights_etl_pipeline, task_id=transform, run_id=scheduled__2025-07-14T07:12:00+00:00, execution_date=20250714T071200, start_date=20250714T071403, end_date=20250714T071404
[2025-07-14T07:14:04.371+0000] {local_task_job_runner.py:240} INFO - Task exited with return code 0
[2025-07-14T07:14:04.397+0000] {taskinstance.py:3498} INFO - 1 downstream tasks scheduled from follow-on schedule check
[2025-07-14T07:14:04.434+0000] {local_task_job_runner.py:222} INFO - ::endgroup::
