[2025-07-15T06:52:03.182+0000] {local_task_job_runner.py:120} INFO - ::group::Pre task execution logs
[2025-07-15T06:52:03.208+0000] {taskinstance.py:2076} INFO - Dependencies all met for dep_context=non-requeueable deps ti=<TaskInstance: airflights_etl_pipeline.transform scheduled__2025-07-15T06:50:00+00:00 [queued]>
[2025-07-15T06:52:03.216+0000] {taskinstance.py:2076} INFO - Dependencies all met for dep_context=requeueable deps ti=<TaskInstance: airflights_etl_pipeline.transform scheduled__2025-07-15T06:50:00+00:00 [queued]>
[2025-07-15T06:52:03.217+0000] {taskinstance.py:2306} INFO - Starting attempt 1 of 2
[2025-07-15T06:52:03.229+0000] {taskinstance.py:2330} INFO - Executing <Task(PythonOperator): transform> on 2025-07-15 06:50:00+00:00
[2025-07-15T06:52:03.238+0000] {logging_mixin.py:188} WARNING - /home/airflow/.local/lib/python3.12/site-packages/airflow/task/task_runner/standard_task_runner.py:61 DeprecationWarning: This process (pid=6879) is multi-threaded, use of fork() may lead to deadlocks in the child.
[2025-07-15T06:52:03.238+0000] {standard_task_runner.py:90} INFO - Running: ['airflow', 'tasks', 'run', 'airflights_etl_pipeline', 'transform', 'scheduled__2025-07-15T06:50:00+00:00', '--job-id', '2515', '--raw', '--subdir', 'DAGS_FOLDER/airflight_pipeline.py', '--cfg-path', '/tmp/tmp3vv5987q']
[2025-07-15T06:52:03.239+0000] {standard_task_runner.py:63} INFO - Started process 6881 to run task
[2025-07-15T06:52:03.240+0000] {standard_task_runner.py:91} INFO - Job 2515: Subtask transform
[2025-07-15T06:52:03.252+0000] {logging_mixin.py:188} WARNING - /home/airflow/.local/lib/python3.12/site-packages/airflow/settings.py:195 DeprecationWarning: The sql_alchemy_conn option in [core] has been moved to the sql_alchemy_conn option in [database] - the old setting has been used, but please update your config.
[2025-07-15T06:52:03.281+0000] {task_command.py:426} INFO - Running <TaskInstance: airflights_etl_pipeline.transform scheduled__2025-07-15T06:50:00+00:00 [running]> on host 5a1293588d06
[2025-07-15T06:52:03.498+0000] {taskinstance.py:2648} INFO - Exporting env vars: AIRFLOW_CTX_DAG_OWNER='airflow' AIRFLOW_CTX_DAG_ID='airflights_etl_pipeline' AIRFLOW_CTX_TASK_ID='transform' AIRFLOW_CTX_EXECUTION_DATE='2025-07-15T06:50:00+00:00' AIRFLOW_CTX_TRY_NUMBER='1' AIRFLOW_CTX_DAG_RUN_ID='scheduled__2025-07-15T06:50:00+00:00'
[2025-07-15T06:52:03.499+0000] {taskinstance.py:430} INFO - ::endgroup::
[2025-07-15T06:52:03.586+0000] {logging_mixin.py:188} INFO - total rows after combining: 25000
[2025-07-15T06:52:03.591+0000] {logging_mixin.py:188} INFO - Dropped 563 rows with missing DepDelay or ArrDelay.
[2025-07-15T06:52:03.623+0000] {logging_mixin.py:188} INFO - Transformed data saved to: /opt/airflow/data/output/hflights_full.parquet
[2025-07-15T06:52:03.639+0000] {logging_mixin.py:188} INFO - Transformed data saved to: /opt/airflow/data/output/hflights_summary.parquet
[2025-07-15T06:52:03.640+0000] {python.py:237} INFO - Done. Returned value was: None
[2025-07-15T06:52:03.641+0000] {taskinstance.py:441} INFO - ::group::Post task execution logs
[2025-07-15T06:52:03.650+0000] {taskinstance.py:1206} INFO - Marking task as SUCCESS. dag_id=airflights_etl_pipeline, task_id=transform, run_id=scheduled__2025-07-15T06:50:00+00:00, execution_date=20250715T065000, start_date=20250715T065203, end_date=20250715T065203
[2025-07-15T06:52:03.693+0000] {local_task_job_runner.py:240} INFO - Task exited with return code 0
[2025-07-15T06:52:03.711+0000] {taskinstance.py:3498} INFO - 1 downstream tasks scheduled from follow-on schedule check
[2025-07-15T06:52:03.714+0000] {local_task_job_runner.py:222} INFO - ::endgroup::
