[2025-07-15T04:04:39.282+0000] {local_task_job_runner.py:120} INFO - ::group::Pre task execution logs
[2025-07-15T04:04:39.314+0000] {taskinstance.py:2076} INFO - Dependencies all met for dep_context=non-requeueable deps ti=<TaskInstance: airflights_etl_pipeline.transform manual__2025-07-15T04:04:36.835546+00:00 [queued]>
[2025-07-15T04:04:39.324+0000] {taskinstance.py:2076} INFO - Dependencies all met for dep_context=requeueable deps ti=<TaskInstance: airflights_etl_pipeline.transform manual__2025-07-15T04:04:36.835546+00:00 [queued]>
[2025-07-15T04:04:39.357+0000] {taskinstance.py:2306} INFO - Starting attempt 1 of 2
[2025-07-15T04:04:39.373+0000] {taskinstance.py:2330} INFO - Executing <Task(PythonOperator): transform> on 2025-07-15 04:04:36.835546+00:00
[2025-07-15T04:04:39.383+0000] {logging_mixin.py:188} WARNING - /home/airflow/.local/lib/python3.12/site-packages/airflow/task/task_runner/standard_task_runner.py:61 DeprecationWarning: This process (pid=2440) is multi-threaded, use of fork() may lead to deadlocks in the child.
[2025-07-15T04:04:39.383+0000] {standard_task_runner.py:90} INFO - Running: ['airflow', 'tasks', 'run', 'airflights_etl_pipeline', 'transform', 'manual__2025-07-15T04:04:36.835546+00:00', '--job-id', '1832', '--raw', '--subdir', 'DAGS_FOLDER/airflight_pipeline.py', '--cfg-path', '/tmp/tmpur8sm9nw']
[2025-07-15T04:04:39.385+0000] {standard_task_runner.py:63} INFO - Started process 2442 to run task
[2025-07-15T04:04:39.385+0000] {standard_task_runner.py:91} INFO - Job 1832: Subtask transform
[2025-07-15T04:04:39.399+0000] {logging_mixin.py:188} WARNING - /home/airflow/.local/lib/python3.12/site-packages/airflow/settings.py:195 DeprecationWarning: The sql_alchemy_conn option in [core] has been moved to the sql_alchemy_conn option in [database] - the old setting has been used, but please update your config.
[2025-07-15T04:04:39.440+0000] {task_command.py:426} INFO - Running <TaskInstance: airflights_etl_pipeline.transform manual__2025-07-15T04:04:36.835546+00:00 [running]> on host 5a1293588d06
[2025-07-15T04:04:39.725+0000] {taskinstance.py:2648} INFO - Exporting env vars: AIRFLOW_CTX_DAG_OWNER='airflow' AIRFLOW_CTX_DAG_ID='airflights_etl_pipeline' AIRFLOW_CTX_TASK_ID='transform' AIRFLOW_CTX_EXECUTION_DATE='2025-07-15T04:04:36.835546+00:00' AIRFLOW_CTX_TRY_NUMBER='1' AIRFLOW_CTX_DAG_RUN_ID='manual__2025-07-15T04:04:36.835546+00:00'
[2025-07-15T04:04:39.726+0000] {taskinstance.py:430} INFO - ::endgroup::
[2025-07-15T04:04:39.765+0000] {logging_mixin.py:188} INFO - Data loaded: 5000 rows, 21 columns
[2025-07-15T04:04:39.766+0000] {logging_mixin.py:188} INFO - Columns found: ['YearFlight', 'MonthFlight', 'DayofMonth', 'DayOfWeek', 'DepTime', 'ArrTime', 'UniqueCarrier', 'FlightNum', 'TailNum', 'ActualElapsedTime', 'AirTime', 'ArrDelay', 'DepDelay', 'Origin', 'Dest', 'Distance', 'TaxiIn', 'TaxiOut', 'Cancelled', 'CancellationCode', 'Diverted']
[2025-07-15T04:04:39.770+0000] {logging_mixin.py:188} INFO - Dropped 65 rows with missing DepDelay or ArrDelay.
[2025-07-15T04:04:39.771+0000] {logging_mixin.py:188} INFO - Kolom DepTime tidak ditemukan, TimeOfDay dilewati.
[2025-07-15T04:04:39.802+0000] {logging_mixin.py:188} INFO - Transformed data saved to: /opt/airflow/data/output/transformed.parquet
[2025-07-15T04:04:39.824+0000] {logging_mixin.py:188} INFO - Full data saved to: /opt/airflow/data/output/full_data.parquet
[2025-07-15T04:04:39.824+0000] {python.py:237} INFO - Done. Returned value was: None
[2025-07-15T04:04:39.825+0000] {taskinstance.py:441} INFO - ::group::Post task execution logs
[2025-07-15T04:04:39.835+0000] {taskinstance.py:1206} INFO - Marking task as SUCCESS. dag_id=airflights_etl_pipeline, task_id=transform, run_id=manual__2025-07-15T04:04:36.835546+00:00, execution_date=20250715T040436, start_date=20250715T040439, end_date=20250715T040439
[2025-07-15T04:04:39.880+0000] {local_task_job_runner.py:240} INFO - Task exited with return code 0
[2025-07-15T04:04:39.899+0000] {taskinstance.py:3498} INFO - 1 downstream tasks scheduled from follow-on schedule check
[2025-07-15T04:04:39.936+0000] {local_task_job_runner.py:222} INFO - ::endgroup::
