[2025-07-15T04:46:06.314+0000] {local_task_job_runner.py:120} INFO - ::group::Pre task execution logs
[2025-07-15T04:46:06.345+0000] {taskinstance.py:2076} INFO - Dependencies all met for dep_context=non-requeueable deps ti=<TaskInstance: airflights_etl_pipeline.load scheduled__2025-07-15T04:44:00+00:00 [queued]>
[2025-07-15T04:46:06.355+0000] {taskinstance.py:2076} INFO - Dependencies all met for dep_context=requeueable deps ti=<TaskInstance: airflights_etl_pipeline.load scheduled__2025-07-15T04:44:00+00:00 [queued]>
[2025-07-15T04:46:06.359+0000] {taskinstance.py:2306} INFO - Starting attempt 1 of 2
[2025-07-15T04:46:06.373+0000] {taskinstance.py:2330} INFO - Executing <Task(PythonOperator): load> on 2025-07-15 04:44:00+00:00
[2025-07-15T04:46:06.383+0000] {logging_mixin.py:188} WARNING - /home/airflow/.local/lib/python3.12/site-packages/airflow/task/task_runner/standard_task_runner.py:61 DeprecationWarning: This process (pid=3635) is multi-threaded, use of fork() may lead to deadlocks in the child.
[2025-07-15T04:46:06.383+0000] {standard_task_runner.py:90} INFO - Running: ['airflow', 'tasks', 'run', 'airflights_etl_pipeline', 'load', 'scheduled__2025-07-15T04:44:00+00:00', '--job-id', '2011', '--raw', '--subdir', 'DAGS_FOLDER/airflight_pipeline.py', '--cfg-path', '/tmp/tmpcneahmyn']
[2025-07-15T04:46:06.384+0000] {standard_task_runner.py:63} INFO - Started process 3637 to run task
[2025-07-15T04:46:06.385+0000] {standard_task_runner.py:91} INFO - Job 2011: Subtask load
[2025-07-15T04:46:06.408+0000] {logging_mixin.py:188} WARNING - /home/airflow/.local/lib/python3.12/site-packages/airflow/settings.py:195 DeprecationWarning: The sql_alchemy_conn option in [core] has been moved to the sql_alchemy_conn option in [database] - the old setting has been used, but please update your config.
[2025-07-15T04:46:06.443+0000] {task_command.py:426} INFO - Running <TaskInstance: airflights_etl_pipeline.load scheduled__2025-07-15T04:44:00+00:00 [running]> on host 5a1293588d06
[2025-07-15T04:46:06.755+0000] {taskinstance.py:2648} INFO - Exporting env vars: AIRFLOW_CTX_DAG_OWNER='airflow' AIRFLOW_CTX_DAG_ID='airflights_etl_pipeline' AIRFLOW_CTX_TASK_ID='load' AIRFLOW_CTX_EXECUTION_DATE='2025-07-15T04:44:00+00:00' AIRFLOW_CTX_TRY_NUMBER='1' AIRFLOW_CTX_DAG_RUN_ID='scheduled__2025-07-15T04:44:00+00:00'
[2025-07-15T04:46:06.757+0000] {taskinstance.py:430} INFO - ::endgroup::
[2025-07-15T04:46:06.766+0000] {logging_mixin.py:188} INFO - Membaca file summary: /opt/airflow/data/output/transformed.parquet
[2025-07-15T04:46:06.794+0000] {logging_mixin.py:188} INFO - Summary: 15 rows, 3 columns
[2025-07-15T04:46:06.873+0000] {logging_mixin.py:188} INFO - Summary disimpan ke tabel: flights_summary
[2025-07-15T04:46:06.876+0000] {logging_mixin.py:188} INFO - Membaca file full: /opt/airflow/data/output/transformed.parquet
[2025-07-15T04:46:06.886+0000] {logging_mixin.py:188} INFO - Full: 15 rows, 3 columns
[2025-07-15T04:46:06.906+0000] {logging_mixin.py:188} INFO - Full disimpan ke tabel: flights_full
[2025-07-15T04:46:06.909+0000] {logging_mixin.py:188} INFO - Kedua dataset berhasil dimuat ke PostgreSQL.
[2025-07-15T04:46:06.910+0000] {python.py:237} INFO - Done. Returned value was: None
[2025-07-15T04:46:06.911+0000] {taskinstance.py:441} INFO - ::group::Post task execution logs
[2025-07-15T04:46:06.921+0000] {taskinstance.py:1206} INFO - Marking task as SUCCESS. dag_id=airflights_etl_pipeline, task_id=load, run_id=scheduled__2025-07-15T04:44:00+00:00, execution_date=20250715T044400, start_date=20250715T044606, end_date=20250715T044606
[2025-07-15T04:46:06.960+0000] {local_task_job_runner.py:240} INFO - Task exited with return code 0
[2025-07-15T04:46:06.978+0000] {taskinstance.py:3498} INFO - 0 downstream tasks scheduled from follow-on schedule check
[2025-07-15T04:46:07.013+0000] {local_task_job_runner.py:222} INFO - ::endgroup::
