[2025-07-14T05:30:06.665+0000] {local_task_job_runner.py:120} INFO - ::group::Pre task execution logs
[2025-07-14T05:30:06.702+0000] {taskinstance.py:2076} INFO - Dependencies all met for dep_context=non-requeueable deps ti=<TaskInstance: airflights_etl_pipeline.load scheduled__2025-07-14T05:28:00+00:00 [queued]>
[2025-07-14T05:30:06.714+0000] {taskinstance.py:2076} INFO - Dependencies all met for dep_context=requeueable deps ti=<TaskInstance: airflights_etl_pipeline.load scheduled__2025-07-14T05:28:00+00:00 [queued]>
[2025-07-14T05:30:06.750+0000] {taskinstance.py:2306} INFO - Starting attempt 1 of 2
[2025-07-14T05:30:06.769+0000] {taskinstance.py:2330} INFO - Executing <Task(PythonOperator): load> on 2025-07-14 05:28:00+00:00
[2025-07-14T05:30:06.780+0000] {logging_mixin.py:188} WARNING - /home/airflow/.local/lib/python3.12/site-packages/airflow/task/task_runner/standard_task_runner.py:61 DeprecationWarning: This process (pid=3416) is multi-threaded, use of fork() may lead to deadlocks in the child.
[2025-07-14T05:30:06.782+0000] {standard_task_runner.py:63} INFO - Started process 3418 to run task
[2025-07-14T05:30:06.780+0000] {standard_task_runner.py:90} INFO - Running: ['airflow', 'tasks', 'run', 'airflights_etl_pipeline', 'load', 'scheduled__2025-07-14T05:28:00+00:00', '--job-id', '640', '--raw', '--subdir', 'DAGS_FOLDER/airflight_pipeline.py', '--cfg-path', '/tmp/tmp9cxjilm3']
[2025-07-14T05:30:06.783+0000] {standard_task_runner.py:91} INFO - Job 640: Subtask load
[2025-07-14T05:30:06.808+0000] {logging_mixin.py:188} WARNING - /home/airflow/.local/lib/python3.12/site-packages/airflow/settings.py:195 DeprecationWarning: The sql_alchemy_conn option in [core] has been moved to the sql_alchemy_conn option in [database] - the old setting has been used, but please update your config.
[2025-07-14T05:30:06.853+0000] {task_command.py:426} INFO - Running <TaskInstance: airflights_etl_pipeline.load scheduled__2025-07-14T05:28:00+00:00 [running]> on host 5a1293588d06
[2025-07-14T05:30:07.210+0000] {taskinstance.py:2648} INFO - Exporting env vars: AIRFLOW_CTX_DAG_OWNER='airflow' AIRFLOW_CTX_DAG_ID='airflights_etl_pipeline' AIRFLOW_CTX_TASK_ID='load' AIRFLOW_CTX_EXECUTION_DATE='2025-07-14T05:28:00+00:00' AIRFLOW_CTX_TRY_NUMBER='1' AIRFLOW_CTX_DAG_RUN_ID='scheduled__2025-07-14T05:28:00+00:00'
[2025-07-14T05:30:07.212+0000] {taskinstance.py:430} INFO - ::endgroup::
[2025-07-14T05:30:07.308+0000] {logging_mixin.py:188} INFO - Data loaded to PostgreSQL table flights_summary
[2025-07-14T05:30:07.309+0000] {python.py:237} INFO - Done. Returned value was: None
[2025-07-14T05:30:07.310+0000] {taskinstance.py:441} INFO - ::group::Post task execution logs
[2025-07-14T05:30:07.323+0000] {taskinstance.py:1206} INFO - Marking task as SUCCESS. dag_id=airflights_etl_pipeline, task_id=load, run_id=scheduled__2025-07-14T05:28:00+00:00, execution_date=20250714T052800, start_date=20250714T053006, end_date=20250714T053007
[2025-07-14T05:30:07.358+0000] {local_task_job_runner.py:240} INFO - Task exited with return code 0
[2025-07-14T05:30:07.378+0000] {taskinstance.py:3498} INFO - 0 downstream tasks scheduled from follow-on schedule check
[2025-07-14T05:30:07.387+0000] {local_task_job_runner.py:222} INFO - ::endgroup::
