[2025-07-15T05:31:27.852+0000] {local_task_job_runner.py:120} INFO - ::group::Pre task execution logs
[2025-07-15T05:31:27.896+0000] {taskinstance.py:2076} INFO - Dependencies all met for dep_context=non-requeueable deps ti=<TaskInstance: airflights_etl_pipeline.transform manual__2025-07-15T05:30:23.341493+00:00 [queued]>
[2025-07-15T05:31:27.909+0000] {taskinstance.py:2076} INFO - Dependencies all met for dep_context=requeueable deps ti=<TaskInstance: airflights_etl_pipeline.transform manual__2025-07-15T05:30:23.341493+00:00 [queued]>
[2025-07-15T05:31:27.943+0000] {taskinstance.py:2306} INFO - Starting attempt 2 of 2
[2025-07-15T05:31:27.964+0000] {taskinstance.py:2330} INFO - Executing <Task(PythonOperator): transform> on 2025-07-15 05:30:23.341493+00:00
[2025-07-15T05:31:27.978+0000] {standard_task_runner.py:90} INFO - Running: ['airflow', 'tasks', 'run', 'airflights_etl_pipeline', 'transform', 'manual__2025-07-15T05:30:23.341493+00:00', '--job-id', '2179', '--raw', '--subdir', 'DAGS_FOLDER/airflight_pipeline.py', '--cfg-path', '/tmp/tmp94ohuapg']
[2025-07-15T05:31:27.979+0000] {logging_mixin.py:188} WARNING - /home/airflow/.local/lib/python3.12/site-packages/airflow/task/task_runner/standard_task_runner.py:61 DeprecationWarning: This process (pid=4663) is multi-threaded, use of fork() may lead to deadlocks in the child.
[2025-07-15T05:31:27.981+0000] {standard_task_runner.py:91} INFO - Job 2179: Subtask transform
[2025-07-15T05:31:27.981+0000] {standard_task_runner.py:63} INFO - Started process 4665 to run task
[2025-07-15T05:31:28.011+0000] {logging_mixin.py:188} WARNING - /home/airflow/.local/lib/python3.12/site-packages/airflow/settings.py:195 DeprecationWarning: The sql_alchemy_conn option in [core] has been moved to the sql_alchemy_conn option in [database] - the old setting has been used, but please update your config.
[2025-07-15T05:31:28.059+0000] {task_command.py:426} INFO - Running <TaskInstance: airflights_etl_pipeline.transform manual__2025-07-15T05:30:23.341493+00:00 [running]> on host 5a1293588d06
[2025-07-15T05:31:28.383+0000] {taskinstance.py:2648} INFO - Exporting env vars: AIRFLOW_CTX_DAG_OWNER='airflow' AIRFLOW_CTX_DAG_ID='airflights_etl_pipeline' AIRFLOW_CTX_TASK_ID='transform' AIRFLOW_CTX_EXECUTION_DATE='2025-07-15T05:30:23.341493+00:00' AIRFLOW_CTX_TRY_NUMBER='2' AIRFLOW_CTX_DAG_RUN_ID='manual__2025-07-15T05:30:23.341493+00:00'
[2025-07-15T05:31:28.384+0000] {taskinstance.py:430} INFO - ::endgroup::
[2025-07-15T05:31:28.395+0000] {taskinstance.py:441} INFO - ::group::Post task execution logs
[2025-07-15T05:31:28.396+0000] {taskinstance.py:2905} ERROR - Task failed with exception
Traceback (most recent call last):
  File "/home/airflow/.local/lib/python3.12/site-packages/airflow/models/taskinstance.py", line 465, in _execute_task
    result = _execute_callable(context=context, **execute_callable_kwargs)
             ^^^^^^^^^^^^^^^^^^^^^^^^^^^^^^^^^^^^^^^^^^^^^^^^^^^^^^^^^^^^^
  File "/home/airflow/.local/lib/python3.12/site-packages/airflow/models/taskinstance.py", line 432, in _execute_callable
    return execute_callable(context=context, **execute_callable_kwargs)
           ^^^^^^^^^^^^^^^^^^^^^^^^^^^^^^^^^^^^^^^^^^^^^^^^^^^^^^^^^^^^
  File "/home/airflow/.local/lib/python3.12/site-packages/airflow/models/baseoperator.py", line 400, in wrapper
    return func(self, *args, **kwargs)
           ^^^^^^^^^^^^^^^^^^^^^^^^^^^
  File "/home/airflow/.local/lib/python3.12/site-packages/airflow/operators/python.py", line 235, in execute
    return_value = self.execute_callable()
                   ^^^^^^^^^^^^^^^^^^^^^^^
  File "/home/airflow/.local/lib/python3.12/site-packages/airflow/operators/python.py", line 252, in execute_callable
    return self.python_callable(*self.op_args, **self.op_kwargs)
           ^^^^^^^^^^^^^^^^^^^^^^^^^^^^^^^^^^^^^^^^^^^^^^^^^^^^^
  File "/opt/airflow/scripts/transform_data.py", line 5, in transform_etl
    df = pd.read_csv(input_file)
         ^^^^^^^^^^^^^^^^^^^^^^^
  File "/home/airflow/.local/lib/python3.12/site-packages/pandas/io/parsers/readers.py", line 948, in read_csv
    return _read(filepath_or_buffer, kwds)
           ^^^^^^^^^^^^^^^^^^^^^^^^^^^^^^^
  File "/home/airflow/.local/lib/python3.12/site-packages/pandas/io/parsers/readers.py", line 611, in _read
    parser = TextFileReader(filepath_or_buffer, **kwds)
             ^^^^^^^^^^^^^^^^^^^^^^^^^^^^^^^^^^^^^^^^^^
  File "/home/airflow/.local/lib/python3.12/site-packages/pandas/io/parsers/readers.py", line 1448, in __init__
    self._engine = self._make_engine(f, self.engine)
                   ^^^^^^^^^^^^^^^^^^^^^^^^^^^^^^^^^
  File "/home/airflow/.local/lib/python3.12/site-packages/pandas/io/parsers/readers.py", line 1705, in _make_engine
    self.handles = get_handle(
                   ^^^^^^^^^^^
  File "/home/airflow/.local/lib/python3.12/site-packages/pandas/io/common.py", line 863, in get_handle
    handle = open(
             ^^^^^
FileNotFoundError: [Errno 2] No such file or directory: '/opt/airflow/data/extracted_batch5.csv'
[2025-07-15T05:31:28.411+0000] {taskinstance.py:1206} INFO - Marking task as FAILED. dag_id=airflights_etl_pipeline, task_id=transform, run_id=manual__2025-07-15T05:30:23.341493+00:00, execution_date=20250715T053023, start_date=20250715T053127, end_date=20250715T053128
[2025-07-15T05:31:28.431+0000] {standard_task_runner.py:110} ERROR - Failed to execute job 2179 for task transform ([Errno 2] No such file or directory: '/opt/airflow/data/extracted_batch5.csv'; 4665)
[2025-07-15T05:31:28.478+0000] {local_task_job_runner.py:240} INFO - Task exited with return code 1
[2025-07-15T05:31:28.501+0000] {taskinstance.py:3498} INFO - 0 downstream tasks scheduled from follow-on schedule check
[2025-07-15T05:31:28.545+0000] {local_task_job_runner.py:222} INFO - ::endgroup::
