[2025-07-15T08:44:05.144+0000] {local_task_job_runner.py:120} INFO - ::group::Pre task execution logs
[2025-07-15T08:44:05.174+0000] {taskinstance.py:2076} INFO - Dependencies all met for dep_context=non-requeueable deps ti=<TaskInstance: airflights_etl_pipeline.load scheduled__2025-07-15T08:42:00+00:00 [queued]>
[2025-07-15T08:44:05.183+0000] {taskinstance.py:2076} INFO - Dependencies all met for dep_context=requeueable deps ti=<TaskInstance: airflights_etl_pipeline.load scheduled__2025-07-15T08:42:00+00:00 [queued]>
[2025-07-15T08:44:05.217+0000] {taskinstance.py:2306} INFO - Starting attempt 1 of 2
[2025-07-15T08:44:05.231+0000] {taskinstance.py:2330} INFO - Executing <Task(PythonOperator): load> on 2025-07-15 08:42:00+00:00
[2025-07-15T08:44:05.241+0000] {logging_mixin.py:188} WARNING - /home/airflow/.local/lib/python3.12/site-packages/airflow/task/task_runner/standard_task_runner.py:61 DeprecationWarning: This process (pid=10162) is multi-threaded, use of fork() may lead to deadlocks in the child.
[2025-07-15T08:44:05.242+0000] {standard_task_runner.py:63} INFO - Started process 10164 to run task
[2025-07-15T08:44:05.241+0000] {standard_task_runner.py:90} INFO - Running: ['airflow', 'tasks', 'run', 'airflights_etl_pipeline', 'load', 'scheduled__2025-07-15T08:42:00+00:00', '--job-id', '2971', '--raw', '--subdir', 'DAGS_FOLDER/airflight_pipeline.py', '--cfg-path', '/tmp/tmpo3xqjnt_']
[2025-07-15T08:44:05.243+0000] {standard_task_runner.py:91} INFO - Job 2971: Subtask load
[2025-07-15T08:44:05.261+0000] {logging_mixin.py:188} WARNING - /home/airflow/.local/lib/python3.12/site-packages/airflow/settings.py:195 DeprecationWarning: The sql_alchemy_conn option in [core] has been moved to the sql_alchemy_conn option in [database] - the old setting has been used, but please update your config.
[2025-07-15T08:44:05.298+0000] {task_command.py:426} INFO - Running <TaskInstance: airflights_etl_pipeline.load scheduled__2025-07-15T08:42:00+00:00 [running]> on host 5a1293588d06
[2025-07-15T08:44:06.506+0000] {taskinstance.py:2648} INFO - Exporting env vars: AIRFLOW_CTX_DAG_OWNER='airflow' AIRFLOW_CTX_DAG_ID='airflights_etl_pipeline' AIRFLOW_CTX_TASK_ID='load' AIRFLOW_CTX_EXECUTION_DATE='2025-07-15T08:42:00+00:00' AIRFLOW_CTX_TRY_NUMBER='1' AIRFLOW_CTX_DAG_RUN_ID='scheduled__2025-07-15T08:42:00+00:00'
[2025-07-15T08:44:06.508+0000] {taskinstance.py:430} INFO - ::endgroup::
[2025-07-15T08:44:08.114+0000] {logging_mixin.py:188} INFO - Data loaded to PostgreSQL table flights_summary
[2025-07-15T08:44:08.590+0000] {logging_mixin.py:188} INFO - Data loaded to PostgreSQL table flights_timeofday
[2025-07-15T08:44:08.591+0000] {python.py:237} INFO - Done. Returned value was: None
[2025-07-15T08:44:08.592+0000] {taskinstance.py:441} INFO - ::group::Post task execution logs
[2025-07-15T08:44:08.602+0000] {taskinstance.py:1206} INFO - Marking task as SUCCESS. dag_id=airflights_etl_pipeline, task_id=load, run_id=scheduled__2025-07-15T08:42:00+00:00, execution_date=20250715T084200, start_date=20250715T084405, end_date=20250715T084408
[2025-07-15T08:44:08.663+0000] {local_task_job_runner.py:240} INFO - Task exited with return code 0
[2025-07-15T08:44:08.680+0000] {taskinstance.py:3498} INFO - 0 downstream tasks scheduled from follow-on schedule check
[2025-07-15T08:44:08.720+0000] {local_task_job_runner.py:222} INFO - ::endgroup::
